[0.0 1:0x7d1] 
[0.0 1:0x787] 
[0.0 1:0x74f] 
[0.0 1:0x7b3] 
[0.0 1:0x7a3] 
[0.0 1:0x18da2bf1] 
[0.0 1:0x18da60f1] 
[0.0 1:0x18da10f1] 
[0.0 1:0x712] 
[0.0 1:0x757] 
[0.0 1:0x18da53f1] 
[0.0 1:0x7b1] 
[0.0 1:0x18da1ef1] 
[0.0 1:0x18da61f1] 
[0.0 0:0x74f] 
[0.0 1:0x18da28f1] 
[0.0 1:0x7d4] 
[0.0 1:0x7e0] 
[0.0 1:0x7c4] 
[0.0 1:0x715] 
[0.0 1:0x7e1] 
[0.0 0:0x712] 
[0.0 1:0x7a2] 
[0.0 0:0x757] 
[0.0 1:0x7d0] 
[0.0 1:0x18dab5f1] 
[0.0 1:0x7c6] 
[0.0 1:0x7b0] 
[0.0 1:0x18da0bf1] 
[0.0 1:0x18da30f1] 
[0.0 1:0x7b7] 
[0.0 0:0x7e0] 
[0.0 1:0x18daeff1] 
[0.0 1:0x746] 
[0.0 1:0x730] 
[0.0 0:0x715] 
[0.0 0:0x7e1] 
[0.0 1:0x18dab0f1] 
[0.226399063 1:0x7e0] 
[0.226455313 1:0x7d0] 
[0.330381875 0:0x7b1] 
[0.330486302 0:0x7d0] 
[0.538794271 1:0x7b7] 
[0.53883125 1:0x7d0] 
[0.645262031 0:0x7b1] 
[0.64535474 0:0x7d0] 
[0.755645 0:0x7c6] 
[0.755778594 0:0x7d1] 
[0.755805208 0:0x7c4] 
[0.755930729 0:0x7b1] 
[0.756006563 0:0x7b7] 
[0.75605401 0:0x7d0] 
[0.77492349 0:0x7e1] 
[0.865326875 1:0x730] 
[0.865412344 1:0x7b1] 
[0.865484531 1:0x7e1] 
[0.865504062 1:0x7d0] 
[0.987676562 0:0x706] 
[0.987777917 0:0x7e1] 
[0.987817604 0:0x764] 
[1.005086615 0:0x764] 
[1.013997396 0:0x7e0] 
[1.02431776 0:0x760] 
[1.189580677 1:0x706] 
[1.18971 1:0x7e0] 
[1.18975875 1:0x7d0] 
[1.189818854 1:0x760] 
[1.298284531 0:0x760] 
[1.308678698 0:0x7e0] 
[1.308725312 0:0x764] 
[1.308784479 0:0x730] 
[1.321433854 0:0x706] 
[1.321597187 0:0x764] 
[1.328479166 0:0x730] 
[1.328610625 0:0x760] 
[1.368540156 0:0x760] 
[1.408950573 0:0x730] 
[1.428201666 0:0x730] 
[1.448875052 0:0x706] 
[1.518389948 0:0x760] 
[1.528622187 0:0x730] 
[1.548808958 0:0x760] 
[1.618819271 0:0x760] 
[1.627882396 0:0x730] 
[1.649242291 0:0x760] 
[1.727999427 0:0x7d0] 
[1.748685312 0:0x706] 
[1.829232083 0:0x7d0] 
[1.939122395 0:0x7d0] 
[2.048153072 0:0x7d0] 
[2.148393281 0:0x7d0] 
[2.258275572 0:0x7d0] 
[2.358857083 0:0x7d0] 
[2.379197395 0:0x706] 
[2.468672031 0:0x706] 
[2.48849552 0:0x706] 
[2.499319687 0:0x706] 
[2.508023333 0:0x706] 
[2.519798281 0:0x706] 
[2.529592187 0:0x706] 
[2.561156562 0:0x791] 
[2.561349479 0:0x7e1] 
[2.561368385 0:0x701] 
[2.668593541 0:0x780] 
[2.668804739 0:0x701] 
[2.668825624 0:0x7e2] 
[2.77960026 0:0x7b0] 
[2.77976927 0:0x7c4] 
[2.779829322 0:0x7e1] 
[2.779885572 0:0x7e2] 
[2.787882499 0:0x7e0] 
[2.798368385 0:0x7e0] 
[2.798464635 0:0x7e1] 
[2.808529895 0:0x7e0] 
[2.808635885 0:0x7e1] 
[2.821517187 0:0x7e1] 
[2.889337968 0:0x750] 
[2.99851828 0:0x750] 
[3.108573124 0:0x750] 
[3.21901026 0:0x750] 
[3.334049009 0:0x753] 
[3.438700051 0:0x7e0] 
[3.438736926 0:0x7e2] 
[3.539420832 0:0x7e1] 
[3.560664791 1:0x7b0] 
[3.560771822 1:0x787] 
[3.668375676 0:0x787] 
[3.778095624 0:0x787] 
[3.878920572 0:0x787] 
[3.988629426 0:0x7a2] 
[3.988712551 0:0x787] 
[3.998627447 0:0x7e0] 
[4.009502447 0:0x7e1] 
[4.21013078 1:0x7b0] 
[4.210233957 1:0x787] 
[4.438230207 1:0x715] 
[4.438250676 1:0x712] 
[4.545767707 1:0x7e0] 
[4.545832447 1:0x7e1] 
[4.771746248 1:0x715] 
[4.771766405 1:0x712] 
[4.883322551 1:0x7e0] 
[4.883438853 1:0x7e1] 
[4.991421613 0:0x715] 
[4.991444894 0:0x712] 
[5.101718853 0:0x7e1] 
[5.123785936 0:0x721] 
[5.123864373 0:0x720] 
[5.142377863 0:0x720] 
[5.243067446 0:0x743] 
[5.243206977 0:0x7e0] 
[5.351920623 0:0x740] 
[5.351986925 0:0x7e0] 
[5.461660363 0:0x18dad0f1] 
[5.461740727 0:0x7e0] 
[5.571335623 0:0x743] 
[5.571479061 0:0x740] 
[5.57154729 0:0x7e0] 
[5.797217654 1:0x742] 
[5.797264321 1:0x7e0] 
[5.897743852 1:0x18dad0f1] 
[5.897810727 1:0x707] 
[5.897832602 1:0x7e0] 
[6.008402967 1:0x18dad0f1] 
[6.00847005 1:0x707] 
[6.008492133 1:0x7e0] 
[6.118320102 1:0x18dad0f1] 
[6.118395831 1:0x707] 
[6.118418123 1:0x7e0] 
[6.240057758 0:0x730] 
[6.247919217 0:0x730] 
[6.25883656 0:0x730] 
[6.26851531 0:0x730] 
[6.278590988 0:0x64d] 
[9.837429476 0:CAM_LANEINFO] 
[9.837429476 0:CAM_LKAS] 
[9.846870413 0:CAM_LKAS] 
[9.856653642 0:CAM_LKAS] 
[9.874438226 0:CAM_LKAS] 
[9.880600674 0:CAM_LKAS] 
[9.886692497 0:CAM_LKAS] 
[9.897935569 0:CAM_LKAS] 
[9.906029267 0:CAM_LKAS] 
[9.916487132 0:CAM_LKAS] 
[9.92773083 0:CAM_LKAS] 
[9.936958851 0:CAM_LKAS] 
[9.946778851 0:CAM_LKAS] 
[9.956845674 0:CAM_LKAS] 
[9.965760205 0:CAM_LKAS] 
[9.976391663 0:CAM_LKAS] 
[9.986138174 0:CAM_LKAS] 
[9.996236507 0:CAM_LKAS] 
[10.006593382 0:CAM_LKAS] 
[10.01693484 0:CAM_LKAS] 
[10.026450413 0:CAM_LKAS] 
[10.036230309 0:CAM_LKAS] 
[10.048990049 0:CAM_LKAS] 
[10.056163278 0:CAM_LKAS] 
[10.066492809 0:CAM_LKAS] 
[10.077750986 0:CAM_LKAS] 
[10.087025726 0:CAM_LKAS] 
[10.096712965 0:CAM_LKAS] 
[10.106191976 0:CAM_LKAS] 
[10.116385153 0:CAM_LKAS] 
[10.12730833 0:CAM_LKAS] 
[10.137033226 0:CAM_LKAS] 
[10.147101246 0:CAM_LKAS] 
[10.156544371 0:CAM_LKAS] 
[10.166685309 0:CAM_LKAS] 
[10.176882028 0:CAM_LKAS] 
[10.186350257 0:CAM_LKAS] 
[10.197884892 0:CAM_LKAS] 
[10.206837549 0:CAM_LKAS] 
[10.216151403 0:CAM_LKAS] 
[10.22830734 0:CAM_LKAS] 
[10.236130726 0:CAM_LKAS] 
[10.247206403 0:CAM_LKAS] 
[10.256812496 0:CAM_LKAS] 
[10.265870673 0:CAM_LKAS] 
[10.277637757 0:CAM_LKAS] 
[10.28639833 0:CAM_LKAS] 
[10.297597132 0:CAM_LKAS] 
[10.306815413 0:CAM_LKAS] 
[10.316032444 0:CAM_LKAS] 
[10.327756507 0:CAM_LKAS] 
[10.336484007 0:CAM_LANEINFO] 
[10.336484007 0:CAM_LKAS] 
[10.348065153 0:CAM_LKAS] 
[10.356200153 0:CAM_LKAS] 
[10.366529996 0:CAM_LKAS] 
[10.37785984 0:CAM_LKAS] 
[10.386943798 0:CAM_LKAS] 
[10.396621038 0:CAM_LKAS] 
[10.406474215 0:CAM_LKAS] 
[10.416739632 0:CAM_LKAS] 
[10.426730257 0:CAM_LKAS] 
[10.436153226 0:CAM_LKAS] 
[10.44733734 0:CAM_LKAS] 
[10.456870934 0:CAM_LKAS] 
[10.466084528 0:CAM_LKAS] 
[10.477783694 0:CAM_LKAS] 
[10.486594684 0:CAM_LKAS] 
[10.497908694 0:CAM_LKAS] 
[10.505902757 0:CAM_LKAS] 
[10.516277132 0:CAM_LKAS] 
[10.527246611 0:CAM_LKAS] 
[10.537111871 0:CAM_LKAS] 
[10.547239319 0:CAM_LKAS] 
[10.556798642 0:CAM_LKAS] 
[10.565708955 0:CAM_LKAS] 
[10.577390517 0:CAM_LKAS] 
[10.586318538 0:CAM_LKAS] 
[10.597309996 0:CAM_LKAS] 
[10.606702496 0:CAM_LKAS] 
[10.615893538 0:CAM_LKAS] 
[10.626565465 0:CAM_LKAS] 
[10.636459528 0:CAM_LKAS] 
[10.64778708 0:CAM_LKAS] 
[10.656012861 0:CAM_LKAS] 
[10.666094996 0:CAM_LKAS] 
[10.677430205 0:CAM_LKAS] 
[10.686562236 0:CAM_LKAS] 
[10.697388173 0:CAM_LKAS] 
[10.706835777 0:CAM_LKAS] 
[10.715951507 0:CAM_LKAS] 
[10.727701611 0:CAM_LKAS] 
[10.736531559 0:CAM_LKAS] 
[10.74791708 0:CAM_LKAS] 
[10.756186715 0:CAM_LKAS] 
[10.766338382 0:CAM_LKAS] 
[10.777837132 0:CAM_LKAS] 
[10.786912861 0:CAM_LKAS] 
[10.797266038 0:CAM_LKAS] 
[10.806364215 0:CAM_LKAS] 
[10.816748069 0:CAM_LKAS] 
[10.827594475 0:CAM_LKAS] 
[10.83655859 0:CAM_LANEINFO] 
[10.83655859 0:CAM_LKAS] 
[10.847888694 0:CAM_LKAS] 
[10.856270934 0:CAM_LKAS] 
[10.866397705 0:CAM_LKAS] 
[10.877614996 0:CAM_LKAS] 
[10.886801663 0:CAM_LKAS] 
[10.89650484 0:CAM_LKAS] 
[10.906162809 0:CAM_LKAS] 
[10.916195777 0:CAM_LKAS] 
[10.928025777 0:CAM_LKAS] 
[10.937083434 0:CAM_LKAS] 
[10.946740361 0:CAM_LKAS] 
[10.956562444 0:CAM_LKAS] 
[10.966794267 0:CAM_LKAS] 
[10.977256246 0:CAM_LKAS] 
[10.986183694 0:CAM_LKAS] 
[10.996873694 0:CAM_LKAS] 
[11.00648135 0:CAM_LKAS] 
[11.016604423 0:CAM_LKAS] 
[11.028345257 0:CAM_LKAS] 
[11.036089163 0:CAM_LKAS] 
[11.047472913 0:CAM_LKAS] 
[11.05693385 0:CAM_LKAS] 
[11.066191871 0:CAM_LKAS] 
[11.078216611 0:CAM_LKAS] 
[11.086752236 0:CAM_LKAS] 
[11.097748434 0:CAM_LKAS] 
[11.106091819 0:CAM_LKAS] 
[11.116365673 0:CAM_LKAS] 
[11.127483642 0:CAM_LKAS] 
[11.136920517 0:CAM_LKAS] 
[11.14708635 0:CAM_LKAS] 
[11.156674059 0:CAM_LKAS] 
[11.16666635 0:CAM_LKAS] 
[11.17681484 0:CAM_LKAS] 
[11.186249059 0:CAM_LKAS] 
[11.197454006 0:CAM_LKAS] 
[11.206469996 0:CAM_LKAS] 
[11.216710777 0:CAM_LKAS] 
[11.228257184 0:CAM_LKAS] 
[11.236262027 0:CAM_LKAS] 
[11.247478173 0:CAM_LKAS] 
[11.256077184 0:CAM_LKAS] 
[11.266196663 0:CAM_LKAS] 
[11.278107913 0:CAM_LKAS] 
[11.286655048 0:CAM_LKAS] 
[11.297341142 0:CAM_LKAS] 
[11.306003017 0:CAM_LKAS] 
[11.316307288 0:CAM_LKAS] 
[11.328082965 0:CAM_LKAS] 
[11.336725517 0:CAM_LANEINFO] 
[11.336725517 0:CAM_LKAS] 
[11.348192861 0:CAM_LKAS] 
[11.356406558 0:CAM_LKAS] 
[11.366636454 0:CAM_LKAS] 
[11.3783576 0:CAM_LKAS] 
[11.386443069 0:CAM_LKAS] 
[11.397397131 0:CAM_LKAS] 
[11.406956246 0:CAM_LKAS] 
[11.416171923 0:CAM_LKAS] 
[11.427838069 0:CAM_LKAS] 
[11.436878225 0:CAM_LKAS] 
[11.446676454 0:CAM_LKAS] 
[11.456832808 0:CAM_LKAS] 
[11.466782861 0:CAM_LKAS] 
[11.477639267 0:CAM_LKAS] 
[11.486461663 0:CAM_LKAS] 
[11.497250517 0:CAM_LKAS] 
[11.506572392 0:CAM_LKAS] 
[11.516788173 0:CAM_LKAS] 
[11.527403173 0:CAM_LKAS] 
[11.536154631 0:CAM_LKAS] 
[11.547069006 0:CAM_LKAS] 
[11.556888902 0:CAM_LKAS] 
[11.565988798 0:CAM_LKAS] 
[11.577678642 0:CAM_LKAS] 
[11.586419423 0:CAM_LKAS] 
[11.59730411 0:CAM_LKAS] 
[11.606861402 0:CAM_LKAS] 
[11.61592635 0:CAM_LKAS] 
[11.627823798 0:CAM_LKAS] 
[11.636779944 0:CAM_LKAS] 
[11.648144892 0:CAM_LKAS] 
[11.656424267 0:CAM_LKAS] 
[11.666671767 0:CAM_LKAS] 
[11.677947079 0:CAM_LKAS] 
[11.686266558 0:CAM_LKAS] 
[11.697363329 0:CAM_LKAS] 
[11.706808225 0:CAM_LKAS] 
[11.716027913 0:CAM_LKAS] 
[11.728233694 0:CAM_LKAS] 
[11.736627756 0:CAM_LKAS] 
[11.74782411 0:CAM_LKAS] 
[11.756276715 0:CAM_LKAS] 
[11.766465725 0:CAM_LKAS] 
[11.778320204 0:CAM_LKAS] 
[11.786949787 0:CAM_LKAS] 
[11.796195829 0:CAM_LKAS] 
[11.80621885 0:CAM_LKAS] 
[11.816343537 0:CAM_LKAS] 
[11.827997131 0:CAM_LKAS] 
[11.837177548 0:CAM_LANEINFO] 
[11.837177548 0:CAM_LKAS] 
[11.84709234 0:CAM_LKAS] 
[11.856627079 0:CAM_LKAS] 
[11.866891767 0:CAM_LKAS] 
[11.87734135 0:CAM_LKAS] 
[11.886356506 0:CAM_LKAS] 
[11.897498485 0:CAM_LKAS] 
[11.906686246 0:CAM_LKAS] 
[11.91599859 0:CAM_LKAS] 
[11.927942392 0:CAM_LKAS] 
[11.936717235 0:CAM_LKAS] 
[11.947666194 0:CAM_LKAS] 
[11.956657131 0:CAM_LKAS] 
[11.966759267 0:CAM_LKAS] 
[11.977562808 0:CAM_LKAS] 
[11.986155204 0:CAM_LKAS] 
[11.997080569 0:CAM_LKAS] 
[12.006498329 0:CAM_LKAS] 
[12.016869319 0:CAM_LKAS] 
[12.027261454 0:CAM_LKAS] 
[12.036290881 0:CAM_LKAS] 
[12.047790256 0:CAM_LKAS] 
[12.056079058 0:CAM_LKAS] 
[12.066159058 0:CAM_LKAS] 
[12.077617444 0:CAM_LKAS] 
[12.086750933 0:CAM_LKAS] 
[12.098776767 0:CAM_LKAS] 
[12.106160673 0:CAM_LKAS] 
[12.116207548 0:CAM_LKAS] 
[12.127278381 0:CAM_LKAS] 
[12.136848381 0:CAM_LKAS] 
[12.146548954 0:CAM_LKAS] 
[12.156494423 0:CAM_LKAS] 
[12.166763277 0:CAM_LKAS] 
[12.176590881 0:CAM_LKAS] 
[12.186299631 0:CAM_LKAS] 
[12.197354006 0:CAM_LKAS] 
[12.206654839 0:CAM_LKAS] 
[12.216111558 0:CAM_LKAS] 
[12.226893225 0:CAM_LKAS] 
[12.236610152 0:CAM_LKAS] 
[12.247802027 0:CAM_LKAS] 
[12.256160464 0:CAM_LKAS] 
[12.266386402 0:CAM_LKAS] 
[12.277218641 0:CAM_LKAS] 
[12.285819787 0:CAM_LKAS] 
[12.297074058 0:CAM_LKAS] 
[12.306305412 0:CAM_LKAS] 
[12.316589944 0:CAM_LKAS] 
[12.327414996 0:CAM_LKAS] 
[12.3370026 0:CAM_LANEINFO] 
[12.3370026 0:CAM_LKAS] 
[12.347051246 0:CAM_LKAS] 
[12.356538069 0:CAM_LKAS] 
[12.366559423 0:CAM_LKAS] 
[12.377819266 0:CAM_LKAS] 
[12.386102183 0:CAM_LKAS] 
[12.396677964 0:CAM_LKAS] 
[12.406461819 0:CAM_LKAS] 
[12.416671818 0:CAM_LKAS] 
[12.427711975 0:CAM_LKAS] 
[12.436040621 0:CAM_LKAS] 
[12.447500777 0:CAM_LKAS] 
[12.456944371 0:CAM_LKAS] 
[12.46606385 0:CAM_LKAS] 
[12.477533693 0:CAM_LKAS] 
[12.486442235 0:CAM_LKAS] 
[12.497190725 0:CAM_LKAS] 
[12.506711246 0:CAM_LKAS] 
[12.515926558 0:CAM_LKAS] 
[12.527758798 0:CAM_LKAS] 
[12.536765308 0:CAM_LKAS] 
[12.548215048 0:CAM_LKAS] 
[12.556369475 0:CAM_LKAS] 
[12.566501402 0:CAM_LKAS] 
[12.578204527 0:CAM_LKAS] 
[12.585872027 0:CAM_LKAS] 
[12.597157496 0:CAM_LKAS] 
[12.606582652 0:CAM_LKAS] 
[12.616761558 0:CAM_LKAS] 
[12.627301923 0:CAM_LKAS] 
[12.63631937 0:CAM_LKAS] 
[12.647242808 0:CAM_LKAS] 
[12.6569876 0:CAM_LKAS] 
[12.666099995 0:CAM_LKAS] 
[12.677445933 0:CAM_LKAS] 
[12.68632286 0:CAM_LKAS] 
[12.697102704 0:CAM_LKAS] 
[12.706696402 0:CAM_LKAS] 
[12.715801245 0:CAM_LKAS] 
[12.727096298 0:CAM_LKAS] 
[12.73643911 0:CAM_LKAS] 
[12.747809787 0:CAM_LKAS] 
[12.756094787 0:CAM_LKAS] 
[12.76642812 0:CAM_LKAS] 
[12.777408068 0:CAM_LKAS] 
[12.786811662 0:CAM_LKAS] 
[12.797058173 0:CAM_LKAS] 
[12.806213537 0:CAM_LKAS] 
[12.816531193 0:CAM_LKAS] 
[12.827975464 0:CAM_LKAS] 
[12.83612437 0:CAM_LANEINFO] 
[12.83612437 0:CAM_LKAS] 
[12.847314318 0:CAM_LKAS] 
[12.858942183 0:CAM_LKAS] 
[12.865887339 0:CAM_LKAS] 
[12.876847443 0:CAM_LKAS] 
[12.886556975 0:CAM_LKAS] 
[12.897376558 0:CAM_LKAS] 
[12.905935464 0:CAM_LKAS] 
[12.916096558 0:CAM_LKAS] 
[12.927305204 0:CAM_LKAS] 
[12.93666385 0:CAM_LKAS] 
[12.947843589 0:CAM_LKAS] 
[12.956230256 0:CAM_LKAS] 
[12.966455777 0:CAM_LKAS] 
[12.977874631 0:CAM_LKAS] 
[12.987045672 0:CAM_LKAS] 
[12.99677411 0:CAM_LKAS] 
[13.006272495 0:CAM_LKAS] 
[13.016575256 0:CAM_LKAS] 
[13.027684058 0:CAM_LKAS] 
[13.036123745 0:CAM_LKAS] 
[13.047420777 0:CAM_LKAS] 
[13.056998902 0:CAM_LKAS] 
[13.066052183 0:CAM_LKAS] 
[13.077125724 0:CAM_LKAS] 
[13.086386141 0:CAM_LKAS] 
[13.09735036 0:CAM_LKAS] 
[13.106842547 0:CAM_LKAS] 
[13.116494683 0:CAM_LKAS] 
[13.126603641 0:CAM_LKAS] 
[13.136819839 0:CAM_LKAS] 
[13.148056141 0:CAM_LKAS] 
[13.156436922 0:CAM_LKAS] 
[13.166393485 0:CAM_LKAS] 
[13.177254995 0:CAM_LKAS] 
[13.185979891 0:CAM_LKAS] 
[13.19711036 0:CAM_LKAS] 
[13.206509058 0:CAM_LKAS] 
[13.216652964 0:CAM_LKAS] 
[13.226585256 0:CAM_LKAS] 
[13.236680256 0:CAM_LKAS] 
[13.247874891 0:CAM_LKAS] 
[13.256436349 0:CAM_LKAS] 
[13.266568849 0:CAM_LKAS] 
[13.277247808 0:CAM_LKAS] 
[13.285995412 0:CAM_LKAS] 
[13.297313068 0:CAM_LKAS] 
[13.30647687 0:CAM_LKAS] 
[13.317062912 0:CAM_LKAS] 
[13.326245933 0:CAM_LKAS] 
[13.336613381 0:CAM_LANEINFO] 
[13.336613381 0:CAM_LKAS] 
[13.347924058 0:CAM_LKAS] 
[13.356322808 0:CAM_LKAS] 
[13.366230204 0:CAM_LKAS] 
[13.377170412 0:CAM_LKAS] 
[13.38710161 0:CAM_LKAS] 
[13.397125204 0:CAM_LKAS] 
[13.406367599 0:CAM_LKAS] 
[13.416553433 0:CAM_LKAS] 
[13.427385568 0:CAM_LKAS] 
[13.437306506 0:CAM_LKAS] 
[13.447485516 0:CAM_LKAS] 
[13.456888381 0:CAM_LKAS] 
[13.465885672 0:CAM_LKAS] 
[13.476850204 0:CAM_LKAS] 
[13.486489943 0:CAM_LKAS] 
[13.497668381 0:CAM_LKAS] 
[13.506155151 0:CAM_LKAS] 
[13.516042026 0:CAM_LKAS] 
[13.526798485 0:CAM_LKAS] 
[13.536908068 0:CAM_LKAS] 
[13.548025308 0:CAM_LKAS] 
[13.556493172 0:CAM_LKAS] 
[13.566571714 0:CAM_LKAS] 
[13.577164214 0:CAM_LKAS] 
[13.587154214 0:CAM_LKAS] 
[13.597238016 0:CAM_LKAS] 
[13.606336974 0:CAM_LKAS] 
[13.616563016 0:CAM_LKAS] 
[13.627317339 0:CAM_LKAS] 
[13.636303016 0:CAM_LKAS] 
[13.647618589 0:CAM_LKAS] 
[13.656916089 0:CAM_LKAS] 
[13.665753068 0:CAM_LKAS] 
[13.67646536 0:CAM_LKAS] 
[13.686609474 0:CAM_LKAS] 
[13.697891349 0:CAM_LKAS] 
[13.706063797 0:CAM_LKAS] 
[13.716022808 0:CAM_LKAS] 
[13.726820776 0:CAM_LKAS] 
[13.736929214 0:CAM_LKAS] 
[13.748309266 0:CAM_LKAS] 
[13.756629214 0:CAM_LKAS] 
[13.76664161 0:CAM_LKAS] 
[13.77742062 0:CAM_LKAS] 
[13.786213016 0:CAM_LKAS] 
[13.797486974 0:CAM_LKAS] 
[13.806511974 0:CAM_LKAS] 
[13.816789005 0:CAM_LKAS] 
[13.826245203 0:CAM_LKAS] 
[13.836594266 0:CAM_LANEINFO] 
[13.836594266 0:CAM_LKAS] 
[13.847797495 0:CAM_LKAS] 
[13.856215047 0:CAM_LKAS] 
[13.866284214 0:CAM_LKAS] 
[13.877241662 0:CAM_LKAS] 
[13.886973745 0:CAM_LKAS] 
[13.896700724 0:CAM_LKAS] 
[13.906381558 0:CAM_LKAS] 
[13.916530985 0:CAM_LKAS] 
[13.926995933 0:CAM_LKAS] 
[13.936963797 0:CAM_LKAS] 
[13.947238485 0:CAM_LKAS] 
[13.956645151 0:CAM_LKAS] 
[13.966717599 0:CAM_LKAS] 
[13.976306818 0:CAM_LKAS] 
[13.986129995 0:CAM_LKAS] 
[13.997360255 0:CAM_LKAS] 
[14.006439214 0:CAM_LKAS] 
[14.01678937 0:CAM_LKAS] 
[14.026093901 0:CAM_LKAS] 
[14.036166974 0:CAM_LKAS] 
[14.047337703 0:CAM_LKAS] 
[14.056911349 0:CAM_LKAS] 
[14.065884422 0:CAM_LKAS] 
[14.076753328 0:CAM_LKAS] 
[14.086291714 0:CAM_LKAS] 
[14.097317391 0:CAM_LKAS] 
[14.106731662 0:CAM_LKAS] 
[14.116929422 0:CAM_LKAS] 
[14.127306922 0:CAM_LKAS] 
[14.137231037 0:CAM_LKAS] 
[14.14784286 0:CAM_LKAS] 
[14.156281714 0:CAM_LKAS] 
[14.166552234 0:CAM_LKAS] 
[14.177197182 0:CAM_LKAS] 
[14.18611588 0:CAM_LKAS] 
[14.197178693 0:CAM_LKAS] 
[14.206601766 0:CAM_LKAS] 
[14.216732703 0:CAM_LKAS] 
[14.226394109 0:CAM_LKAS] 
[14.236233641 0:CAM_LKAS] 
[14.247571609 0:CAM_LKAS] 
[14.256032443 0:CAM_LKAS] 
[14.265947078 0:CAM_LKAS] 
[14.276682339 0:CAM_LKAS] 
[14.286601505 0:CAM_LKAS] 
[14.297914682 0:CAM_LKAS] 
[14.30602338 0:CAM_LKAS] 
[14.316319266 0:CAM_LKAS] 
[14.327033641 0:CAM_LKAS] 
[14.336793589 0:CAM_LANEINFO] 
[14.336793589 0:CAM_LKAS] 
[14.346878745 0:CAM_LKAS] 
[14.356611193 0:CAM_LKAS] 
[14.36657687 0:CAM_LKAS] 
[14.377426714 0:CAM_LKAS] 
[14.385879578 0:CAM_LKAS] 
[14.396975203 0:CAM_LKAS] 
[14.406241714 0:CAM_LKAS] 
[14.416570932 0:CAM_LKAS] 
[14.427606714 0:CAM_LKAS] 
[14.436187026 0:CAM_LKAS] 
[14.447328276 0:CAM_LKAS] 
[14.456841557 0:CAM_LKAS] 
[14.466047651 0:CAM_LKAS] 
[14.476747339 0:CAM_LKAS] 
[14.486579005 0:CAM_LKAS] 
[14.49761062 0:CAM_LKAS] 
[14.505751036 0:CAM_LKAS] 
[14.515866297 0:CAM_LKAS] 
[14.526767703 0:CAM_LKAS] 
[14.536425203 0:CAM_LKAS] 
[14.547702339 0:CAM_LKAS] 
[14.556200568 0:CAM_LKAS] 
[14.566308641 0:CAM_LKAS] 
[14.577387339 0:CAM_LKAS] 
[14.586960568 0:CAM_LKAS] 
[14.59661562 0:CAM_LKAS] 
[14.606257286 0:CAM_LKAS] 
[14.616433276 0:CAM_LKAS] 
[14.627190359 0:CAM_LKAS] 
[14.635979422 0:CAM_LKAS] 
[14.647217443 0:CAM_LKAS] 
[14.656854838 0:CAM_LKAS] 
[14.665709057 0:CAM_LKAS] 
[14.67642062 0:CAM_LKAS] 
[14.686204422 0:CAM_LKAS] 
[14.697134838 0:CAM_LKAS] 
[14.706478693 0:CAM_LKAS] 
[14.716847703 0:CAM_LKAS] 
[14.726399474 0:CAM_LKAS] 
[14.736333901 0:CAM_LKAS] 
[14.747527703 0:CAM_LKAS] 
[14.755999422 0:CAM_LKAS] 
[14.766018641 0:CAM_LKAS] 
[14.777215359 0:CAM_LKAS] 
[14.786514005 0:CAM_LKAS] 
[14.797446453 0:CAM_LKAS] 
[14.805939891 0:CAM_LKAS] 
[14.816028015 0:CAM_LKAS] 
[14.826576765 0:CAM_LKAS] 
[14.836586505 0:CAM_LANEINFO] 
[14.836586505 0:CAM_LKAS] 
[14.848181765 0:CAM_LKAS] 
[14.856282338 0:CAM_LKAS] 
[14.866533849 0:CAM_LKAS] 
[14.87694239 0:CAM_LKAS] 
[14.886800568 0:CAM_LKAS] 
[14.896942599 0:CAM_LKAS] 
[14.906202651 0:CAM_LKAS] 
[14.91663864 0:CAM_LKAS] 
[14.926998068 0:CAM_LKAS] 
[14.936114318 0:CAM_LKAS] 
[14.947334578 0:CAM_LKAS] 
[14.956852859 0:CAM_LKAS] 
[14.965763276 0:CAM_LKAS] 
[14.976542026 0:CAM_LKAS] 
[14.986326245 0:CAM_LKAS] 
[14.997534005 0:CAM_LKAS] 
[15.006776974 0:CAM_LKAS] 
[15.015913953 0:CAM_LKAS] 
[15.026494734 0:CAM_LKAS] 
[15.036413692 0:CAM_LKAS] 
[15.047565359 0:CAM_LKAS] 
[15.056238901 0:CAM_LKAS] 
[15.066425047 0:CAM_LKAS] 
[15.077020151 0:CAM_LKAS] 
[15.086859526 0:CAM_LKAS] 
[15.096921036 0:CAM_LKAS] 
[15.106290463 0:CAM_LKAS] 
[15.116454995 0:CAM_LKAS] 
[15.127538276 0:CAM_LKAS] 
[15.136893953 0:CAM_LKAS] 
[15.148027286 0:CAM_LKAS] 
[15.156880567 0:CAM_LKAS] 
[15.165779161 0:CAM_LKAS] 
[15.176497599 0:CAM_LKAS] 
[15.186366557 0:CAM_LKAS] 
[15.197112755 0:CAM_LKAS] 
[15.206725463 0:CAM_LKAS] 
[15.215659995 0:CAM_LKAS] 
[15.22653437 0:CAM_LKAS] 
[15.236643849 0:CAM_LKAS] 
[15.247882859 0:CAM_LKAS] 
[15.256369161 0:CAM_LKAS] 
[15.26636614 0:CAM_LKAS] 
[15.276993901 0:CAM_LKAS] 
[15.285923119 0:CAM_LKAS] 
[15.297247286 0:CAM_LKAS] 
[15.306408328 0:CAM_LKAS] 
[15.31655088 0:CAM_LKAS] 
[15.325752807 0:CAM_LKAS] 
[15.33595364 0:CAM_LANEINFO] 
[15.33595364 0:CAM_LKAS] 
[15.347327338 0:CAM_LKAS] 
[15.356944213 0:CAM_LKAS] 
[15.365948744 0:CAM_LKAS] 
[15.376453797 0:CAM_LKAS] 
[15.386483276 0:CAM_LKAS] 
[15.397063432 0:CAM_LKAS] 
[15.406684578 0:CAM_LKAS] 
[15.415805151 0:CAM_LKAS] 
[15.426300567 0:CAM_LKAS] 
[15.436395307 0:CAM_LKAS] 
[15.447886869 0:CAM_LKAS] 
[15.456154838 0:CAM_LKAS] 
[15.466245619 0:CAM_LKAS] 
[15.476928901 0:CAM_LKAS] 
[15.486749474 0:CAM_LKAS] 
[15.496557026 0:CAM_LKAS] 
[15.506122599 0:CAM_LKAS] 
[15.51627088 0:CAM_LKAS] 
[15.52684213 0:CAM_LKAS] 
[15.536816349 0:CAM_LKAS] 
[15.54689364 0:CAM_LKAS] 
[15.556516869 0:CAM_LKAS] 
[15.566637859 0:CAM_LKAS] 
[15.577904005 0:CAM_LKAS] 
[15.585965359 0:CAM_LKAS] 
[15.596526661 0:CAM_LKAS] 
[15.606408328 0:CAM_LKAS] 
[15.616598276 0:CAM_LKAS] 
[15.627268796 0:CAM_LKAS] 
[15.636006244 0:CAM_LKAS] 
[15.647463328 0:CAM_LKAS] 
[15.656942911 0:CAM_LKAS] 
[15.666023119 0:CAM_LKAS] 
[15.676324057 0:CAM_LKAS] 
[15.686602026 0:CAM_LKAS] 
[15.69777088 0:CAM_LKAS] 
[15.705941661 0:CAM_LKAS] 
[15.716179786 0:CAM_LKAS] 
[15.72696088 0:CAM_LKAS] 
[15.736690619 0:CAM_LKAS] 
[15.747866296 0:CAM_LKAS] 
[15.756441244 0:CAM_LKAS] 
[15.766553119 0:CAM_LKAS] 
[15.777121401 0:CAM_LKAS] 
[15.786792911 0:CAM_LKAS] 
[15.796862286 0:CAM_LKAS] 
[15.806240463 0:CAM_LKAS] 
[15.81645114 0:CAM_LKAS] 
[15.827084682 0:CAM_LKAS] 
[15.835971296 0:CAM_LANEINFO] 
[15.835971296 0:CAM_LKAS] 
[15.84716114 0:CAM_LKAS] 
[15.856632703 0:CAM_LKAS] 
[15.865849473 0:CAM_LKAS] 
[15.876607911 0:CAM_LKAS] 
[15.886340671 0:CAM_LKAS] 
[15.897343848 0:CAM_LKAS] 
[15.906720151 0:CAM_LKAS] 
[15.915794942 0:CAM_LKAS] 
[15.926492078 0:CAM_LKAS] 
[15.936639994 0:CAM_LKAS] 
[15.947656453 0:CAM_LKAS] 
[15.95630765 0:CAM_LKAS] 
[15.966452963 0:CAM_LKAS] 
[15.977173223 0:CAM_LKAS] 
[15.985974005 0:CAM_LKAS] 
[15.997300984 0:CAM_LKAS] 
[16.006410828 0:CAM_LKAS] 
[16.016706348 0:CAM_LKAS] 
[16.02618864 0:CAM_LKAS] 
[16.036294838 0:CAM_LKAS] 
[16.047548796 0:CAM_LKAS] 
[16.0560214 0:CAM_LKAS] 
[16.066057755 0:CAM_LKAS] 
[16.076808015 0:CAM_LKAS] 
[16.086570046 0:CAM_LKAS] 
[16.09735765 0:CAM_LKAS] 
[16.106796088 0:CAM_LKAS] 
[16.115899265 0:CAM_LKAS] 
[16.126537807 0:CAM_LKAS] 
[16.136510463 0:CAM_LKAS] 
[16.14791838 0:CAM_LKAS] 
[16.156170567 0:CAM_LKAS] 
[16.166191713 0:CAM_LKAS] 
[16.177852442 0:CAM_LKAS] 
[16.186890567 0:CAM_LKAS] 
[16.196671921 0:CAM_LKAS] 
[16.20650088 0:CAM_LKAS] 
[16.216701088 0:CAM_LKAS] 
[16.227415463 0:CAM_LKAS] 
[16.23603739 0:CAM_LKAS] 
[16.247377859 0:CAM_LKAS] 
[16.256945827 0:CAM_LKAS] 
[16.266066609 0:CAM_LKAS] 
[16.277132963 0:CAM_LKAS] 
[16.286729369 0:CAM_LKAS] 
[16.298004109 0:CAM_LKAS] 
[16.306147025 0:CAM_LKAS] 
[16.316342859 0:CAM_LKAS] 
[16.327165671 0:CAM_LKAS] 
[16.336884265 0:CAM_LANEINFO] 
[16.336884265 0:CAM_LKAS] 
[16.347152442 0:CAM_LKAS] 
[16.356704109 0:CAM_LKAS] 
[16.366629734 0:CAM_LKAS] 
[16.376204734 0:CAM_LKAS] 
[16.386330619 0:CAM_LKAS] 
[16.397444838 0:CAM_LKAS] 
[16.406700202 0:CAM_LKAS] 
[16.415737077 0:CAM_LKAS] 
[16.426212754 0:CAM_LKAS] 
[16.436399213 0:CAM_LKAS] 
[16.447755827 0:CAM_LKAS] 
[16.45609364 0:CAM_LKAS] 
[16.466060567 0:CAM_LKAS] 
[16.476832598 0:CAM_LKAS] 
[16.486639734 0:CAM_LKAS] 
[16.497647859 0:CAM_LKAS] 
[16.506095411 0:CAM_LKAS] 
[16.516233588 0:CAM_LKAS] 
[16.526927129 0:CAM_LKAS] 
[16.536734994 0:CAM_LKAS] 
[16.547904213 0:CAM_LKAS] 
[16.55646739 0:CAM_LKAS] 
[16.56667364 0:CAM_LKAS] 
[16.577533588 0:CAM_LKAS] 
[16.586365254 0:CAM_LKAS] 
[16.597320098 0:CAM_LKAS] 
[16.606611504 0:CAM_LKAS] 
[16.61567765 0:CAM_LKAS] 
[16.626288275 0:CAM_LKAS] 
[16.636263796 0:CAM_LKAS] 
[16.647463588 0:CAM_LKAS] 
[16.655994786 0:CAM_LKAS] 
[16.666112286 0:CAM_LKAS] 
[16.676606192 0:CAM_LKAS] 
[16.686657859 0:CAM_LKAS] 
[16.697657806 0:CAM_LKAS] 
[16.705910723 0:CAM_LKAS] 
[16.716168327 0:CAM_LKAS] 
[16.727374681 0:CAM_LKAS] 
[16.736621869 0:CAM_LKAS] 
[16.747699786 0:CAM_LKAS] 
[16.756219734 0:CAM_LKAS] 
[16.766355515 0:CAM_LKAS] 
[16.777020567 0:CAM_LKAS] 
[16.786766556 0:CAM_LKAS] 
[16.796796817 0:CAM_LKAS] 
[16.806134161 0:CAM_LKAS] 
[16.816425775 0:CAM_LKAS] 
[16.827236869 0:CAM_LKAS] 
[16.836050931 0:CAM_LANEINFO] 
[16.836050931 0:CAM_LKAS] 
[16.847902598 0:CAM_LKAS] 
[16.857134265 0:CAM_LKAS] 
[16.866173171 0:CAM_LKAS] 
[16.876675619 0:CAM_LKAS] 
[16.886707129 0:CAM_LKAS] 
[16.897673431 0:CAM_LKAS] 
[16.905910515 0:CAM_LKAS] 
[16.915969629 0:CAM_LKAS] 
[16.926279213 0:CAM_LKAS] 
[16.936402911 0:CAM_LKAS] 
[16.946846088 0:CAM_LKAS] 
[16.95655765 0:CAM_LKAS] 
[16.966249369 0:CAM_LKAS] 
[16.977085827 0:CAM_LKAS] 
[16.986739994 0:CAM_LKAS] 
[16.997761713 0:CAM_LKAS] 
[17.005928431 0:CAM_LKAS] 
[17.016268275 0:CAM_LKAS] 
[17.027202442 0:CAM_LKAS] 
[17.036916244 0:CAM_LKAS] 
[17.046679785 0:CAM_LKAS] 
[17.056575358 0:CAM_LKAS] 
[17.066608067 0:CAM_LKAS] 
[17.076174421 0:CAM_LKAS] 
[17.086318067 0:CAM_LKAS] 
[17.097450567 0:CAM_LKAS] 
[17.106737285 0:CAM_LKAS] 
[17.115905723 0:CAM_LKAS] 
[17.126445723 0:CAM_LKAS] 
[17.136537858 0:CAM_LKAS] 
[17.147793692 0:CAM_LKAS] 
[17.156088692 0:CAM_LKAS] 
[17.16625489 0:CAM_LKAS] 
[17.1768839 0:CAM_LKAS] 
[17.186681817 0:CAM_LKAS] 
[17.198840567 0:CAM_LKAS] 
[17.20643114 0:CAM_LKAS] 
[17.216337285 0:CAM_LKAS] 
[17.227106296 0:CAM_LKAS] 
[17.236879369 0:CAM_LKAS] 
[17.246884421 0:CAM_LKAS] 
[17.256605202 0:CAM_LKAS] 
[17.266594942 0:CAM_LKAS] 
[17.277431973 0:CAM_LKAS] 
[17.286051608 0:CAM_LKAS] 
[17.297277233 0:CAM_LKAS] 
[17.306495358 0:CAM_LKAS] 
[17.316808223 0:CAM_LKAS] 
[17.326142442 0:CAM_LKAS] 
[17.336198535 0:CAM_LANEINFO] 
[17.336198535 0:CAM_LKAS] 
[17.347275098 0:CAM_LKAS] 
[17.356957754 0:CAM_LKAS] 
[17.36592041 0:CAM_LKAS] 
[17.37696364 0:CAM_LKAS] 
[17.386327077 0:CAM_LKAS] 
[17.39742239 0:CAM_LKAS] 
[17.40678765 0:CAM_LKAS] 
[17.416003327 0:CAM_LKAS] 
[17.426998483 0:CAM_LKAS] 
[17.436734942 0:CAM_LKAS] 
[17.448002025 0:CAM_LKAS] 
[17.456403483 0:CAM_LKAS] 
[17.46633765 0:CAM_LKAS] 
[17.477391504 0:CAM_LKAS] 
[17.486915462 0:CAM_LKAS] 
[17.496855671 0:CAM_LKAS] 
[17.506176087 0:CAM_LKAS] 
[17.516351296 0:CAM_LKAS] 
[17.527133171 0:CAM_LKAS] 
[17.536927077 0:CAM_LKAS] 
[17.547301139 0:CAM_LKAS] 
[17.556739473 0:CAM_LKAS] 
[17.565989577 0:CAM_LKAS] 
[17.576581712 0:CAM_LKAS] 
[17.586451764 0:CAM_LKAS] 
[17.597570202 0:CAM_LKAS] 
[17.606822546 0:CAM_LKAS] 
[17.61589541 0:CAM_LKAS] 
[17.626354994 0:CAM_LKAS] 
[17.636373223 0:CAM_LKAS] 
[17.647517129 0:CAM_LKAS] 
[17.656017754 0:CAM_LKAS] 
[17.665856608 0:CAM_LKAS] 
[17.676704733 0:CAM_LKAS] 
[17.686689056 0:CAM_LKAS] 
[17.697982129 0:CAM_LKAS] 
[17.706267285 0:CAM_LKAS] 
[17.716722441 0:CAM_LKAS] 
[17.727722181 0:CAM_LKAS] 
[17.736158275 0:CAM_LKAS] 
[17.747661348 0:CAM_LKAS] 
[17.756957077 0:CAM_LKAS] 
[17.765908691 0:CAM_LKAS] 
[17.777331504 0:CAM_LKAS] 
[17.786516921 0:CAM_LKAS] 
[17.797821712 0:CAM_LKAS] 
[17.806949994 0:CAM_LKAS] 
[17.816010306 0:CAM_LKAS] 
[17.826456348 0:CAM_LKAS] 
[17.836493431 0:CAM_LANEINFO] 
[17.836493431 0:CAM_LKAS] 
[17.848095306 0:CAM_LKAS] 
[17.856285983 0:CAM_LKAS] 
[17.866452962 0:CAM_LKAS] 
[17.877197858 0:CAM_LKAS] 
[17.886797806 0:CAM_LKAS] 
[17.896501296 0:CAM_LKAS] 
[17.906079785 0:CAM_LKAS] 
[17.916170827 0:CAM_LKAS] 
[17.926842493 0:CAM_LKAS] 
[17.936758952 0:CAM_LKAS] 
[17.947830983 0:CAM_LKAS] 
[17.956263118 0:CAM_LKAS] 
[17.96630515 0:CAM_LKAS] 
[17.977046243 0:CAM_LKAS] 
[17.986987858 0:CAM_LKAS] 
[17.996827285 0:CAM_LKAS] 
[18.006242285 0:CAM_LKAS] 
[18.016574941 0:CAM_LKAS] 
[18.0273564 0:CAM_LKAS] 
[18.036167806 0:CAM_LKAS] 
[18.047635566 0:CAM_LKAS] 
[18.057028223 0:CAM_LKAS] 
[18.066211191 0:CAM_LKAS] 
[18.077053952 0:CAM_LKAS] 
[18.086696921 0:CAM_LKAS] 
[18.098147598 0:CAM_LKAS] 
[18.106131035 0:CAM_LKAS] 
[18.116217077 0:CAM_LKAS] 
[18.127069629 0:CAM_LKAS] 
[18.137082025 0:CAM_LKAS] 
[18.146330775 0:CAM_LKAS] 
[18.15685567 0:CAM_LKAS] 
[18.165813275 0:CAM_LKAS] 
[18.17642916 0:CAM_LKAS] 
[18.186350983 0:CAM_LKAS] 
[18.197803483 0:CAM_LKAS] 
[18.206734577 0:CAM_LKAS] 
[18.216302025 0:CAM_LKAS] 
[18.227120827 0:CAM_LKAS] 
[18.236908118 0:CAM_LKAS] 
[18.246905306 0:CAM_LKAS] 
[18.256632285 0:CAM_LKAS] 
[18.266721868 0:CAM_LKAS] 
[18.277616504 0:CAM_LKAS] 
[18.286326452 0:CAM_LKAS] 
[18.297724629 0:CAM_LKAS] 
[18.30664916 0:CAM_LKAS] 
[18.31731317 0:CAM_LKAS] 
[18.326852441 0:CAM_LKAS] 
[18.336738379 0:CAM_LANEINFO] 
[18.336738379 0:CAM_LKAS] 
[18.348544733 0:CAM_LKAS] 
[18.356344889 0:CAM_LKAS] 
[18.366581243 0:CAM_LKAS] 
[18.377179316 0:CAM_LKAS] 
[18.386282962 0:CAM_LKAS] 
[18.397215827 0:CAM_LKAS] 
[18.40643515 0:CAM_LKAS] 
[18.416667754 0:CAM_LKAS] 
[18.427673743 0:CAM_LKAS] 
[18.435960722 0:CAM_LKAS] 
[18.447322389 0:CAM_LKAS] 
[18.4569789 0:CAM_LKAS] 
[18.466081556 0:CAM_LKAS] 
[18.476712337 0:CAM_LKAS] 
[18.486585827 0:CAM_LKAS] 
[18.498018118 0:CAM_LKAS] 
[18.506022858 0:CAM_LKAS] 
[18.516284264 0:CAM_LKAS] 
[18.527212493 0:CAM_LKAS] 
[18.537006608 0:CAM_LKAS] 
[18.547057077 0:CAM_LKAS] 
[18.556669108 0:CAM_LKAS] 
[18.566754941 0:CAM_LKAS] 
[18.576403587 0:CAM_LKAS] 
[18.586185149 0:CAM_LKAS] 
[18.597328066 0:CAM_LKAS] 
[18.60651041 0:CAM_LKAS] 
[18.616734524 0:CAM_LKAS] 
[18.626474368 0:CAM_LKAS] 
[18.636487493 0:CAM_LKAS] 
[18.647633587 0:CAM_LKAS] 
[18.657164785 0:CAM_LKAS] 
[18.666277545 0:CAM_LKAS] 
[18.676868014 0:CAM_LKAS] 
[18.686792129 0:CAM_LKAS] 
[18.698216452 0:CAM_LKAS] 
[18.706068847 0:CAM_LKAS] 
[18.716347962 0:CAM_LKAS] 
[18.727137545 0:CAM_LKAS] 
[18.736649368 0:CAM_LKAS] 
[18.747911451 0:CAM_LKAS] 
[18.756367649 0:CAM_LKAS] 
[18.766530774 0:CAM_LKAS] 
[18.777341451 0:CAM_LKAS] 
[18.786781712 0:CAM_LKAS] 
[18.797082129 0:CAM_LKAS] 
[18.806154056 0:CAM_LKAS] 
[18.816529993 0:CAM_LKAS] 
[18.827285306 0:CAM_LKAS] 
[18.836299785 0:CAM_LANEINFO] 
[18.836299785 0:CAM_LKAS] 
[18.847871087 0:CAM_LKAS] 
[18.857130618 0:CAM_LKAS] 
[18.865990045 0:CAM_LKAS] 
[18.87696541 0:CAM_LKAS] 
[18.886789056 0:CAM_LKAS] 
[18.898245722 0:CAM_LKAS] 
[18.906533483 0:CAM_LKAS] 
[18.91646666 0:CAM_LKAS] 
[18.927795306 0:CAM_LKAS] 
[18.936214368 0:CAM_LKAS] 
[18.946875826 0:CAM_LKAS] 
[18.956900566 0:CAM_LKAS] 
[18.965591139 0:CAM_LKAS] 
[18.97625541 0:CAM_LKAS] 
[18.986470566 0:CAM_LKAS] 
[18.997551764 0:CAM_LKAS] 
[19.006784576 0:CAM_LKAS] 
[19.016845462 0:CAM_LKAS] 
[19.026359524 0:CAM_LKAS] 
[19.036495097 0:CAM_LKAS] 
[19.047822597 0:CAM_LKAS] 
[19.056149316 0:CAM_LKAS] 
[19.066224368 0:CAM_LKAS] 
[19.076887441 0:CAM_LKAS] 
[19.086970462 0:CAM_LKAS] 
[19.096924212 0:CAM_LKAS] 
[19.106251608 0:CAM_LKAS] 
[19.116492233 0:CAM_LKAS] 
[19.127633222 0:CAM_LKAS] 
[19.136219368 0:CAM_LKAS] 
[19.147402389 0:CAM_LKAS] 
[19.156977753 0:CAM_LKAS] 
[19.165701868 0:CAM_LKAS] 
[19.176280826 0:CAM_LKAS] 
[19.186648743 0:CAM_LKAS] 
[19.198216087 0:CAM_LKAS] 
[19.207158535 0:CAM_LKAS] 
[19.21606468 0:CAM_LKAS] 
[19.226837076 0:CAM_LKAS] 
[19.237543639 0:CAM_LKAS] 
[19.248314628 0:CAM_LKAS] 
[19.256556608 0:CAM_LKAS] 
[19.266785253 0:CAM_LKAS] 
[19.276233014 0:CAM_LKAS] 
[19.286321555 0:CAM_LKAS] 
[19.297409628 0:CAM_LKAS] 
[19.306869628 0:CAM_LKAS] 
[19.315795462 0:CAM_LKAS] 
[19.326415722 0:CAM_LKAS] 
[19.336309941 0:CAM_LANEINFO] 
[19.336309941 0:CAM_LKAS] 
[19.347718222 0:CAM_LKAS] 
[19.356236035 0:CAM_LKAS] 
[19.366433483 0:CAM_LKAS] 
[19.376956816 0:CAM_LKAS] 
[19.386792545 0:CAM_LKAS] 
[19.396684993 0:CAM_LKAS] 
[19.406098743 0:CAM_LKAS] 
[19.416493066 0:CAM_LKAS] 
[19.427059524 0:CAM_LKAS] 
[19.437204055 0:CAM_LKAS] 
[19.447062597 0:CAM_LKAS] 
[19.456719003 0:CAM_LKAS] 
[19.466580982 0:CAM_LKAS] 
[19.477596503 0:CAM_LKAS] 
[19.486301087 0:CAM_LKAS] 
[19.49756093 0:CAM_LKAS] 
[19.506835097 0:CAM_LKAS] 
[19.51670541 0:CAM_LKAS] 
[19.526348951 0:CAM_LKAS] 
[19.536466712 0:CAM_LKAS] 
[19.547642962 0:CAM_LKAS] 
[19.55716666 0:CAM_LKAS] 
[19.566167753 0:CAM_LKAS] 
[19.576724368 0:CAM_LKAS] 
[19.586746764 0:CAM_LKAS] 
[19.598014003 0:CAM_LKAS] 
[19.606218899 0:CAM_LKAS] 
[19.616201764 0:CAM_LKAS] 
[19.627119212 0:CAM_LKAS] 
[19.637082337 0:CAM_LKAS] 
[19.647298899 0:CAM_LKAS] 
[19.656655566 0:CAM_LKAS] 
[19.666651712 0:CAM_LKAS] 
[19.677371607 0:CAM_LKAS] 
[19.68633468 0:CAM_LKAS] 
[19.697533743 0:CAM_LKAS] 
[19.706929784 0:CAM_LKAS] 
[19.717070722 0:CAM_LKAS] 
[19.726651295 0:CAM_LKAS] 
[19.736753691 0:CAM_LKAS] 
[19.748012493 0:CAM_LKAS] 
[19.756429159 0:CAM_LKAS] 
[19.766535566 0:CAM_LKAS] 
[19.777823743 0:CAM_LKAS] 
[19.786228639 0:CAM_LKAS] 
[19.797322753 0:CAM_LKAS] 
[19.806995305 0:CAM_LKAS] 
[19.817122597 0:CAM_LKAS] 
[19.82650593 0:CAM_LKAS] 
[19.836870982 0:CAM_LANEINFO] 
[19.836870982 0:CAM_LKAS] 
[19.848860357 0:CAM_LKAS] 
[19.856681451 0:CAM_LKAS] 
[19.866716659 0:CAM_LKAS] 
[19.87736968 0:CAM_LKAS] 
[19.886311816 0:CAM_LKAS] 
[19.899507753 0:CAM_LKAS] 
[19.911765722 0:CAM_LKAS] 
[19.917718378 0:CAM_LKAS] 
[19.927031764 0:CAM_LKAS] 
[19.936365826 0:CAM_LKAS] 
[19.947660357 0:CAM_LKAS] 
[19.957299784 0:CAM_LKAS] 
[19.966162284 0:CAM_LKAS] 
[19.976938847 0:CAM_LKAS] 
[19.986804211 0:CAM_LKAS] 
[19.998140149 0:CAM_LKAS] 
[20.006477909 0:CAM_LKAS] 
[20.016732441 0:CAM_LKAS] 
[20.027371399 0:CAM_LKAS] 
[20.036013951 0:CAM_LKAS] 
[20.047450097 0:CAM_LKAS] 
[20.056942336 0:CAM_LKAS] 
[20.06577093 0:CAM_LKAS] 
[20.076410982 0:CAM_LKAS] 
[20.086365253 0:CAM_LKAS] 
[20.097196816 0:CAM_LKAS] 
[20.106786555 0:CAM_LKAS] 
[20.116616138 0:CAM_LKAS] 
[20.127647857 0:CAM_LKAS] 
[20.136361399 0:CAM_LKAS] 
[20.147730201 0:CAM_LKAS] 
[20.156958274 0:CAM_LKAS] 
[20.165961347 0:CAM_LKAS] 
[20.176274732 0:CAM_LKAS] 
[20.186427961 0:CAM_LKAS] 
[20.197557545 0:CAM_LKAS] 
[20.206793743 0:CAM_LKAS] 
[20.215646295 0:CAM_LKAS] 
[20.226257128 0:CAM_LKAS] 
[20.236321503 0:CAM_LKAS] 
[20.247541243 0:CAM_LKAS] 
[20.257482024 0:CAM_LKAS] 
[20.266124107 0:CAM_LKAS] 
[20.276772232 0:CAM_LKAS] 
[20.286728951 0:CAM_LKAS] 
[20.298219003 0:CAM_LKAS] 
[20.306217805 0:CAM_LKAS] 
[20.316529159 0:CAM_LKAS] 
[20.327119836 0:CAM_LKAS] 
[20.337246868 0:CAM_LANEINFO] 
[20.337246868 0:CAM_LKAS] 
[20.34746192 0:CAM_LKAS] 
[20.356726243 0:CAM_LKAS] 
[20.365671763 0:CAM_LKAS] 
[20.376437336 0:CAM_LKAS] 
[20.38628817 0:CAM_LKAS] 
[20.39740994 0:CAM_LKAS] 
[20.406593638 0:CAM_LKAS] 
[20.416694481 0:CAM_LKAS] 
[20.427326649 0:CAM_LKAS] 
[20.436242607 0:CAM_LKAS] 
[20.448068532 0:CAM_LKAS] 
[20.456830366 0:CAM_LKAS] 
[20.465914384 0:CAM_LKAS] 
[20.476574686 0:CAM_LKAS] 
[20.486501736 0:CAM_LKAS] 
[20.497672429 0:CAM_LKAS] 
[20.506791376 0:CAM_LKAS] 
[20.515834577 0:CAM_LKAS] 
[20.526539707 0:CAM_LKAS] 
[20.536449831 0:CAM_LKAS] 
[20.547851906 0:CAM_LKAS] 
[20.556439278 0:CAM_LKAS] 
[20.566475112 0:CAM_LKAS] 
[20.577245686 0:CAM_LKAS] 
[20.586148421 0:CAM_LKAS] 
[20.597134017 0:CAM_LKAS] 
[20.606466796 0:CAM_LKAS] 
[20.61671149 0:CAM_LKAS] 
[20.627091162 0:CAM_LKAS] 
[20.636137987 0:CAM_LKAS] 
[20.647607422 0:CAM_LKAS] 
[20.657019468 0:CAM_LKAS] 
[20.665893416 0:CAM_LKAS] 
[20.676641468 0:CAM_LKAS] 
[20.686520682 0:CAM_LKAS] 
[20.69786042 0:CAM_LKAS] 
[20.706068487 0:CAM_LKAS] 
[20.716405186 0:CAM_LKAS] 
[20.727256271 0:CAM_LKAS] 
[20.737272688 0:CAM_LKAS] 
[20.747318307 0:CAM_LKAS] 
[20.756840945 0:CAM_LKAS] 
[20.765657215 0:CAM_LKAS] 
[20.776665955 0:CAM_LKAS] 
[20.786459015 0:CAM_LKAS] 
[20.797634885 0:CAM_LKAS] 
[20.806891606 0:CAM_LKAS] 
[20.81614346 0:CAM_LKAS] 
[20.826635433 0:CAM_LKAS] 
[20.837065741 0:CAM_LANEINFO] 
[20.837065741 0:CAM_LKAS] 
[20.847328919 0:CAM_LKAS] 
[20.856605988 0:CAM_LKAS] 
[20.866796266 0:CAM_LKAS] 
[20.876491108 0:CAM_LKAS] 
[20.886225662 0:CAM_LKAS] 
[20.897533973 0:CAM_LKAS] 
[20.906696205 0:CAM_LKAS] 
[20.915926676 0:CAM_LKAS] 
[20.926440652 0:CAM_LKAS] 
[20.936766893 0:CAM_LKAS] 
[20.947816742 0:CAM_LKAS] 
[20.956252931 0:CAM_LKAS] 
[20.966207374 0:CAM_LKAS] 
[20.976497941 0:CAM_LKAS] 
[20.986880201 0:CAM_LKAS] 
[20.997388276 0:CAM_LKAS] 
[21.006193621 0:CAM_LKAS] 
[21.016344136 0:CAM_LKAS] 
[21.026961974 0:CAM_LKAS] 
[21.036113643 0:CAM_LKAS] 
[21.047269891 0:CAM_LKAS] 
[21.056645125 0:CAM_LKAS] 
[21.065754235 0:CAM_LKAS] 
[21.076464026 0:CAM_LKAS] 
[21.086541745 0:CAM_LKAS] 
[21.096922297 0:CAM_LKAS] 
[21.106324196 0:CAM_LKAS] 
[21.116424593 0:CAM_LKAS] 
[21.127068318 0:CAM_LKAS] 
[21.136240594 0:CAM_LKAS] 
[21.146631398 0:CAM_LKAS] 
[21.156847926 0:CAM_LKAS] 
[21.166025587 0:CAM_LKAS] 
[21.17643679 0:CAM_LKAS] 
[21.186559709 0:CAM_LKAS] 
[21.19660714 0:CAM_LKAS] 
[21.20585014 0:CAM_LKAS] 
[21.216058333 0:CAM_LKAS] 
[21.22664495 0:CAM_LKAS] 
[21.236914756 0:CAM_LKAS] 
[21.246241321 0:CAM_LKAS] 
[21.256485705 0:CAM_LKAS] 
[21.266659778 0:CAM_LKAS] 
[21.276628873 0:CAM_LKAS] 
[21.286412303 0:CAM_LKAS] 
[21.296530924 0:CAM_LKAS] 
[21.306585449 0:CAM_LKAS] 
[21.316731149 0:CAM_LKAS] 
[21.325973942 0:CAM_LKAS] 
[21.336237535 0:CAM_LANEINFO] 
[21.336237535 0:CAM_LKAS] 
[21.34684538 0:CAM_LKAS] 
[21.356985022 0:CAM_LKAS] 
[21.365920789 0:CAM_LKAS] 
[21.37652444 0:CAM_LKAS] 
[21.386588025 0:CAM_LKAS] 
[21.397080412 0:CAM_LKAS] 
[21.406093013 0:CAM_LKAS] 
[21.416404704 0:CAM_LKAS] 
[21.426588097 0:CAM_LKAS] 
[21.437005668 0:CAM_LKAS] 
[21.446361953 0:CAM_LKAS] 
[21.456454014 0:CAM_LKAS] 
[21.466507399 0:CAM_LKAS] 
[21.477114002 0:CAM_LKAS] 
[21.486009488 0:CAM_LKAS] 
[21.496492503 0:CAM_LKAS] 
[21.506510992 0:CAM_LKAS] 
[21.516564428 0:CAM_LKAS] 
[21.526984537 0:CAM_LKAS] 
[21.53637608 0:CAM_LKAS] 
[21.546926559 0:CAM_LKAS] 
[21.556773413 0:CAM_LKAS] 
[21.565769084 0:CAM_LKAS] 
[21.576191988 0:CAM_LKAS] 
[21.586337688 0:CAM_LKAS] 
[21.596311495 0:CAM_LKAS] 
[21.606682417 0:CAM_LKAS] 
[21.615862459 0:CAM_LKAS] 
[21.626099801 0:CAM_LKAS] 
[21.63658846 0:CAM_LKAS] 
[21.646987806 0:CAM_LKAS] 
[21.656023085 0:CAM_LKAS] 
[21.666258046 0:CAM_LKAS] 
[21.676842074 0:CAM_LKAS] 
[21.685930578 0:CAM_LKAS] 
[21.696400339 0:CAM_LKAS] 
[21.706333761 0:CAM_LKAS] 
[21.716436591 0:CAM_LKAS] 
[21.726768475 0:CAM_LKAS] 
[21.737132407 0:CAM_LKAS] 
[21.746404505 0:CAM_LKAS] 
[21.756400109 0:CAM_LKAS] 
[21.766510654 0:CAM_LKAS] 
[21.776747841 0:CAM_LKAS] 
[21.785857935 0:CAM_LKAS] 
[21.796302896 0:CAM_LKAS] 
[21.806562398 0:CAM_LKAS] 
[21.817307706 0:CAM_LKAS] 
[21.825834345 0:CAM_LKAS] 
[21.836405016 0:CAM_LANEINFO] 
[21.836405016 0:CAM_LKAS] 
[21.846723386 0:CAM_LKAS] 
[21.856816172 0:CAM_LKAS] 
[21.866113899 0:CAM_LKAS] 
[21.876210775 0:CAM_LKAS] 
[21.886971046 0:CAM_LKAS] 
[21.896864602 0:CAM_LKAS] 
[21.905868919 0:CAM_LKAS] 
[21.916291409 0:CAM_LKAS] 
[21.926574831 0:CAM_LKAS] 
[21.937063231 0:CAM_LKAS] 
[21.946485167 0:CAM_LKAS] 
[21.956489935 0:CAM_LKAS] 
[21.967453475 0:CAM_LKAS] 
[21.976696631 0:CAM_LKAS] 
[21.986855379 0:CAM_LKAS] 
[21.996145495 0:CAM_LKAS] 
[22.006321587 0:CAM_LKAS] 
[22.017156259 0:CAM_LKAS] 
[22.026763135 0:CAM_LKAS] 
[22.037975714 0:CAM_LKAS] 
[22.046360593 0:CAM_LKAS] 
[22.056480924 0:CAM_LKAS] 
[22.067694693 0:CAM_LKAS] 
[22.076841496 0:CAM_LKAS] 
[22.087064755 0:CAM_LKAS] 
[22.096109043 0:CAM_LKAS] 
[22.10646262 0:CAM_LKAS] 
[22.117699895 0:CAM_LKAS] 
[22.126245433 0:CAM_LKAS] 
[22.137555039 0:CAM_LKAS] 
[22.146905317 0:CAM_LKAS] 
[22.155880485 0:CAM_LKAS] 
[22.167524403 0:CAM_LKAS] 
[22.176311937 0:CAM_LKAS] 
[22.18736246 0:CAM_LKAS] 
[22.196689129 0:CAM_LKAS] 
[22.205900547 0:CAM_LKAS] 
[22.217367807 0:CAM_LKAS] 
[22.226550801 0:CAM_LKAS] 
[22.237757425 0:CAM_LKAS] 
[22.24636908 0:CAM_LKAS] 
[22.256225927 0:CAM_LKAS] 
[22.267627019 0:CAM_LKAS] 
[22.276672342 0:CAM_LKAS] 
[22.287553767 0:CAM_LKAS] 
[22.296625185 0:CAM_LKAS] 
[22.306578851 0:CAM_LKAS] 
[22.317561392 0:CAM_LKAS] 
[22.326484164 0:CAM_LKAS] 
[22.337955049 0:CAM_LANEINFO] 
[22.337955049 0:CAM_LKAS] 
[22.34627143 0:CAM_LKAS] 
[22.356434889 0:CAM_LKAS] 
[22.367117911 0:CAM_LKAS] 
[22.375832754 0:CAM_LKAS] 
[22.3859302 0:CAM_LKAS] 
[22.396196432 0:CAM_LKAS] 
[22.406406127 0:CAM_LKAS] 
[22.417312507 0:CAM_LKAS] 
[22.427104428 0:CAM_LKAS] 
[22.437455831 0:CAM_LKAS] 
[22.446975777 0:CAM_LKAS] 
[22.455840249 0:CAM_LKAS] 
[22.466767495 0:CAM_LKAS] 
[22.476569978 0:CAM_LKAS] 
[22.4875359 0:CAM_LKAS] 
[22.495933412 0:CAM_LKAS] 
[22.506253647 0:CAM_LKAS] 
[22.517265648 0:CAM_LKAS] 
[22.527243028 0:CAM_LKAS] 
[22.537284556 0:CAM_LKAS] 
[22.546919184 0:CAM_LKAS] 
[22.555764552 0:CAM_LKAS] 
[22.566512552 0:CAM_LKAS] 
[22.576491692 0:CAM_LKAS] 
[22.587365506 0:CAM_LKAS] 
[22.595865637 0:CAM_LKAS] 
[22.606125915 0:CAM_LKAS] 
[22.616548923 0:CAM_LKAS] 
[22.626932219 0:CAM_LKAS] 
[22.636664029 0:CAM_LKAS] 
[22.646753467 0:CAM_LKAS] 
[22.656912293 0:CAM_LKAS] 
[22.66626835 0:CAM_LKAS] 
[22.67626892 0:CAM_LKAS] 
[22.686823092 0:CAM_LKAS] 
[22.696834426 0:CAM_LKAS] 
[22.706103273 0:CAM_LKAS] 
[22.716805984 0:CAM_LKAS] 
[22.727137234 0:CAM_LKAS] 
[22.736737287 0:CAM_LKAS] 
[22.74685437 0:CAM_LKAS] 
[22.755601401 0:CAM_LKAS] 
[22.76746437 0:CAM_LKAS] 
[22.776443953 0:CAM_LKAS] 
[22.786943589 0:CAM_LKAS] 
[22.795812495 0:CAM_LKAS] 
[22.806291766 0:CAM_LKAS] 
[22.81704213 0:CAM_LKAS] 
[22.826295776 0:CAM_LKAS] 
[22.836902078 0:CAM_LANEINFO] 
[22.836902078 0:CAM_LKAS] 
[22.846165047 0:CAM_LKAS] 
[22.856095359 0:CAM_LKAS] 
[22.866771245 0:CAM_LKAS] 
[22.876954318 0:CAM_LKAS] 
[22.886424578 0:CAM_LKAS] 
[22.896372495 0:CAM_LKAS] 
[22.906602026 0:CAM_LKAS] 
[22.917309682 0:CAM_LKAS] 
[22.926625464 0:CAM_LKAS] 
[22.937178224 0:CAM_LKAS] 
[22.946199943 0:CAM_LKAS] 
[22.956201661 0:CAM_LKAS] 
[22.96703812 0:CAM_LKAS] 
[22.97595062 0:CAM_LKAS] 
[22.986433901 0:CAM_LKAS] 
[22.996343797 0:CAM_LKAS] 
[23.006584786 0:CAM_LKAS] 
[23.016976089 0:CAM_LKAS] 
[23.026309005 0:CAM_LKAS] 
[23.036905984 0:CAM_LKAS] 
[23.046087495 0:CAM_LKAS] 
[23.056014474 0:CAM_LKAS] 
[23.066854682 0:CAM_LKAS] 
[23.077059161 0:CAM_LKAS] 
[23.08635312 0:CAM_LKAS] 
[23.096488484 0:CAM_LKAS] 
[23.106639213 0:CAM_LKAS] 
[23.11709588 0:CAM_LKAS] 
[23.126344578 0:CAM_LKAS] 
[23.137059786 0:CAM_LKAS] 
[23.146107182 0:CAM_LKAS] 
[23.156150984 0:CAM_LKAS] 
[23.166748328 0:CAM_LKAS] 
[23.176982547 0:CAM_LKAS] 
[23.186337547 0:CAM_LKAS] 
[23.196290776 0:CAM_LKAS] 
[23.206557495 0:CAM_LKAS] 
[23.217270099 0:CAM_LKAS] 
[23.226538745 0:CAM_LKAS] 
[23.23722713 0:CAM_LKAS] 
[23.246313588 0:CAM_LKAS] 
[23.256502703 0:CAM_LKAS] 
[23.266964891 0:CAM_LKAS] 
[23.275879161 0:CAM_LKAS] 
[23.286551661 0:CAM_LKAS] 
[23.29670213 0:CAM_LKAS] 
[23.307276193 0:CAM_LKAS] 
[23.317028745 0:CAM_LKAS] 
[23.326960099 0:CAM_LKAS] 
[23.336787911 0:CAM_LANEINFO] 
[23.336787911 0:CAM_LKAS] 
[23.346712338 0:CAM_LKAS] 
[23.356734682 0:CAM_LKAS] 
[23.366420099 0:CAM_LKAS] 
[23.376287859 0:CAM_LKAS] 
[23.386938432 0:CAM_LKAS] 
[23.396884318 0:CAM_LKAS] 
[23.406036922 0:CAM_LKAS] 
[23.416562599 0:CAM_LKAS] 
[23.426875568 0:CAM_LKAS] 
[23.43751864 0:CAM_LKAS] 
[23.446450672 0:CAM_LKAS] 
[23.456401818 0:CAM_LKAS] 
[23.467009109 0:CAM_LKAS] 
[23.476049005 0:CAM_LKAS] 
[23.487035255 0:CAM_LKAS] 
[23.496639734 0:CAM_LKAS] 
[23.507056922 0:CAM_LKAS] 
[23.51649088 0:CAM_LKAS] 
[23.526765724 0:CAM_LKAS] 
[23.537425099 0:CAM_LKAS] 
[23.546579995 0:CAM_LKAS] 
[23.556491765 0:CAM_LKAS] 
[23.566958067 0:CAM_LKAS] 
[23.576009213 0:CAM_LKAS] 
[23.586884057 0:CAM_LKAS] 
[23.596672495 0:CAM_LKAS] 
[23.606934161 0:CAM_LKAS] 
[23.616482026 0:CAM_LKAS] 
[23.626943172 0:CAM_LKAS] 
[23.636946661 0:CAM_LKAS] 
[23.646619057 0:CAM_LKAS] 
[23.65677489 0:CAM_LKAS] 
[23.666013901 0:CAM_LKAS] 
[23.676193276 0:CAM_LKAS] 
[23.686554422 0:CAM_LKAS] 
[23.696704734 0:CAM_LKAS] 
[23.706841557 0:CAM_LKAS] 
[23.716524005 0:CAM_LKAS] 
[23.727115203 0:CAM_LKAS] 
[23.73641312 0:CAM_LKAS] 
[23.746472859 0:CAM_LKAS] 
[23.756506453 0:CAM_LKAS] 
[23.767359161 0:CAM_LKAS] 
[23.776250151 0:CAM_LKAS] 
[23.78689088 0:CAM_LKAS] 
[23.796617234 0:CAM_LKAS] 
[23.806912338 0:CAM_LKAS] 
[23.816722286 0:CAM_LKAS] 
[23.827044109 0:CAM_LKAS] 
[23.836766505 0:CAM_LANEINFO] 
[23.836766505 0:CAM_LKAS] 
[23.846815828 0:CAM_LKAS] 
[23.855639838 0:CAM_LKAS] 
[23.866606192 0:CAM_LKAS] 
[23.876614838 0:CAM_LKAS] 
[23.887052807 0:CAM_LKAS] 
[23.89604114 0:CAM_LKAS] 
[23.906208797 0:CAM_LKAS] 
[23.916896401 0:CAM_LKAS] 
[23.927065515 0:CAM_LKAS] 
[23.936846922 0:CAM_LKAS] 
[23.946848432 0:CAM_LKAS] 
[23.955870567 0:CAM_LKAS] 
[23.966654265 0:CAM_LKAS] 
[23.97651963 0:CAM_LKAS] 
[23.986811713 0:CAM_LKAS] 
[23.995896192 0:CAM_LKAS] 
[24.006396088 0:CAM_LKAS] 
[24.016813588 0:CAM_LKAS] 
[24.027335463 0:CAM_LKAS] 
[24.03678739 0:CAM_LKAS] 
[24.046832911 0:CAM_LKAS] 
[24.055847807 0:CAM_LKAS] 
[24.066772286 0:CAM_LKAS] 
[24.076668015 0:CAM_LKAS] 
[24.087005359 0:CAM_LKAS] 
[24.096163953 0:CAM_LKAS] 
[24.106546713 0:CAM_LKAS] 
[24.116946765 0:CAM_LKAS] 
[24.126238744 0:CAM_LKAS] 
[24.136679942 0:CAM_LKAS] 
[24.147184734 0:CAM_LKAS] 
[24.156005776 0:CAM_LKAS] 
[24.166404526 0:CAM_LKAS] 
[24.176525828 0:CAM_LKAS] 
[24.187023849 0:CAM_LKAS] 
[24.196107078 0:CAM_LKAS] 
[24.206283588 0:CAM_LKAS] 
[24.216719161 0:CAM_LKAS] 
[24.227062703 0:CAM_LKAS] 
[24.236458901 0:CAM_LKAS] 
[24.246651661 0:CAM_LKAS] 
[24.256883796 0:CAM_LKAS] 
[24.265893223 0:CAM_LKAS] 
[24.275992963 0:CAM_LKAS] 
[24.287057651 0:CAM_LKAS] 
[24.296375151 0:CAM_LKAS] 
[24.306767911 0:CAM_LKAS] 
[24.316926609 0:CAM_LKAS] 
[24.327301973 0:CAM_LKAS] 
[24.338391817 0:CAM_LANEINFO] 
[24.338391817 0:CAM_LKAS] 
[24.34648838 0:CAM_LKAS] 
[24.356655359 0:CAM_LKAS] 
[24.367244942 0:CAM_LKAS] 
[24.376171088 0:CAM_LKAS] 
[24.386983328 0:CAM_LKAS] 
[24.396653953 0:CAM_LKAS] 
[24.406859473 0:CAM_LKAS] 
[24.417011869 0:CAM_LKAS] 
[24.426642182 0:CAM_LKAS] 
[24.437455255 0:CAM_LKAS] 
[24.446443275 0:CAM_LKAS] 
[24.456607182 0:CAM_LKAS] 
[24.467052598 0:CAM_LKAS] 
[24.476122703 0:CAM_LKAS] 
[24.486619213 0:CAM_LKAS] 
[24.496588432 0:CAM_LKAS] 
[24.506833328 0:CAM_LKAS] 
[24.516290723 0:CAM_LKAS] 
[24.526637182 0:CAM_LKAS] 
[24.536950775 0:CAM_LKAS] 
[24.546173275 0:CAM_LKAS] 
[24.556262286 0:CAM_LKAS] 
[24.566803067 0:CAM_LKAS] 
[24.576897286 0:CAM_LKAS] 
[24.586437286 0:CAM_LKAS] 
[24.596451661 0:CAM_LKAS] 
[24.606659578 0:CAM_LKAS] 
[24.617232755 0:CAM_LKAS] 
[24.626452338 0:CAM_LKAS] 
[24.63708864 0:CAM_LKAS] 
[24.646133223 0:CAM_LKAS] 
[24.656226713 0:CAM_LKAS] 
[24.6668064 0:CAM_LKAS] 
[24.675871296 0:CAM_LKAS] 
[24.686434421 0:CAM_LKAS] 
[24.696324057 0:CAM_LKAS] 
[24.706534734 0:CAM_LKAS] 
[24.717126348 0:CAM_LKAS] 
[24.726666973 0:CAM_LKAS] 
[24.736983275 0:CAM_LKAS] 
[24.746075307 0:CAM_LKAS] 
[24.756123432 0:CAM_LKAS] 
[24.766689838 0:CAM_LKAS] 
[24.776767702 0:CAM_LKAS] 
[24.78696338 0:CAM_LKAS] 
[24.796265775 0:CAM_LKAS] 
[24.806467025 0:CAM_LKAS] 
[24.817149317 0:CAM_LKAS] 
[24.826506609 0:CAM_LKAS] 
[24.837009317 0:CAM_LANEINFO] 
[24.837009317 0:CAM_LKAS] 
[24.846226244 0:CAM_LKAS] 
[24.856177494 0:CAM_LKAS] 
[24.867077598 0:CAM_LKAS] 
[24.87607364 0:CAM_LKAS] 
[24.886646452 0:CAM_LKAS] 
[24.896715775 0:CAM_LKAS] 
[24.906933588 0:CAM_LKAS] 
[24.916386244 0:CAM_LKAS] 
[24.92676765 0:CAM_LKAS] 
[24.937303067 0:CAM_LKAS] 
[24.946433171 0:CAM_LKAS] 
[24.956357129 0:CAM_LKAS] 
[24.966981661 0:CAM_LKAS] 
[24.975929734 0:CAM_LKAS] 
[24.986638432 0:CAM_LKAS] 
[24.996594838 0:CAM_LKAS] 
[25.006621869 0:CAM_LKAS] 
[25.016307234 0:CAM_LKAS] 
[25.026871348 0:CAM_LKAS] 
[25.037255932 0:CAM_LKAS] 
[25.046347129 0:CAM_LKAS] 
[25.056315671 0:CAM_LKAS] 
[25.066821973 0:CAM_LKAS] 
[25.075908327 0:CAM_LKAS] 
[25.086676765 0:CAM_LKAS] 
[25.096477234 0:CAM_LKAS] 
[25.106970098 0:CAM_LKAS] 
[25.116268275 0:CAM_LKAS] 
[25.126558692 0:CAM_LKAS] 
[25.13698265 0:CAM_LKAS] 
[25.146238536 0:CAM_LKAS] 
[25.156081192 0:CAM_LKAS] 
[25.166909213 0:CAM_LKAS] 
[25.176055098 0:CAM_LKAS] 
[25.186560463 0:CAM_LKAS] 
[25.196472806 0:CAM_LKAS] 
[25.206596348 0:CAM_LKAS] 
[25.216192338 0:CAM_LKAS] 
[25.2265789 0:CAM_LKAS] 
[25.237071921 0:CAM_LKAS] 
[25.246329942 0:CAM_LKAS] 
[25.256205515 0:CAM_LKAS] 
[25.266836609 0:CAM_LKAS] 
[25.275743275 0:CAM_LKAS] 
[25.286591921 0:CAM_LKAS] 
[25.296405567 0:CAM_LKAS] 
[25.306686713 0:CAM_LKAS] 
[25.316351504 0:CAM_LKAS] 
[25.326445046 0:CAM_LKAS] 
[25.337280567 0:CAM_LANEINFO] 
[25.337280567 0:CAM_LKAS] 
[25.346516504 0:CAM_LKAS] 
[25.356717806 0:CAM_LKAS] 
[25.366675775 0:CAM_LKAS] 
[25.376837077 0:CAM_LKAS] 
[25.386531661 0:CAM_LKAS] 
[25.396266817 0:CAM_LKAS] 
[25.406446608 0:CAM_LKAS] 
[25.416717911 0:CAM_LKAS] 
[25.427046244 0:CAM_LKAS] 
[25.4366039 0:CAM_LKAS] 
[25.446758171 0:CAM_LKAS] 
[25.455559733 0:CAM_LKAS] 
[25.467254838 0:CAM_LKAS] 
[25.47629515 0:CAM_LKAS] 
[25.4869564 0:CAM_LKAS] 
[25.496674681 0:CAM_LKAS] 
[25.50601489 0:CAM_LKAS] 
[25.516094942 0:CAM_LKAS] 
[25.526888692 0:CAM_LKAS] 
[25.537423483 0:CAM_LKAS] 
[25.546430723 0:CAM_LKAS] 
[25.556521088 0:CAM_LKAS] 
[25.567244369 0:CAM_LKAS] 
[25.576262285 0:CAM_LKAS] 
[25.58696765 0:CAM_LKAS] 
[25.595833119 0:CAM_LKAS] 
[25.606131088 0:CAM_LKAS] 
[25.617012546 0:CAM_LKAS] 
[25.626979681 0:CAM_LKAS] 
[25.636552442 0:CAM_LKAS] 
[25.646707858 0:CAM_LKAS] 
[25.656740879 0:CAM_LKAS] 
[25.66629265 0:CAM_LKAS] 
[25.67624489 0:CAM_LKAS] 
[25.687005358 0:CAM_LKAS] 
[25.696832233 0:CAM_LKAS] 
[25.705769108 0:CAM_LKAS] 
[25.7163189 0:CAM_LKAS] 
[25.727014369 0:CAM_LKAS] 
[25.737397129 0:CAM_LKAS] 
[25.746661087 0:CAM_LKAS] 
[25.756493015 0:CAM_LKAS] 
[25.767048952 0:CAM_LKAS] 
[25.776056765 0:CAM_LKAS] 
[25.786540462 0:CAM_LKAS] 
[25.796395619 0:CAM_LKAS] 
[25.806933067 0:CAM_LKAS] 
[25.8165889 0:CAM_LKAS] 
[25.827032858 0:CAM_LKAS] 
[25.836556556 0:CAM_LANEINFO] 
[25.836556556 0:CAM_LKAS] 
[25.846640671 0:CAM_LKAS] 
[25.856478379 0:CAM_LKAS] 
[25.866272077 0:CAM_LKAS] 
[25.87660864 0:CAM_LKAS] 
[25.88705541 0:CAM_LKAS] 
[25.896133431 0:CAM_LKAS] 
[25.906324994 0:CAM_LKAS] 
[25.91674989 0:CAM_LKAS] 
[25.927203171 0:CAM_LKAS] 
[25.936526452 0:CAM_LKAS] 
[25.94676265 0:CAM_LKAS] 
[25.955628744 0:CAM_LKAS] 
[25.966166712 0:CAM_LKAS] 
[25.976177285 0:CAM_LKAS] 
[25.986885827 0:CAM_LKAS] 
[25.996659629 0:CAM_LKAS] 
[26.006957962 0:CAM_LKAS] 
[26.016227077 0:CAM_LKAS] 
[26.026727702 0:CAM_LKAS] 
[26.037273431 0:CAM_LKAS] 
[26.046372129 0:CAM_LKAS] 
[26.056198223 0:CAM_LKAS] 
[26.067054837 0:CAM_LKAS] 
[26.075957962 0:CAM_LKAS] 
[26.08665541 0:CAM_LKAS] 
[26.09659291 0:CAM_LKAS] 
[26.10674265 0:CAM_LKAS] 
[26.116110514 0:CAM_LKAS] 
[26.126655358 0:CAM_LKAS] 
[26.137232389 0:CAM_LKAS] 
[26.146258639 0:CAM_LKAS] 
[26.156380879 0:CAM_LKAS] 
[26.166823275 0:CAM_LKAS] 
[26.17717791 0:CAM_LKAS] 
[26.186516296 0:CAM_LKAS] 
[26.196240879 0:CAM_LKAS] 
[26.206801712 0:CAM_LKAS] 
[26.216457181 0:CAM_LKAS] 
[26.226588379 0:CAM_LKAS] 
[26.237066035 0:CAM_LKAS] 
[26.2461789 0:CAM_LKAS] 
[26.256106973 0:CAM_LKAS] 
[26.266830619 0:CAM_LKAS] 
[26.275730671 0:CAM_LKAS] 
[26.286497494 0:CAM_LKAS] 
[26.296380827 0:CAM_LKAS] 
[26.306637337 0:CAM_LKAS] 
[26.31767765 0:CAM_LKAS] 
[26.326975306 0:CAM_LKAS] 
[26.336476764 0:CAM_LANEINFO] 
[26.336476764 0:CAM_LKAS] 
[26.346525306 0:CAM_LKAS] 
[26.356605931 0:CAM_LKAS] 
[26.366692077 0:CAM_LKAS] 
[26.376929733 0:CAM_LKAS] 
[26.387102754 0:CAM_LKAS] 
[26.396004212 0:CAM_LKAS] 
[26.406286087 0:CAM_LKAS] 
[26.416643118 0:CAM_LKAS] 
[26.426970723 0:CAM_LKAS] 
[26.436469577 0:CAM_LKAS] 
[26.446618796 0:CAM_LKAS] 
[26.456526087 0:CAM_LKAS] 
[26.467128275 0:CAM_LKAS] 
[26.476207546 0:CAM_LKAS] 
[26.486821816 0:CAM_LKAS] 
[26.496719004 0:CAM_LKAS] 
[26.505813848 0:CAM_LKAS] 
[26.51653666 0:CAM_LKAS] 
[26.526999993 0:CAM_LKAS] 
[26.53652265 0:CAM_LKAS] 
[26.546595879 0:CAM_LKAS] 
[26.556365931 0:CAM_LKAS] 
[26.566938796 0:CAM_LKAS] 
[26.575868796 0:CAM_LKAS] 
[26.586921504 0:CAM_LKAS] 
[26.596657233 0:CAM_LKAS] 
[26.60671515 0:CAM_LKAS] 
[26.616186712 0:CAM_LKAS] 
[26.62653442 0:CAM_LKAS] 
[26.637359004 0:CAM_LKAS] 
[26.646259525 0:CAM_LKAS] 
[26.656169837 0:CAM_LKAS] 
[26.666667337 0:CAM_LKAS] 
[26.676899212 0:CAM_LKAS] 
[26.686575358 0:CAM_LKAS] 
[26.696181868 0:CAM_LKAS] 
[26.706415306 0:CAM_LKAS] 
[26.716867181 0:CAM_LKAS] 
[26.726330462 0:CAM_LKAS] 
[26.736885358 0:CAM_LKAS] 
[26.74671541 0:CAM_LKAS] 
[26.7556189 0:CAM_LKAS] 
[26.766302493 0:CAM_LKAS] 
[26.776523483 0:CAM_LKAS] 
[26.787337493 0:CAM_LKAS] 
[26.795733223 0:CAM_LKAS] 
[26.806054004 0:CAM_LKAS] 
[26.816539368 0:CAM_LKAS] 
[26.826981868 0:CAM_LKAS] 
[26.836770618 0:CAM_LANEINFO] 
[26.836770618 0:CAM_LKAS] 
[26.846728431 0:CAM_LKAS] 
[26.856622389 0:CAM_LKAS] 
[26.866227285 0:CAM_LKAS] 
[26.876223222 0:CAM_LKAS] 
[26.887222806 0:CAM_LKAS] 
[26.89665916 0:CAM_LKAS] 
[26.907178222 0:CAM_LKAS] 
[26.916242285 0:CAM_LKAS] 
[26.926873222 0:CAM_LKAS] 
[26.937629889 0:CAM_LKAS] 
[26.946514889 0:CAM_LKAS] 
[26.956343691 0:CAM_LKAS] 
[26.967107858 0:CAM_LKAS] 
[26.976263535 0:CAM_LKAS] 
[26.986928379 0:CAM_LKAS] 
[26.996759108 0:CAM_LKAS] 
[27.005859525 0:CAM_LKAS] 
[27.016326764 0:CAM_LKAS] 
[27.026923795 0:CAM_LKAS] 
[27.037628899 0:CAM_LKAS] 
[27.046448639 0:CAM_LKAS] 
[27.056425045 0:CAM_LKAS] 
[27.066923587 0:CAM_LKAS] 
[27.075933014 0:CAM_LKAS] 
[27.086790254 0:CAM_LKAS] 
[27.096546087 0:CAM_LKAS] 
[27.106736295 0:CAM_LKAS] 
[27.115929993 0:CAM_LKAS] 
[27.126429264 0:CAM_LKAS] 
[27.137325149 0:CAM_LKAS] 
[27.146064316 0:CAM_LKAS] 
[27.156020879 0:CAM_LKAS] 
[27.166699212 0:CAM_LKAS] 
[27.176763795 0:CAM_LKAS] 
[27.186591972 0:CAM_LKAS] 
[27.196175983 0:CAM_LKAS] 
[27.206250931 0:CAM_LKAS] 
[27.216868691 0:CAM_LKAS] 
[27.227164733 0:CAM_LKAS] 
[27.237115618 0:CAM_LKAS] 
[27.24694192 0:CAM_LKAS] 
[27.255626035 0:CAM_LKAS] 
[27.266369629 0:CAM_LKAS] 
[27.276639837 0:CAM_LKAS] 
[27.287251243 0:CAM_LKAS] 
[27.296189368 0:CAM_LKAS] 
[27.306361035 0:CAM_LKAS] 
[27.317259785 0:CAM_LKAS] 
[27.326473014 0:CAM_LKAS] 
[27.337627389 0:CAM_LANEINFO] 
[27.337627389 0:CAM_LKAS] 
[27.346266972 0:CAM_LKAS] 
[27.356153899 0:CAM_LKAS] 
[27.366698847 0:CAM_LKAS] 
[27.376888743 0:CAM_LKAS] 
[27.386917441 0:CAM_LKAS] 
[27.397057701 0:CAM_LKAS] 
[27.40576692 0:CAM_LKAS] 
[27.41642416 0:CAM_LKAS] 
[27.426708899 0:CAM_LKAS] 
[27.437985097 0:CAM_LKAS] 
[27.446165618 0:CAM_LKAS] 
[27.456421504 0:CAM_LKAS] 
[27.466858691 0:CAM_LKAS] 
[27.476973378 0:CAM_LKAS] 
[27.486991347 0:CAM_LKAS] 
[27.496540878 0:CAM_LKAS] 
[27.506653431 0:CAM_LKAS] 
[27.516090826 0:CAM_LKAS] 
[27.526518899 0:CAM_LKAS] 
[27.537199681 0:CAM_LKAS] 
[27.546210306 0:CAM_LKAS] 
[27.556223899 0:CAM_LKAS] 
[27.566898014 0:CAM_LKAS] 
[27.575871868 0:CAM_LKAS] 
[27.586833274 0:CAM_LKAS] 
[27.596429212 0:CAM_LKAS] 
[27.60648442 0:CAM_LKAS] 
[27.616810722 0:CAM_LKAS] 
[27.627133951 0:CAM_LKAS] 
[27.637044837 0:CAM_LKAS] 
[27.646835826 0:CAM_LKAS] 
[27.655638483 0:CAM_LKAS] 
[27.666388639 0:CAM_LKAS] 
[27.676494003 0:CAM_LKAS] 
[27.687408066 0:CAM_LKAS] 
[27.696007285 0:CAM_LKAS] 
[27.706242285 0:CAM_LKAS] 
[27.716742805 0:CAM_LKAS] 
[27.727368847 0:CAM_LKAS] 
[27.736872701 0:CAM_LKAS] 
[27.746825878 0:CAM_LKAS] 
[27.756796139 0:CAM_LKAS] 
[27.766139733 0:CAM_LKAS] 
[27.776260045 0:CAM_LKAS] 
[27.786303014 0:CAM_LKAS] 
[27.796819628 0:CAM_LKAS] 
[27.806923899 0:CAM_LKAS] 
[27.816768639 0:CAM_LKAS] 
[27.827231972 0:CAM_LKAS] 
[27.836903274 0:CAM_LANEINFO] 
[27.836903274 0:CAM_LKAS] 
[27.84695343 0:CAM_LKAS] 
[27.855758795 0:CAM_LKAS] 
[27.866351555 0:CAM_LKAS] 
[27.87651593 0:CAM_LKAS] 
[27.88745916 0:CAM_LKAS] 
[27.89596166 0:CAM_LKAS] 
[27.906315566 0:CAM_LKAS] 
[27.916797857 0:CAM_LKAS] 
[27.92711468 0:CAM_LKAS] 
[27.936536764 0:CAM_LKAS] 
[27.946665097 0:CAM_LKAS] 
[27.95552942 0:CAM_LKAS] 
[27.966236764 0:CAM_LKAS] 
[27.976500253 0:CAM_LKAS] 
[27.986814472 0:CAM_LKAS] 
[27.996944837 0:CAM_LKAS] 
[28.00592291 0:CAM_LKAS] 
[28.016702024 0:CAM_LKAS] 
[28.026981139 0:CAM_LKAS] 
[28.036715201 0:CAM_LKAS] 
[28.046652857 0:CAM_LKAS] 
[28.05663093 0:CAM_LKAS] 
[28.066962493 0:CAM_LKAS] 
[28.075924785 0:CAM_LKAS] 
[28.086832962 0:CAM_LKAS] 
[28.096602805 0:CAM_LKAS] 
[28.106713535 0:CAM_LKAS] 
[28.116412805 0:CAM_LKAS] 
[28.126868482 0:CAM_LKAS] 
[28.137250514 0:CAM_LKAS] 
[28.146652649 0:CAM_LKAS] 
[28.156646555 0:CAM_LKAS] 
[28.167017545 0:CAM_LKAS] 
[28.176091712 0:CAM_LKAS] 
[28.187397701 0:CAM_LKAS] 
[28.196639107 0:CAM_LKAS] 
[28.205679941 0:CAM_LKAS] 
[28.216364837 0:CAM_LKAS] 
[28.226581191 0:CAM_LKAS] 
[28.237793274 0:CAM_LKAS] 
[28.246262597 0:CAM_LKAS] 
[28.256269316 0:CAM_LKAS] 
[28.266732389 0:CAM_LKAS] 
[28.277067649 0:CAM_LKAS] 
[28.286710618 0:CAM_LKAS] 
[28.296208534 0:CAM_LKAS] 
[28.306491555 0:CAM_LKAS] 
[28.317206607 0:CAM_LKAS] 
[28.326501503 0:CAM_LKAS] 
[28.337309524 0:CAM_LANEINFO] 
[28.337309524 0:CAM_LKAS] 
[28.346136555 0:CAM_LKAS] 
[28.356396503 0:CAM_LKAS] 
[28.366930409 0:CAM_LKAS] 
[28.375838222 0:CAM_LKAS] 
[28.387027701 0:CAM_LKAS] 
[28.396544003 0:CAM_LKAS] 
[28.407130409 0:CAM_LKAS] 
[28.416521347 0:CAM_LKAS] 
[28.426558014 0:CAM_LKAS] 
[28.437583014 0:CAM_LKAS] 
[28.446374211 0:CAM_LKAS] 
[28.456378274 0:CAM_LKAS] 
[28.466940201 0:CAM_LKAS] 
[28.475966399 0:CAM_LKAS] 
[28.486807441 0:CAM_LKAS] 
[28.496461451 0:CAM_LKAS] 
[28.506714159 0:CAM_LKAS] 
[28.516228066 0:CAM_LKAS] 
[28.526539784 0:CAM_LKAS] 
[28.537222909 0:CAM_LKAS] 
[28.546134941 0:CAM_LKAS] 
[28.556208326 0:CAM_LKAS] 
[28.566659836 0:CAM_LKAS] 
[28.576707805 0:CAM_LKAS] 
[28.587497961 0:CAM_LKAS] 
[28.596171711 0:CAM_LKAS] 
[28.60626968 0:CAM_LKAS] 
[28.616729628 0:CAM_LKAS] 
[28.627144836 0:CAM_LKAS] 
[28.636748847 0:CAM_LKAS] 
[28.646818013 0:CAM_LKAS] 
[28.655566243 0:CAM_LKAS] 
[28.666210305 0:CAM_LKAS] 
[28.676301086 0:CAM_LKAS] 
[28.687229941 0:CAM_LKAS] 
[28.696745722 0:CAM_LKAS] 
[28.705854263 0:CAM_LKAS] 
[28.71654843 0:CAM_LKAS] 
[28.72702843 0:CAM_LKAS] 
[28.737622961 0:CAM_LKAS] 
[28.746480149 0:CAM_LKAS] 
[28.756519107 0:CAM_LKAS] 
[28.767185513 0:CAM_LKAS] 
[28.776165357 0:CAM_LKAS] 
[28.787102076 0:CAM_LKAS] 
[28.796837493 0:CAM_LKAS] 
[28.805906399 0:CAM_LKAS] 
[28.816449524 0:CAM_LKAS] 
[28.827005618 0:CAM_LKAS] 
[28.837726295 0:CAM_LANEINFO] 
[28.837726295 0:CAM_LKAS] 
[28.846470253 0:CAM_LKAS] 
[28.856376711 0:CAM_LKAS] 
[28.866825722 0:CAM_LKAS] 
[28.875981243 0:CAM_LKAS] 
[28.886882753 0:CAM_LKAS] 
[28.896194888 0:CAM_LKAS] 
[28.906535774 0:CAM_LKAS] 
[28.917215045 0:CAM_LKAS] 
[28.926473951 0:CAM_LKAS] 
[28.937346659 0:CAM_LKAS] 
[28.946149993 0:CAM_LKAS] 
[28.956476972 0:CAM_LKAS] 
[28.966975826 0:CAM_LKAS] 
[28.976180149 0:CAM_LKAS] 
[28.987093847 0:CAM_LKAS] 
[28.996666815 0:CAM_LKAS] 
[29.006856659 0:CAM_LKAS] 
[29.016308638 0:CAM_LKAS] 
[29.026635565 0:CAM_LKAS] 
[29.03755067 0:CAM_LKAS] 
[29.046341555 0:CAM_LKAS] 
[29.056439367 0:CAM_LKAS] 
[29.066739628 0:CAM_LKAS] 
[29.077008638 0:CAM_LKAS] 
[29.086596295 0:CAM_LKAS] 
[29.096416659 0:CAM_LKAS] 
[29.106630149 0:CAM_LKAS] 
[29.117012024 0:CAM_LKAS] 
[29.126379992 0:CAM_LKAS] 
[29.137137701 0:CAM_LKAS] 
[29.146042753 0:CAM_LKAS] 
[29.15596843 0:CAM_LKAS] 
[29.166733742 0:CAM_LKAS] 
[29.176916138 0:CAM_LKAS] 
[29.18666744 0:CAM_LKAS] 
[29.19611718 0:CAM_LKAS] 
[29.206534211 0:CAM_LKAS] 
[29.217092128 0:CAM_LKAS] 
[29.226447232 0:CAM_LKAS] 
[29.237266034 0:CAM_LKAS] 
[29.246274628 0:CAM_LKAS] 
[29.256421711 0:CAM_LKAS] 
[29.266769472 0:CAM_LKAS] 
[29.27610468 0:CAM_LKAS] 
[29.287140722 0:CAM_LKAS] 
[29.296726347 0:CAM_LKAS] 
[29.30573119 0:CAM_LKAS] 
[29.316170513 0:CAM_LKAS] 
[29.326428534 0:CAM_LKAS] 
[29.337400565 0:CAM_LANEINFO] 
[29.337400565 0:CAM_LKAS] 
[29.346131034 0:CAM_LKAS] 
[29.356091711 0:CAM_LKAS] 
[29.36672093 0:CAM_LKAS] 
[29.377034367 0:CAM_LKAS] 
[29.386961919 0:CAM_LKAS] 
[29.396472805 0:CAM_LKAS] 
[29.406661711 0:CAM_LKAS] 
[29.415895982 0:CAM_LKAS] 
[29.427419107 0:CAM_LKAS] 
[29.438237753 0:CAM_LKAS] 
[29.446471294 0:CAM_LKAS] 
[29.456569159 0:CAM_LKAS] 
[29.467040253 0:CAM_LKAS] 
[29.476088013 0:CAM_LKAS] 
[29.487084315 0:CAM_LKAS] 
[29.496727336 0:CAM_LKAS] 
[29.505757596 0:CAM_LKAS] 
[29.516295201 0:CAM_LKAS] 
[29.526746919 0:CAM_LKAS] 
[29.537667753 0:CAM_LKAS] 
[29.546466867 0:CAM_LKAS] 
[29.556528899 0:CAM_LKAS] 
[29.567008951 0:CAM_LKAS] 
[29.575938638 0:CAM_LKAS] 
[29.586921242 0:CAM_LKAS] 
[29.596560461 0:CAM_LKAS] 
[29.606658846 0:CAM_LKAS] 
[29.616032232 0:CAM_LKAS] 
[29.626359315 0:CAM_LKAS] 
[29.637158586 0:CAM_LKAS] 
[29.646170826 0:CAM_LKAS] 
[29.656198065 0:CAM_LKAS] 
[29.666638221 0:CAM_LKAS] 
[29.676928273 0:CAM_LKAS] 
[29.68675494 0:CAM_LKAS] 
[29.696143169 0:CAM_LKAS] 
[29.706303898 0:CAM_LKAS] 
[29.716825565 0:CAM_LKAS] 
[29.727265044 0:CAM_LKAS] 
[29.737021346 0:CAM_LKAS] 
[29.746793169 0:CAM_LKAS] 
[29.755532596 0:CAM_LKAS] 
[29.766139367 0:CAM_LKAS] 
[29.776165669 0:CAM_LKAS] 
[29.787175201 0:CAM_LKAS] 
[29.796639523 0:CAM_LKAS] 
[29.806949732 0:CAM_LKAS] 
[29.816332544 0:CAM_LKAS] 
[29.826882805 0:CAM_LKAS] 
[29.837620669 0:CAM_LANEINFO] 
[29.837620669 0:CAM_LKAS] 
[29.846510565 0:CAM_LKAS] 
[29.85644093 0:CAM_LKAS] 
[29.867047023 0:CAM_LKAS] 
[29.876101607 0:CAM_LKAS] 
[29.887086971 0:CAM_LKAS] 
[29.896728065 0:CAM_LKAS] 
[29.905739055 0:CAM_LKAS] 
[29.916309315 0:CAM_LKAS] 
[29.926827544 0:CAM_LKAS] 
[29.937641294 0:CAM_LKAS] 
[29.946508846 0:CAM_LKAS] 
[29.956666711 0:CAM_LKAS] 
[29.967037648 0:CAM_LKAS] 
[29.976292075 0:CAM_LKAS] 
[29.987335148 0:CAM_LKAS] 
[29.99704869 0:CAM_LKAS] 
[30.006135096 0:CAM_LKAS] 
[30.016531659 0:CAM_LKAS] 
[30.027004575 0:CAM_LKAS] 
[30.037011971 0:CAM_LKAS] 
[30.047014732 0:CAM_LKAS] 
[30.05702494 0:CAM_LKAS] 
[30.067860305 0:CAM_LKAS] 
[30.076495357 0:CAM_LKAS] 
[30.086650669 0:CAM_LKAS] 
[30.096136919 0:CAM_LKAS] 
[30.106335982 0:CAM_LKAS] 
[30.117112284 0:CAM_LKAS] 
[30.126278273 0:CAM_LKAS] 
[30.136840252 0:CAM_LKAS] 
[30.147025565 0:CAM_LKAS] 
[30.15617968 0:CAM_LKAS] 
[30.166576086 0:CAM_LKAS] 
[30.176833534 0:CAM_LKAS] 
[30.18736145 0:CAM_LKAS] 
[30.196256502 0:CAM_LKAS] 
[30.206514836 0:CAM_LKAS] 
[30.217020044 0:CAM_LKAS] 
[30.226252075 0:CAM_LKAS] 
[30.236921607 0:CAM_LKAS] 
[30.247013742 0:CAM_LKAS] 
[30.25593369 0:CAM_LKAS] 
[30.266694419 0:CAM_LKAS] 
[30.276615409 0:CAM_LKAS] 
[30.287155409 0:CAM_LKAS] 
[30.295938534 0:CAM_LKAS] 
[30.306491607 0:CAM_LKAS] 
[30.317342857 0:CAM_LKAS] 
[30.326611763 0:CAM_LKAS] 
[30.337624419 0:CAM_LANEINFO] 
[30.337624419 0:CAM_LKAS] 
[30.346359211 0:CAM_LKAS] 
[30.35634619 0:CAM_LKAS] 
[30.367022544 0:CAM_LKAS] 
[30.375938169 0:CAM_LKAS] 
[30.387035877 0:CAM_LKAS] 
[30.396871711 0:CAM_LKAS] 
[30.406843586 0:CAM_LKAS] 
[30.416512752 0:CAM_LKAS] 
[30.426895513 0:CAM_LKAS] 
[30.437657023 0:CAM_LKAS] 
[30.446785982 0:CAM_LKAS] 
[30.456644211 0:CAM_LKAS] 
[30.466895304 0:CAM_LKAS] 
[30.477042336 0:CAM_LKAS] 
[30.486851815 0:CAM_LKAS] 
[30.49626494 0:CAM_LKAS] 
[30.5068802 0:CAM_LKAS] 
[30.516996242 0:CAM_LKAS] 
[30.526529679 0:CAM_LKAS] 
[30.53745619 0:CAM_LKAS] 
[30.546257388 0:CAM_LKAS] 
[30.556039315 0:CAM_LKAS] 
[30.566714211 0:CAM_LKAS] 
[30.576757961 0:CAM_LKAS] 
[30.587487127 0:CAM_LKAS] 
[30.596243898 0:CAM_LKAS] 
[30.606439784 0:CAM_LKAS] 
[30.616989836 0:CAM_LKAS] 
[30.626352544 0:CAM_LKAS] 
[30.637195981 0:CAM_LKAS] 
[30.646135617 0:CAM_LKAS] 
[30.656055981 0:CAM_LKAS] 
[30.666685096 0:CAM_LKAS] 
[30.676918221 0:CAM_LKAS] 
[30.68742869 0:CAM_LKAS] 
[30.696241763 0:CAM_LKAS] 
[30.706450981 0:CAM_LKAS] 
[30.716930252 0:CAM_LKAS] 
[30.726274367 0:CAM_LKAS] 
[30.737102284 0:CAM_LKAS] 
[30.746775044 0:CAM_LKAS] 
[30.755801658 0:CAM_LKAS] 
[30.766375981 0:CAM_LKAS] 
[30.776512804 0:CAM_LKAS] 
[30.787425304 0:CAM_LKAS] 
[30.796766294 0:CAM_LKAS] 
[30.806036294 0:CAM_LKAS] 
[30.816270929 0:CAM_LKAS] 
[30.826763533 0:CAM_LKAS] 
[30.83756395 0:CAM_LANEINFO] 
[30.83756395 0:CAM_LKAS] 
[30.846501398 0:CAM_LKAS] 
[30.856404888 0:CAM_LKAS] 
[30.867051606 0:CAM_LKAS] 
[30.875964575 0:CAM_LKAS] 
[30.886896033 0:CAM_LKAS] 
[30.896647283 0:CAM_LKAS] 
[30.906824783 0:CAM_LKAS] 
[30.916381763 0:CAM_LKAS] 
[30.92686869 0:CAM_LKAS] 
[30.937648325 0:CAM_LKAS] 
[30.946468533 0:CAM_LKAS] 
[30.956643377 0:CAM_LKAS] 
[30.967065304 0:CAM_LKAS] 
[30.97607296 0:CAM_LKAS] 
[30.9870752 0:CAM_LKAS] 
[30.99684645 0:CAM_LKAS] 
[31.006818638 0:CAM_LKAS] 
[31.01630171 0:CAM_LKAS] 
[31.026739367 0:CAM_LKAS] 
[31.037316502 0:CAM_LKAS] 
[31.046364471 0:CAM_LKAS] 
[31.056177856 0:CAM_LKAS] 
[31.066922179 0:CAM_LKAS] 
[31.07602744 0:CAM_LKAS] 
[31.087100617 0:CAM_LKAS] 
[31.096639888 0:CAM_LKAS] 
[31.106884315 0:CAM_LKAS] 
[31.116263273 0:CAM_LKAS] 
[31.1266702 0:CAM_LKAS] 
[31.137373273 0:CAM_LKAS] 
[31.146544627 0:CAM_LKAS] 
[31.156363117 0:CAM_LKAS] 
[31.166910304 0:CAM_LKAS] 
[31.176001971 0:CAM_LKAS] 
[31.186995304 0:CAM_LKAS] 
[31.196644262 0:CAM_LKAS] 
[31.206718481 0:CAM_LKAS] 
[31.217197908 0:CAM_LKAS] 
[31.226575929 0:CAM_LKAS] 
[31.237350877 0:CAM_LKAS] 
[31.246386502 0:CAM_LKAS] 
[31.256206658 0:CAM_LKAS] 
[31.266783012 0:CAM_LKAS] 
[31.276839523 0:CAM_LKAS] 
[31.286652752 0:CAM_LKAS] 
[31.296179679 0:CAM_LKAS] 
[31.306772804 0:CAM_LKAS] 
[31.317339367 0:CAM_LKAS] 
[31.326748273 0:CAM_LKAS] 
[31.3376277 0:CAM_LANEINFO] 
[31.3376277 0:CAM_LKAS] 
[31.346363169 0:CAM_LKAS] 
[31.356196919 0:CAM_LKAS] 
[31.367080617 0:CAM_LKAS] 
[31.376034731 0:CAM_LKAS] 
[31.38703421 0:CAM_LKAS] 
[31.396360773 0:CAM_LKAS] 
[31.406676971 0:CAM_LKAS] 
[31.417246346 0:CAM_LKAS] 
[31.426518637 0:CAM_LKAS] 
[31.4374402 0:CAM_LKAS] 
[31.446395773 0:CAM_LKAS] 
[31.456394054 0:CAM_LKAS] 
[31.467538481 0:CAM_LKAS] 
[31.476317023 0:CAM_LKAS] 
[31.487245877 0:CAM_LKAS] 
[31.496877596 0:CAM_LKAS] 
[31.506134262 0:CAM_LKAS] 
[31.516456554 0:CAM_LKAS] 
[31.526958533 0:CAM_LKAS] 
[31.537739158 0:CAM_LKAS] 
[31.546517335 0:CAM_LKAS] 
[31.556432179 0:CAM_LKAS] 
[31.567098429 0:CAM_LKAS] 
[31.575926242 0:CAM_LKAS] 
[31.587017492 0:CAM_LKAS] 
[31.596739887 0:CAM_LKAS] 
[31.606858117 0:CAM_LKAS] 
[31.616192856 0:CAM_LKAS] 
[31.626610408 0:CAM_LKAS] 
[31.637385564 0:CAM_LKAS] 
[31.646312544 0:CAM_LKAS] 
[31.656292648 0:CAM_LKAS] 
[31.66701895 0:CAM_LKAS] 
[31.675953689 0:CAM_LKAS] 
[31.687103689 0:CAM_LKAS] 
[31.696611241 0:CAM_LKAS] 
[31.706785929 0:CAM_LKAS] 
[31.716102075 0:CAM_LKAS] 
[31.726765773 0:CAM_LKAS] 
[31.737425981 0:CAM_LKAS] 
[31.746324314 0:CAM_LKAS] 
[31.756174783 0:CAM_LKAS] 
[31.766733325 0:CAM_LKAS] 
[31.777017752 0:CAM_LKAS] 
[31.786851971 0:CAM_LKAS] 
[31.796431919 0:CAM_LKAS] 
[31.806527544 0:CAM_LKAS] 
[31.816972908 0:CAM_LKAS] 
[31.826135825 0:CAM_LKAS] 
[31.837224991 0:CAM_LANEINFO] 
[31.837224991 0:CAM_LKAS] 
[31.846969106 0:CAM_LKAS] 
[31.855700877 0:CAM_LKAS] 
[31.866237752 0:CAM_LKAS] 
[31.876240252 0:CAM_LKAS] 
[31.887299991 0:CAM_LKAS] 
[31.896743585 0:CAM_LKAS] 
[31.905807075 0:CAM_LKAS] 
[31.916300773 0:CAM_LKAS] 
[31.926753846 0:CAM_LKAS] 
[31.937664939 0:CAM_LKAS] 
[31.946392804 0:CAM_LKAS] 
[31.956361762 0:CAM_LKAS] 
[31.96688921 0:CAM_LKAS] 
[31.976019366 0:CAM_LKAS] 
[31.987095512 0:CAM_LKAS] 
[31.996650773 0:CAM_LKAS] 
[32.006619731 0:CAM_LKAS] 
[32.01718796 0:CAM_LKAS] 
[32.026271293 0:CAM_LKAS] 
[32.037234002 0:CAM_LKAS] 
[32.046050408 0:CAM_LKAS] 
[32.055892127 0:CAM_LKAS] 
[32.066398898 0:CAM_LKAS] 
[32.07666322 0:CAM_LKAS] 
[32.087490512 0:CAM_LKAS] 
[32.095926398 0:CAM_LKAS] 
[32.106155148 0:CAM_LKAS] 
[32.1163202 0:CAM_LKAS] 
[32.126837752 0:CAM_LKAS] 
[32.137744991 0:CAM_LKAS] 
[32.14657197 0:CAM_LKAS] 
[32.156599627 0:CAM_LKAS] 
[32.167161658 0:CAM_LKAS] 
[32.17609895 0:CAM_LKAS] 
[32.187276658 0:CAM_LKAS] 
[32.196755512 0:CAM_LKAS] 
[32.207163741 0:CAM_LKAS] 
[32.216507648 0:CAM_LKAS] 
[32.226955877 0:CAM_LKAS] 
[32.237003429 0:CAM_LKAS] 
[32.246597595 0:CAM_LKAS] 
[32.256711606 0:CAM_LKAS] 
[32.2661377 0:CAM_LKAS] 
[32.27629197 0:CAM_LKAS] 
[32.287149522 0:CAM_LKAS] 
[32.296946814 0:CAM_LKAS] 
[32.30586072 0:CAM_LKAS] 
[32.316717022 0:CAM_LKAS] 
[32.327273064 0:CAM_LKAS] 
[32.337282595 0:CAM_LANEINFO] 
[32.337282595 0:CAM_LKAS] 
[32.346881345 0:CAM_LKAS] 
[32.355696658 0:CAM_LKAS] 
[32.366365825 0:CAM_LKAS] 
[32.376260304 0:CAM_LKAS] 
[32.387175043 0:CAM_LKAS] 
[32.396843377 0:CAM_LKAS] 
[32.40599395 0:CAM_LKAS] 
[32.416566554 0:CAM_LKAS] 
[32.426824731 0:CAM_LKAS] 
[32.437845981 0:CAM_LKAS] 
[32.44678697 0:CAM_LKAS] 
[32.455594366 0:CAM_LKAS] 
[32.466140147 0:CAM_LKAS] 
[32.47643046 0:CAM_LKAS] 
[32.488185043 0:CAM_LKAS] 
[32.496206189 0:CAM_LKAS] 
[32.506793845 0:CAM_LKAS] 
[32.516944418 0:CAM_LKAS] 
[32.526525199 0:CAM_LKAS] 
[32.53761296 0:CAM_LKAS] 
[32.546056345 0:CAM_LKAS] 
[32.555957387 0:CAM_LKAS] 
[32.566567387 0:CAM_LKAS] 
[32.57674796 0:CAM_LKAS] 
[32.587161397 0:CAM_LKAS] 
[32.59622322 0:CAM_LKAS] 
[32.606413377 0:CAM_LKAS] 
[32.61702822 0:CAM_LKAS] 
[32.626299158 0:CAM_LKAS] 
[32.636965929 0:CAM_LKAS] 
[32.64705921 0:CAM_LKAS] 
[32.655977908 0:CAM_LKAS] 
[32.666714314 0:CAM_LKAS] 
[32.676824627 0:CAM_LKAS] 
[32.686420356 0:CAM_LKAS] 
[32.696164106 0:CAM_LKAS] 
[32.706512022 0:CAM_LKAS] 
[32.716995929 0:CAM_LKAS] 
[32.726252491 0:CAM_LKAS] 
[32.736801658 0:CAM_LKAS] 
[32.746930981 0:CAM_LKAS] 
[32.755675824 0:CAM_LKAS] 
[32.766683481 0:CAM_LKAS] 
[32.776737126 0:CAM_LKAS] 
[32.78757796 0:CAM_LKAS] 
[32.796180095 0:CAM_LKAS] 
[32.806455824 0:CAM_LKAS] 
[32.818726085 0:CAM_LKAS] 
[32.826912804 0:CAM_LKAS] 
[32.836521866 0:CAM_LANEINFO] 
[32.836521866 0:CAM_LKAS] 
[32.846705356 0:CAM_LKAS] 
[32.856785616 0:CAM_LKAS] 
[32.867018845 0:CAM_LKAS] 
[32.876067179 0:CAM_LKAS] 
[32.886024626 0:CAM_LKAS] 
[32.896825304 0:CAM_LKAS] 
[32.906525981 0:CAM_LKAS] 
[32.917160668 0:CAM_LKAS] 
[32.926252804 0:CAM_LKAS] 
[32.936771606 0:CAM_LKAS] 
[32.94599296 0:CAM_LKAS] 
[32.955868481 0:CAM_LKAS] 
[32.96664296 0:CAM_LKAS] 
[32.976669887 0:CAM_LKAS] 
[32.987346918 0:CAM_LKAS] 
[32.996130564 0:CAM_LKAS] 
[33.006374626 0:CAM_LKAS] 
[33.016739522 0:CAM_LKAS] 
[33.027169366 0:CAM_LKAS] 
[33.037310356 0:CAM_LKAS] 
[33.046978845 0:CAM_LKAS] 
[33.055701241 0:CAM_LKAS] 
[33.066710251 0:CAM_LKAS] 
[33.076688637 0:CAM_LKAS] 
[33.087277595 0:CAM_LKAS] 
[33.096479366 0:CAM_LKAS] 
[33.106303741 0:CAM_LKAS] 
[33.116977335 0:CAM_LKAS] 
[33.126917908 0:CAM_LKAS] 
[33.136778064 0:CAM_LKAS] 
[33.146413272 0:CAM_LKAS] 
[33.156577543 0:CAM_LKAS] 
[33.167129939 0:CAM_LKAS] 
[33.176259001 0:CAM_LKAS] 
[33.187308168 0:CAM_LKAS] 
[33.195726658 0:CAM_LKAS] 
[33.206299574 0:CAM_LKAS] 
[33.216764053 0:CAM_LKAS] 
[33.227155303 0:CAM_LKAS] 
[33.236868428 0:CAM_LKAS] 
[33.24687296 0:CAM_LKAS] 
[33.255699053 0:CAM_LKAS] 
[33.266350043 0:CAM_LKAS] 
[33.276402022 0:CAM_LKAS] 
[33.287255876 0:CAM_LKAS] 
[33.295890564 0:CAM_LKAS] 
[33.306089418 0:CAM_LKAS] 
[33.316412439 0:CAM_LKAS] 
[33.326795095 0:CAM_LKAS] 
[33.337136762 0:CAM_LANEINFO] 
[33.337136762 0:CAM_LKAS] 
[33.347223897 0:CAM_LKAS] 
[33.35646947 0:CAM_LKAS] 
[33.36702072 0:CAM_LKAS] 
[33.37612296 0:CAM_LKAS] 
[33.38625796 0:CAM_LKAS] 
[33.396761657 0:CAM_LKAS] 
[33.40677572 0:CAM_LKAS] 
[33.416428845 0:CAM_LKAS] 
[33.426675564 0:CAM_LKAS] 
[33.437528897 0:CAM_LKAS] 
[33.446367751 0:CAM_LKAS] 
[33.456436032 0:CAM_LKAS] 
[33.466727595 0:CAM_LKAS] 
[33.476977491 0:CAM_LKAS] 
[33.486926241 0:CAM_LKAS] 
[33.49661973 0:CAM_LKAS] 
[33.507216866 0:CAM_LKAS] 
[33.516649574 0:CAM_LKAS] 
[33.526744522 0:CAM_LKAS] 
[33.537458064 0:CAM_LKAS] 
[33.546408845 0:CAM_LKAS] 
[33.556383168 0:CAM_LKAS] 
[33.567054835 0:CAM_LKAS] 
[33.576025512 0:CAM_LKAS] 
[33.586769001 0:CAM_LKAS] 
[33.596585355 0:CAM_LKAS] 
[33.606716866 0:CAM_LKAS] 
[33.616327491 0:CAM_LKAS] 
[33.626648324 0:CAM_LKAS] 
[33.63740223 0:CAM_LKAS] 
[33.646352647 0:CAM_LKAS] 
[33.656485616 0:CAM_LKAS] 
[33.667004262 0:CAM_LKAS] 
[33.676002491 0:CAM_LKAS] 
[33.686856084 0:CAM_LKAS] 
[33.696774314 0:CAM_LKAS] 
[33.706698637 0:CAM_LKAS] 
[33.716471762 0:CAM_LKAS] 
[33.726763168 0:CAM_LKAS] 
[33.737407282 0:CAM_LKAS] 
[33.746354782 0:CAM_LKAS] 
[33.756334522 0:CAM_LKAS] 
[33.767052699 0:CAM_LKAS] 
[33.776057178 0:CAM_LKAS] 
[33.786773064 0:CAM_LKAS] 
[33.796471605 0:CAM_LKAS] 
[33.806662543 0:CAM_LKAS] 
[33.816173897 0:CAM_LKAS] 
[33.826527959 0:CAM_LKAS] 
[33.837206553 0:CAM_LANEINFO] 
[33.837206553 0:CAM_LKAS] 
[33.846167439 0:CAM_LKAS] 
[33.856225407 0:CAM_LKAS] 
[33.866879522 0:CAM_LKAS] 
[33.875676501 0:CAM_LKAS] 
[33.886516449 0:CAM_LKAS] 
[33.896295355 0:CAM_LKAS] 
[33.906602386 0:CAM_LKAS] 
[33.917132334 0:CAM_LKAS] 
[33.926303584 0:CAM_LKAS] 
[33.937125147 0:CAM_LKAS] 
[33.945939209 0:CAM_LKAS] 
[33.955877751 0:CAM_LKAS] 
[33.966539522 0:CAM_LKAS] 
[33.976611136 0:CAM_LKAS] 
[33.987255095 0:CAM_LKAS] 
[33.996086709 0:CAM_LKAS] 
[34.006275251 0:CAM_LKAS] 
[34.016755251 0:CAM_LKAS] 
[34.02734723 0:CAM_LKAS] 
[34.036932855 0:CAM_LKAS] 
[34.047000668 0:CAM_LKAS] 
[34.055818636 0:CAM_LKAS] 
[34.066752803 0:CAM_LKAS] 
[34.076654001 0:CAM_LKAS] 
[34.087386813 0:CAM_LKAS] 
[34.096224261 0:CAM_LKAS] 
[34.106599313 0:CAM_LKAS] 
[34.117162126 0:CAM_LKAS] 
[34.126300668 0:CAM_LKAS] 
[34.137082282 0:CAM_LKAS] 
[34.147231188 0:CAM_LKAS] 
[34.156054834 0:CAM_LKAS] 
[34.167021084 0:CAM_LKAS] 
[34.177225407 0:CAM_LKAS] 
[34.186834105 0:CAM_LKAS] 
[34.196598272 0:CAM_LKAS] 
[34.206855876 0:CAM_LKAS] 
[34.216464782 0:CAM_LKAS] 
[34.226798011 0:CAM_LKAS] 
[34.237409574 0:CAM_LKAS] 
[34.246411813 0:CAM_LKAS] 
[34.256458532 0:CAM_LKAS] 
[34.267016084 0:CAM_LKAS] 
[34.276035511 0:CAM_LKAS] 
[34.286950668 0:CAM_LKAS] 
[34.29669348 0:CAM_LKAS] 
[34.307058272 0:CAM_LKAS] 
[34.316866345 0:CAM_LKAS] 
[34.327386813 0:CAM_LKAS] 
[34.336990668 0:CAM_LANEINFO] 
[34.336990668 0:CAM_LKAS] 
[34.347130615 0:CAM_LKAS] 
[34.355960459 0:CAM_LKAS] 
[34.366634938 0:CAM_LKAS] 
[34.376589313 0:CAM_LKAS] 
[34.387190095 0:CAM_LKAS] 
[34.395907699 0:CAM_LKAS] 
[34.406340668 0:CAM_LKAS] 
[34.416941657 0:CAM_LKAS] 
[34.426122386 0:CAM_LKAS] 
[34.43701223 0:CAM_LKAS] 
[34.446866136 0:CAM_LKAS] 
[34.455762959 0:CAM_LKAS] 
[34.46687447 0:CAM_LKAS] 
[34.476869417 0:CAM_LKAS] 
[34.48670723 0:CAM_LKAS] 
[34.49638999 0:CAM_LKAS] 
[34.506541397 0:CAM_LKAS] 
[34.517515147 0:CAM_LKAS] 
[34.527115876 0:CAM_LKAS] 
[34.537443428 0:CAM_LKAS] 
[34.54612374 0:CAM_LKAS] 
[34.55612249 0:CAM_LKAS] 
[34.566829574 0:CAM_LKAS] 
[34.576792751 0:CAM_LKAS] 
[34.587120615 0:CAM_LKAS] 
[34.596207907 0:CAM_LKAS] 
[34.606841813 0:CAM_LKAS] 
[34.617305199 0:CAM_LKAS] 
[34.626691136 0:CAM_LKAS] 
[34.637166032 0:CAM_LKAS] 
[34.646449209 0:CAM_LKAS] 
[34.656161292 0:CAM_LKAS] 
[34.667111084 0:CAM_LKAS] 
[34.675873063 0:CAM_LKAS] 
[34.686749938 0:CAM_LKAS] 
[34.696603428 0:CAM_LKAS] 
[34.706654886 0:CAM_LKAS] 
[34.71641874 0:CAM_LKAS] 
[34.726773167 0:CAM_LKAS] 
[34.737276605 0:CAM_LKAS] 
[34.746434522 0:CAM_LKAS] 
[34.756300094 0:CAM_LKAS] 
[34.766910563 0:CAM_LKAS] 
[34.777077126 0:CAM_LKAS] 
[34.786758949 0:CAM_LKAS] 
[34.796376761 0:CAM_LKAS] 
[34.806697959 0:CAM_LKAS] 
[34.817639053 0:CAM_LKAS] 
[34.826906136 0:CAM_LKAS] 
[34.83670749 0:CAM_LANEINFO] 
[34.83670749 0:CAM_LKAS] 
[34.846598428 0:CAM_LKAS] 
[34.856537386 0:CAM_LKAS] 
[34.867184626 0:CAM_LKAS] 
[34.876055772 0:CAM_LKAS] 
[34.887023897 0:CAM_LKAS] 
[34.89657473 0:CAM_LKAS] 
[34.906941813 0:CAM_LKAS] 
[34.916678167 0:CAM_LKAS] 
[34.926966188 0:CAM_LKAS] 
[34.937987751 0:CAM_LKAS] 
[34.946766292 0:CAM_LKAS] 
[34.95567999 0:CAM_LKAS] 
[34.96702723 0:CAM_LKAS] 
[34.976447751 0:CAM_LKAS] 
[34.987497126 0:CAM_LKAS] 
[34.996060303 0:CAM_LKAS] 
[35.006235251 0:CAM_LKAS] 
[35.016878428 0:CAM_LKAS] 
[35.02717973 0:CAM_LKAS] 
[35.036916292 0:CAM_LKAS] 
[35.04693598 0:CAM_LKAS] 
[35.055695303 0:CAM_LKAS] 
[35.068266084 0:CAM_LKAS] 
[35.07671723 0:CAM_LKAS] 
[35.086852021 0:CAM_LKAS] 
[35.095941032 0:CAM_LKAS] 
[35.106384469 0:CAM_LKAS] 
[35.116643636 0:CAM_LKAS] 
[35.127045928 0:CAM_LKAS] 
[35.137119417 0:CAM_LKAS] 
[35.146970042 0:CAM_LKAS] 
[35.155621344 0:CAM_LKAS] 
[35.166582021 0:CAM_LKAS] 
[35.176614209 0:CAM_LKAS] 
[35.187198532 0:CAM_LKAS] 
[35.196003844 0:CAM_LKAS] 
[35.206384105 0:CAM_LKAS] 
[35.216655251 0:CAM_LKAS] 
[35.227124417 0:CAM_LKAS] 
[35.236622959 0:CAM_LKAS] 
[35.24694874 0:CAM_LKAS] 
[35.256786396 0:CAM_LKAS] 
[35.266452334 0:CAM_LKAS] 
[35.276328115 0:CAM_LKAS] 
[35.287116188 0:CAM_LKAS] 
[35.296121501 0:CAM_LKAS] 
[35.306324938 0:CAM_LKAS] 
[35.317200198 0:CAM_LKAS] 
[35.326731657 0:CAM_LKAS] 
[35.337401344 0:CAM_LANEINFO] 
[35.337401344 0:CAM_LKAS] 
[35.346331917 0:CAM_LKAS] 
[35.356133428 0:CAM_LKAS] 
[35.366950615 0:CAM_LKAS] 
[35.375855615 0:CAM_LKAS] 
[35.38670374 0:CAM_LKAS] 
[35.396230094 0:CAM_LKAS] 
[35.406690042 0:CAM_LKAS] 
[35.417092594 0:CAM_LKAS] 
[35.42628098 0:CAM_LKAS] 
[35.43709124 0:CAM_LKAS] 
[35.447083271 0:CAM_LKAS] 
[35.455976553 0:CAM_LKAS] 
[35.467388584 0:CAM_LKAS] 
[35.477023532 0:CAM_LKAS] 
[35.486787646 0:CAM_LKAS] 
[35.496479053 0:CAM_LKAS] 
[35.506655875 0:CAM_LKAS] 
[35.517070511 0:CAM_LKAS] 
[35.5261965 0:CAM_LKAS] 
[35.537508271 0:CAM_LKAS] 
[35.546545771 0:CAM_LKAS] 
[35.556413896 0:CAM_LKAS] 
[35.567030511 0:CAM_LKAS] 
[35.575815511 0:CAM_LKAS] 
[35.586952542 0:CAM_LKAS] 
[35.596545355 0:CAM_LKAS] 
[35.606771084 0:CAM_LKAS] 
[35.61720723 0:CAM_LKAS] 
[35.626637907 0:CAM_LKAS] 
[35.637231865 0:CAM_LKAS] 
[35.646548219 0:CAM_LKAS] 
[35.656199105 0:CAM_LKAS] 
[35.667062802 0:CAM_LKAS] 
[35.675792855 0:CAM_LKAS] 
[35.68662874 0:CAM_LKAS] 
[35.696473323 0:CAM_LKAS] 
[35.706589938 0:CAM_LKAS] 
[35.71725223 0:CAM_LKAS] 
[35.726592177 0:CAM_LKAS] 
[35.736978948 0:CAM_LKAS] 
[35.746134365 0:CAM_LKAS] 
[35.756247594 0:CAM_LKAS] 
[35.766801552 0:CAM_LKAS] 
[35.776872698 0:CAM_LKAS] 
[35.786590354 0:CAM_LKAS] 
[35.796194052 0:CAM_LKAS] 
[35.806635615 0:CAM_LKAS] 
[35.817484521 0:CAM_LKAS] 
[35.826801396 0:CAM_LKAS] 
[35.837459261 0:CAM_LANEINFO] 
[35.837459261 0:CAM_LKAS] 
[35.846608479 0:CAM_LKAS] 
[35.856371865 0:CAM_LKAS] 
[35.866992386 0:CAM_LKAS] 
[35.876084938 0:CAM_LKAS] 
[35.886818479 0:CAM_LKAS] 
[35.896470667 0:CAM_LKAS] 
[35.906870042 0:CAM_LKAS] 
[35.917014625 0:CAM_LKAS] 
[35.927100407 0:CAM_LKAS] 
[35.936788948 0:CAM_LKAS] 
[35.946932438 0:CAM_LKAS] 
[35.955705823 0:CAM_LKAS] 
[35.966877229 0:CAM_LKAS] 
[35.976651761 0:CAM_LKAS] 
[35.987225146 0:CAM_LKAS] 
[35.995894052 0:CAM_LKAS] 
[36.006219365 0:CAM_LKAS] 
[36.016993584 0:CAM_LKAS] 
[36.026129886 0:CAM_LKAS] 
[36.03706025 0:CAM_LKAS] 
[36.046038063 0:CAM_LKAS] 
[36.056016344 0:CAM_LKAS] 
[36.066841448 0:CAM_LKAS] 
[36.076780406 0:CAM_LKAS] 
[36.086315563 0:CAM_LKAS] 
[36.096104573 0:CAM_LKAS] 
[36.106572906 0:CAM_LKAS] 
[36.117144834 0:CAM_LKAS] 
[36.126412073 0:CAM_LKAS] 
[36.137159365 0:CAM_LKAS] 
[36.146160875 0:CAM_LKAS] 
[36.156052281 0:CAM_LKAS] 
[36.167215406 0:CAM_LKAS] 
[36.177121917 0:CAM_LKAS] 
[36.186594677 0:CAM_LKAS] 
[36.196412125 0:CAM_LKAS] 
[36.206644729 0:CAM_LKAS] 
[36.217216396 0:CAM_LKAS] 
[36.226301083 0:CAM_LKAS] 
[36.237145615 0:CAM_LKAS] 
[36.246147698 0:CAM_LKAS] 
[36.255973011 0:CAM_LKAS] 
[36.266700458 0:CAM_LKAS] 
[36.276625823 0:CAM_LKAS] 
[36.287261656 0:CAM_LKAS] 
[36.296375563 0:CAM_LKAS] 
[36.306541031 0:CAM_LKAS] 
[36.3172165 0:CAM_LKAS] 
[36.326473688 0:CAM_LKAS] 
[36.336852646 0:CAM_LANEINFO] 
[36.336852646 0:CAM_LKAS] 
[36.346174833 0:CAM_LKAS] 
[36.356033271 0:CAM_LKAS] 
[36.366818636 0:CAM_LKAS] 
[36.376871708 0:CAM_LKAS] 
[36.386278844 0:CAM_LKAS] 
[36.396116031 0:CAM_LKAS] 
[36.406563844 0:CAM_LKAS] 
[36.417116552 0:CAM_LKAS] 
[36.426325198 0:CAM_LKAS] 
[36.437453531 0:CAM_LKAS] 
[36.446374365 0:CAM_LKAS] 
[36.456280458 0:CAM_LKAS] 
[36.466720875 0:CAM_LKAS] 
[36.476860875 0:CAM_LKAS] 
[36.485840146 0:CAM_LKAS] 
[36.496832958 0:CAM_LKAS] 
[36.506293844 0:CAM_LKAS] 
[36.516940823 0:CAM_LKAS] 
[36.526081135 0:CAM_LKAS] 
[36.53625051 0:CAM_LKAS] 
[36.54675249 0:CAM_LKAS] 
[36.556337802 0:CAM_LKAS] 
[36.567085823 0:CAM_LKAS] 
[36.57673801 0:CAM_LKAS] 
[36.587603479 0:CAM_LKAS] 
[36.596117177 0:CAM_LKAS] 
[36.606389104 0:CAM_LKAS] 
[36.61690624 0:CAM_LKAS] 
[36.626145354 0:CAM_LKAS] 
[36.636928219 0:CAM_LKAS] 
[36.646915719 0:CAM_LKAS] 
[36.655774365 0:CAM_LKAS] 
[36.666662854 0:CAM_LKAS] 
[36.676490719 0:CAM_LKAS] 
[36.68729301 0:CAM_LKAS] 
[36.695849833 0:CAM_LKAS] 
[36.70606801 0:CAM_LKAS] 
[36.716915562 0:CAM_LKAS] 
[36.727154104 0:CAM_LKAS] 
[36.736700562 0:CAM_LKAS] 
[36.746827802 0:CAM_LKAS] 
[36.756819365 0:CAM_LKAS] 
[36.766638323 0:CAM_LKAS] 
[36.776664208 0:CAM_LKAS] 
[36.787333635 0:CAM_LKAS] 
[36.795982646 0:CAM_LKAS] 
[36.806281083 0:CAM_LKAS] 
[36.817238687 0:CAM_LKAS] 
[36.826106812 0:CAM_LKAS] 
[36.837068687 0:CAM_LANEINFO] 
[36.837068687 0:CAM_LKAS] 
[36.847000667 0:CAM_LKAS] 
[36.855749937 0:CAM_LKAS] 
[36.866612021 0:CAM_LKAS] 
[36.876656812 0:CAM_LKAS] 
[36.887310354 0:CAM_LKAS] 
[36.895949989 0:CAM_LKAS] 
[36.906104781 0:CAM_LKAS] 
[36.916834 0:CAM_LKAS] 
[36.927103323 0:CAM_LKAS] 
[36.936925562 0:CAM_LKAS] 
[36.946736864 0:CAM_LKAS] 
[36.956829937 0:CAM_LKAS] 
[36.966579677 0:CAM_LKAS] 
[36.976240979 0:CAM_LKAS] 
[36.987097073 0:CAM_LKAS] 
[36.996994937 0:CAM_LKAS] 
[37.006102437 0:CAM_LKAS] 
[37.016933583 0:CAM_LKAS] 
[37.027249625 0:CAM_LKAS] 
[37.036973635 0:CAM_LKAS] 
[37.046854625 0:CAM_LKAS] 
[37.055696135 0:CAM_LKAS] 
[37.06663275 0:CAM_LKAS] 
[37.076354573 0:CAM_LKAS] 
[37.087146604 0:CAM_LKAS] 
[37.096962281 0:CAM_LKAS] 
[37.106002958 0:CAM_LKAS] 
[37.11751801 0:CAM_LKAS] 
[37.126821291 0:CAM_LKAS] 
[37.136878687 0:CAM_LKAS] 
[37.14667676 0:CAM_LKAS] 
[37.156653375 0:CAM_LKAS] 
[37.166998791 0:CAM_LKAS] 
[37.17614025 0:CAM_LKAS] 
[37.186005875 0:CAM_LKAS] 
[37.196436604 0:CAM_LKAS] 
[37.206659729 0:CAM_LKAS] 
[37.217214833 0:CAM_LKAS] 
[37.226472177 0:CAM_LKAS] 
[37.237215823 0:CAM_LKAS] 
[37.245912646 0:CAM_LKAS] 
[37.255950302 0:CAM_LKAS] 
[37.266689885 0:CAM_LKAS] 
[37.276864989 0:CAM_LKAS] 
[37.287740823 0:CAM_LKAS] 
[37.296262646 0:CAM_LKAS] 
[37.306436135 0:CAM_LKAS] 
[37.317294156 0:CAM_LKAS] 
[37.326514833 0:CAM_LKAS] 
[37.337254312 0:CAM_LANEINFO] 
[37.337254312 0:CAM_LKAS] 
[37.346230354 0:CAM_LKAS] 
[37.356237854 0:CAM_LKAS] 
[37.366922073 0:CAM_LKAS] 
[37.375867906 0:CAM_LKAS] 
[37.386556083 0:CAM_LKAS] 
[37.396415875 0:CAM_LKAS] 
[37.406710354 0:CAM_LKAS] 
[37.416584104 0:CAM_LKAS] 
[37.426543583 0:CAM_LKAS] 
[37.437275875 0:CAM_LKAS] 
[37.44625426 0:CAM_LKAS] 
[37.456171968 0:CAM_LKAS] 
[37.467066083 0:CAM_LKAS] 
[37.47588301 0:CAM_LKAS] 
[37.486565093 0:CAM_LKAS] 
[37.496440406 0:CAM_LKAS] 
[37.506599052 0:CAM_LKAS] 
[37.516921864 0:CAM_LKAS] 
[37.526273323 0:CAM_LKAS] 
[37.537406448 0:CAM_LKAS] 
[37.54606426 0:CAM_LKAS] 
[37.555993687 0:CAM_LKAS] 
[37.566788166 0:CAM_LKAS] 
[37.577506031 0:CAM_LKAS] 
[37.587092489 0:CAM_LKAS] 
[37.596517333 0:CAM_LKAS] 
[37.606618635 0:CAM_LKAS] 
[37.616964364 0:CAM_LKAS] 
[37.626095041 0:CAM_LKAS] 
[37.637137698 0:CAM_LKAS] 
[37.647014989 0:CAM_LKAS] 
[37.655925979 0:CAM_LKAS] 
[37.666632177 0:CAM_LKAS] 
[37.676745666 0:CAM_LKAS] 
[37.686578843 0:CAM_LKAS] 
[37.696111968 0:CAM_LKAS] 
[37.706412333 0:CAM_LKAS] 
[37.716987333 0:CAM_LKAS] 
[37.72633452 0:CAM_LKAS] 
[37.737060302 0:CAM_LKAS] 
[37.746916656 0:CAM_LKAS] 
[37.75590452 0:CAM_LKAS] 
[37.766462802 0:CAM_LKAS] 
[37.776431083 0:CAM_LKAS] 
[37.787635354 0:CAM_LKAS] 
[37.79590202 0:CAM_LKAS] 
[37.806134468 0:CAM_LKAS] 
[37.816476239 0:CAM_LKAS] 
[37.827039468 0:CAM_LKAS] 
[37.837069572 0:CAM_LANEINFO] 
[37.837069572 0:CAM_LKAS] 
[37.846583791 0:CAM_LKAS] 
[37.856742229 0:CAM_LKAS] 
[37.866251239 0:CAM_LKAS] 
[37.876293947 0:CAM_LKAS] 
[37.887460458 0:CAM_LKAS] 
[37.896760562 0:CAM_LKAS] 
[37.905751395 0:CAM_LKAS] 
[37.916408791 0:CAM_LKAS] 
[37.926577906 0:CAM_LKAS] 
[37.937638687 0:CAM_LKAS] 
[37.946270093 0:CAM_LKAS] 
[37.956257958 0:CAM_LKAS] 
[37.966856239 0:CAM_LKAS] 
[37.976004364 0:CAM_LKAS] 
[37.98702827 0:CAM_LKAS] 
[37.996396447 0:CAM_LKAS] 
[38.006809781 0:CAM_LKAS] 
[38.016396239 0:CAM_LKAS] 
[38.026744208 0:CAM_LKAS] 
[38.037517489 0:CAM_LKAS] 
[38.046524729 0:CAM_LKAS] 
[38.056235458 0:CAM_LKAS] 
[38.067043583 0:CAM_LKAS] 
[38.076183999 0:CAM_LKAS] 
[38.087096656 0:CAM_LKAS] 
[38.096603062 0:CAM_LKAS] 
[38.106753218 0:CAM_LKAS] 
[38.11614801 0:CAM_LKAS] 
[38.12659202 0:CAM_LKAS] 
[38.137634156 0:CAM_LKAS] 
[38.146484208 0:CAM_LKAS] 
[38.156349833 0:CAM_LKAS] 
[38.167102385 0:CAM_LKAS] 
[38.176415926 0:CAM_LKAS] 
[38.187243583 0:CAM_LKAS] 
[38.196881864 0:CAM_LKAS] 
[38.205857854 0:CAM_LKAS] 
[38.216219781 0:CAM_LKAS] 
[38.226586916 0:CAM_LKAS] 
[38.237697541 0:CAM_LKAS] 
[38.246109364 0:CAM_LKAS] 
[38.256177124 0:CAM_LKAS] 
[38.266954572 0:CAM_LKAS] 
[38.27711426 0:CAM_LKAS] 
[38.286883635 0:CAM_LKAS] 
[38.296420197 0:CAM_LKAS] 
[38.306899833 0:CAM_LKAS] 
[38.31633077 0:CAM_LKAS] 
[38.326627072 0:CAM_LKAS] 
[38.337306499 0:CAM_LANEINFO] 
[38.337306499 0:CAM_LKAS] 
[38.346284624 0:CAM_LKAS] 
[38.356231656 0:CAM_LKAS] 
[38.367098114 0:CAM_LKAS] 
[38.375892593 0:CAM_LKAS] 
[38.386835979 0:CAM_LKAS] 
[38.396553999 0:CAM_LKAS] 
[38.40675801 0:CAM_LKAS] 
[38.416222072 0:CAM_LKAS] 
[38.426584572 0:CAM_LKAS] 
[38.437561083 0:CAM_LKAS] 
[38.446281343 0:CAM_LKAS] 
[38.456367437 0:CAM_LKAS] 
[38.467066499 0:CAM_LKAS] 
[38.476164416 0:CAM_LKAS] 
[38.486792281 0:CAM_LKAS] 
[38.49679051 0:CAM_LKAS] 
[38.505789103 0:CAM_LKAS] 
[38.516488114 0:CAM_LKAS] 
[38.526781499 0:CAM_LKAS] 
[38.537409833 0:CAM_LKAS] 
[38.546394624 0:CAM_LKAS] 
[38.556506656 0:CAM_LKAS] 
[38.567269781 0:CAM_LKAS] 
[38.576184833 0:CAM_LKAS] 
[38.587026083 0:CAM_LKAS] 
[38.596936447 0:CAM_LKAS] 
[38.607065978 0:CAM_LKAS] 
[38.616518426 0:CAM_LKAS] 
[38.626869885 0:CAM_LKAS] 
[38.63754952 0:CAM_LKAS] 
[38.64661301 0:CAM_LKAS] 
[38.65641051 0:CAM_LKAS] 
[38.667156968 0:CAM_LKAS] 
[38.67611676 0:CAM_LKAS] 
[38.686971968 0:CAM_LKAS] 
[38.696741708 0:CAM_LKAS] 
[38.706854312 0:CAM_LKAS] 
[38.716831708 0:CAM_LKAS] 
[38.727250301 0:CAM_LKAS] 
[38.73664301 0:CAM_LKAS] 
[38.746597749 0:CAM_LKAS] 
[38.756572645 0:CAM_LKAS] 
[38.767058062 0:CAM_LKAS] 
[38.776120458 0:CAM_LKAS] 
[38.786995405 0:CAM_LKAS] 
[38.796615614 0:CAM_LKAS] 
[38.806977853 0:CAM_LKAS] 
[38.816371135 0:CAM_LKAS] 
[38.827090301 0:CAM_LKAS] 
[38.836842437 0:CAM_LANEINFO] 
[38.836842437 0:CAM_LKAS] 
[38.84673978 0:CAM_LKAS] 
[38.856703687 0:CAM_LKAS] 
[38.867209416 0:CAM_LKAS] 
[38.876364416 0:CAM_LKAS] 
[38.887737697 0:CAM_LKAS] 
[38.896803999 0:CAM_LKAS] 
[38.906002489 0:CAM_LKAS] 
[38.916577905 0:CAM_LKAS] 
[38.92685577 0:CAM_LKAS] 
[38.937684572 0:CAM_LKAS] 
[38.946721291 0:CAM_LKAS] 
[38.95659728 0:CAM_LKAS] 
[38.967032072 0:CAM_LKAS] 
[38.976241707 0:CAM_LKAS] 
[38.987299364 0:CAM_LKAS] 
[38.996633426 0:CAM_LKAS] 
[39.007054312 0:CAM_LKAS] 
[39.016402437 0:CAM_LKAS] 
[39.026885666 0:CAM_LKAS] 
[39.037805197 0:CAM_LKAS] 
[39.046487801 0:CAM_LKAS] 
[39.056411603 0:CAM_LKAS] 
[39.067126239 0:CAM_LKAS] 
[39.075944416 0:CAM_LKAS] 
[39.087282228 0:CAM_LKAS] 
[39.096543218 0:CAM_LKAS] 
[39.10666577 0:CAM_LKAS] 
[39.116153739 0:CAM_LKAS] 
[39.126610353 0:CAM_LKAS] 
[39.137376603 0:CAM_LKAS] 
[39.146272384 0:CAM_LKAS] 
[39.156260718 0:CAM_LKAS] 
[39.16698228 0:CAM_LKAS] 
[39.176006707 0:CAM_LKAS] 
[39.187077645 0:CAM_LKAS] 
[39.196422645 0:CAM_LKAS] 
[39.206773322 0:CAM_LKAS] 
[39.216083426 0:CAM_LKAS] 
[39.226561655 0:CAM_LKAS] 
[39.237278374 0:CAM_LKAS] 
[39.246119832 0:CAM_LKAS] 
[39.256186759 0:CAM_LKAS] 
[39.266890041 0:CAM_LKAS] 
[39.277161082 0:CAM_LKAS] 
[39.287050041 0:CAM_LKAS] 
[39.296441291 0:CAM_LKAS] 
[39.306726968 0:CAM_LKAS] 
[39.317063478 0:CAM_LKAS] 
[39.32619077 0:CAM_LKAS] 
[39.337028218 0:CAM_LANEINFO] 
[39.337028218 0:CAM_LKAS] 
[39.346860926 0:CAM_LKAS] 
[39.355535978 0:CAM_LKAS] 
[39.366242541 0:CAM_LKAS] 
[39.376134155 0:CAM_LKAS] 
[39.387261343 0:CAM_LKAS] 
[39.39682853 0:CAM_LKAS] 
[39.405784884 0:CAM_LKAS] 
[39.416215614 0:CAM_LKAS] 
[39.426605145 0:CAM_LKAS] 
[39.436640197 0:CAM_LKAS] 
[39.446694572 0:CAM_LKAS] 
[39.455962697 0:CAM_LKAS] 
[39.466784103 0:CAM_LKAS] 
[39.476854728 0:CAM_LKAS] 
[39.486108582 0:CAM_LKAS] 
[39.496050874 0:CAM_LKAS] 
[39.506429363 0:CAM_LKAS] 
[39.516821916 0:CAM_LKAS] 
[39.526015509 0:CAM_LKAS] 
[39.537595041 0:CAM_LKAS] 
[39.546992957 0:CAM_LKAS] 
[39.555819155 0:CAM_LKAS] 
[39.566506291 0:CAM_LKAS] 
[39.576438113 0:CAM_LKAS] 
[39.587354728 0:CAM_LKAS] 
[39.596028218 0:CAM_LKAS] 
[39.606209311 0:CAM_LKAS] 
[39.61700478 0:CAM_LKAS] 
[39.627085249 0:CAM_LKAS] 
[39.637157436 0:CAM_LKAS] 
[39.646718843 0:CAM_LKAS] 
[39.656755457 0:CAM_LKAS] 
[39.666430822 0:CAM_LKAS] 
[39.676476603 0:CAM_LKAS] 
[39.687589988 0:CAM_LKAS] 
[39.695864884 0:CAM_LKAS] 
[39.70606353 0:CAM_LKAS] 
[39.716635718 0:CAM_LKAS] 
[39.727215249 0:CAM_LKAS] 
[39.737006707 0:CAM_LKAS] 
[39.746590353 0:CAM_LKAS] 
[39.755538009 0:CAM_LKAS] 
[39.767142176 0:CAM_LKAS] 
[39.776218322 0:CAM_LKAS] 
[39.787181551 0:CAM_LKAS] 
[39.796741915 0:CAM_LKAS] 
[39.805899363 0:CAM_LKAS] 
[39.816683009 0:CAM_LKAS] 
[39.827388895 0:CAM_LKAS] 
[39.837314311 0:CAM_LANEINFO] 
[39.837314311 0:CAM_LKAS] 
[39.846789363 0:CAM_LKAS] 
[39.855643895 0:CAM_LKAS] 
[39.866263582 0:CAM_LKAS] 
[39.876482176 0:CAM_LKAS] 
[39.887328738 0:CAM_LKAS] 
[39.896636968 0:CAM_LKAS] 
[39.906186811 0:CAM_LKAS] 
[39.916556499 0:CAM_LKAS] 
[39.926840457 0:CAM_LKAS] 
[39.936876603 0:CAM_LKAS] 
[39.946521915 0:CAM_LKAS] 
[39.956511134 0:CAM_LKAS] 
[39.966986082 0:CAM_LKAS] 
[39.976023009 0:CAM_LKAS] 
[39.98705077 0:CAM_LKAS] 
[39.996540457 0:CAM_LKAS] 
[40.006707853 0:CAM_LKAS] 
[40.016038895 0:CAM_LKAS] 
[40.026506863 0:CAM_LKAS] 
[40.037263061 0:CAM_LKAS] 
[40.046104415 0:CAM_LKAS] 
[40.056078895 0:CAM_LKAS] 
[40.066548582 0:CAM_LKAS] 
[40.07669327 0:CAM_LKAS] 
[40.087850092 0:CAM_LKAS] 
[40.096439051 0:CAM_LKAS] 
[40.106485301 0:CAM_LKAS] 
[40.11685577 0:CAM_LKAS] 
[40.126340926 0:CAM_LKAS] 
[40.137325144 0:CAM_LKAS] 
[40.146926915 0:CAM_LKAS] 
[40.155781759 0:CAM_LKAS] 
[40.166707436 0:CAM_LKAS] 
[40.176576655 0:CAM_LKAS] 
[40.187745197 0:CAM_LKAS] 
[40.195898634 0:CAM_LKAS] 
[40.206274832 0:CAM_LKAS] 
[40.216600405 0:CAM_LKAS] 
[40.227116967 0:CAM_LKAS] 
[40.237132332 0:CAM_LKAS] 
[40.246911186 0:CAM_LKAS] 
[40.255769311 0:CAM_LKAS] 
[40.266358009 0:CAM_LKAS] 
[40.276382228 0:CAM_LKAS] 
[40.28766379 0:CAM_LKAS] 
[40.295715092 0:CAM_LKAS] 
[40.306025249 0:CAM_LKAS] 
[40.316487228 0:CAM_LKAS] 
[40.32687379 0:CAM_LKAS] 
[40.337953426 0:CAM_LANEINFO] 
[40.337953426 0:CAM_LKAS] 
[40.346470561 0:CAM_LKAS] 
[40.356658946 0:CAM_LKAS] 
[40.366010613 0:CAM_LKAS] 
[40.376172592 0:CAM_LKAS] 
[40.387203894 0:CAM_LKAS] 
[40.396856342 0:CAM_LKAS] 
[40.405976134 0:CAM_LKAS] 
[40.416519363 0:CAM_LKAS] 
[40.426843634 0:CAM_LKAS] 
[40.437842228 0:CAM_LKAS] 
[40.446842644 0:CAM_LKAS] 
[40.455647176 0:CAM_LKAS] 
[40.466259467 0:CAM_LKAS] 
[40.476335561 0:CAM_LKAS] 
[40.487531446 0:CAM_LKAS] 
[40.496826655 0:CAM_LKAS] 
[40.506198113 0:CAM_LKAS] 
[40.516608165 0:CAM_LKAS] 
[40.527238321 0:CAM_LKAS] 
[40.537316915 0:CAM_LKAS] 
[40.546876603 0:CAM_LKAS] 
[40.555744624 0:CAM_LKAS] 
[40.566578426 0:CAM_LKAS] 
[40.576617176 0:CAM_LKAS] 
[40.587496394 0:CAM_LKAS] 
[40.595896498 0:CAM_LKAS] 
[40.606108582 0:CAM_LKAS] 
[40.616587071 0:CAM_LKAS] 
[40.627651394 0:CAM_LKAS] 
[40.638213113 0:CAM_LKAS] 
[40.646098009 0:CAM_LKAS] 
[40.656051238 0:CAM_LKAS] 
[40.666588478 0:CAM_LKAS] 
[40.676818998 0:CAM_LKAS] 
[40.687613269 0:CAM_LKAS] 
[40.696160665 0:CAM_LKAS] 
[40.706367801 0:CAM_LKAS] 
[40.716888269 0:CAM_LKAS] 
[40.726391655 0:CAM_LKAS] 
[40.73734978 0:CAM_LKAS] 
[40.74704478 0:CAM_LKAS] 
[40.755809571 0:CAM_LKAS] 
[40.766760873 0:CAM_LKAS] 
[40.77680478 0:CAM_LKAS] 
[40.786703582 0:CAM_LKAS] 
[40.795984311 0:CAM_LKAS] 
[40.806362228 0:CAM_LKAS] 
[40.817109519 0:CAM_LKAS] 
