[0.0 0:0x757]
[0.0 1:0x7b0]
[0.0 1:0x18dab5f1]
[0.0 1:0x7c6]
[0.0 1:0x730]
[0.0 1:0x746]
[0.0 0:0x7e1]
[0.0 1:0x18da30f1]
[0.0 1:0x7b7]
[0.0 1:0x787]
[0.0 0:0x7e0]
[0.0 1:0x18daeff1]
[0.0 0:0x715]
[0.0 1:0x7b3]
[0.0 1:0x18dab0f1]
[0.0 1:0x7d1]
[0.0 1:0x18da2bf1]
[0.0 1:0x18da60f1]
[0.0 1:0x74f]
[0.0 1:0x712]
[0.0 1:0x7a3]
[0.0 1:0x18da10f1]
[0.0 1:0x757]
[0.0 1:0x18da53f1]
[0.0 1:0x7b1]
[0.0 1:0x7c4]
[0.0 1:0x7d4]
[0.0 1:0x7e1]
[0.0 1:0x18da1ef1]
[0.0 1:0x7a2]
[0.0 1:0x18da28f1]
[0.0 1:0x18da61f1]
[0.0 0:0x712]
[0.0 0:0x74f]
[0.0 1:0x7e0]
[0.0 1:0x715]
[0.0 1:0x7d0]
[0.0 1:0x18da0bf1]
[0.115308906 0:0x760]
[0.120937031 0:0x764]
[0.131521354 0:0x730]
[0.141830729 0:0x760]
[0.324798437 1:0x7d0]
[0.324874635 1:0x760]
[0.428807604 0:0x7e0]
[0.42889375 0:0x730]
[0.428945625 0:0x760]
[0.437276823 0:0x7e0]
[0.447777448 0:0x7e0]
[0.447903489 0:0x730]
[0.458068385 0:0x706]
[0.458312864 0:0x760]
[0.48822375 0:0x760]
[0.538241667 0:0x706]
[0.53836 0:0x730]
[0.547660573 0:0x730]
[0.557923125 0:0x706]
[0.577732604 0:0x706]
[0.647550104 0:0x760]
[0.657712239 0:0x730]
[0.668204844 0:0x760]
[0.748094219 0:0x730]
[0.748124635 0:0x760]
[0.757215312 0:0x730]
[0.767882344 0:0x760]
[0.857937812 0:0x7d0]
[0.877565 0:0x706]
[0.967750156 0:0x7d0]
[1.078012812 0:0x7d0]
[1.187916302 0:0x7d0]
[1.297565937 0:0x7d0]
[1.407450468 0:0x7d0]
[1.517583124 0:0x706]
[1.517651822 0:0x7d0]
[1.527818593 0:0x706]
[1.627371249 0:0x706]
[1.646935677 0:0x706]
[1.658133697 0:0x706]
[1.667408541 0:0x706]
[1.708154479 0:0x706]
[1.718282968 0:0x706]
[1.740044166 1:0x7b3]
[1.740188385 1:0x7d0]
[1.740258541 1:0x7d1]
[1.740325468 1:0x7b1]
[1.847945885 0:0x7b7]
[1.848093333 0:0x7c4]
[1.84813302 0:0x7b1]
[2.072302864 1:0x7d0]
[2.072378124 1:0x7c4]
[2.072414739 1:0x7b1]
[2.173774895 0:0x7b3]
[2.173898853 0:0x7e1]
[2.173981978 0:0x7d1]
[2.174036041 0:0x7b1]
[2.284691614 0:0x7b7]
[2.284777655 0:0x730]
[2.28485776 0:0x7b1]
[2.304431978 0:0x7e1]
[2.394591926 1:0x7b7]
[2.394670989 1:0x7c6]
[2.39469578 1:0x730]
[2.39474151 1:0x7c4]
[2.394781978 1:0x7b1]
[2.515171822 0:0x7a1]
[2.515249895 0:0x791]
[2.515315207 0:0x780]
[2.624880937 0:0x780]
[2.735262707 0:0x7c4]
[2.735419009 0:0x7e1]
[2.735463593 0:0x701]
[2.735584218 0:0x7b0]
[2.735624374 0:0x780]
[2.744083541 0:0x7e0]
[2.754427812 0:0x7e0]
[2.754549687 0:0x7e1]
[2.764590051 0:0x7c4]
[2.764707499 0:0x7e0]
[2.764774739 0:0x7e1]
[2.773671666 0:0x7e1]
[2.785138176 0:0x7c4]
[2.804371561 0:0x7c4]
[2.844837395 0:0x750]
[2.954348853 0:0x750]
[3.064251457 0:0x750]
[3.174111353 0:0x750]
[3.503331353 1:0x74f]
[3.503398697 1:0x712]
[3.604098488 1:0x7e1]
[3.933828696 1:0x757]
[3.933974426 1:0x712]
[4.039777186 1:0x7e0]
[4.039847551 1:0x7e1]
[4.150192863 0:0x74f]
[4.150245103 0:0x712]
[4.260275363 0:0x7e1]
[4.404965675 1:0x7e0]
[4.405082603 1:0x7a3]
[4.405146665 1:0x7a2]
[4.506365728 0:0x787]
[4.616814998 0:0x787]
[4.725832602 0:0x787]
[4.826822342 0:0x7e1]
[4.827000311 0:0x7a2]
[4.846670988 0:0x7e0]
[4.846796352 0:0x7e1]
[5.157976144 1:0x7e1]
[5.158061352 1:0x7b0]
[5.158105884 1:0x7a2]
[5.274507758 0:0x7e4]
[5.274618592 0:0x744]
[5.274689529 0:0x742]
[5.387933227 0:0x7e0]
[5.388011352 0:0x747]
[5.493482602 0:0x7e0]
[5.493564633 0:0x7e1]
[5.514808904 0:0x730]
[5.52403906 0:0x730]
[5.546349529 0:0x720]
[5.564301769 0:0x720]
[5.662933383 0:0x7e0]
[5.663056821 0:0x740]
[5.663104269 0:0x742]
[5.773613904 0:0x7e0]
[5.773765831 0:0x707]
[5.773788019 0:0x742]
[5.884442602 0:0x7e0]
[5.884553956 0:0x740]
[5.884597967 0:0x742]
[5.985590206 0:0x7e0]
[5.985739737 0:0x740]
[5.985848852 0:0x742]
[6.211563331 1:0x7e0]
[6.211686039 1:0x740]
[6.211733904 1:0x742]
[6.322305518 1:0x18dad0f1]
[6.322374425 1:0x742]
[6.431723175 1:0x7e0]
[6.431869789 1:0x740]
[6.431917862 1:0x742]
[6.532600883 1:0x7e0]
[6.532738279 1:0x740]
[6.5327888 1:0x742]
[10.288560673 0:CAM_LANEINFO]
[10.288560673 0:CAM_LKAS]
[10.300116663 0:CAM_LKAS]
[10.308775621 0:CAM_LKAS]
[10.329473434 0:CAM_LKAS]
[10.337304632 0:CAM_LKAS]
[10.348448746 0:CAM_LKAS]
[10.3577776 0:CAM_LKAS]
[10.36811234 0:CAM_LKAS]
[10.377524579 0:CAM_LKAS]
[10.387799684 0:CAM_LKAS]
[10.398254163 0:CAM_LKAS]
[10.406935934 0:CAM_LKAS]
[10.417502548 0:CAM_LKAS]
[10.427948173 0:CAM_LKAS]
[10.438072913 0:CAM_LKAS]
[10.447389423 0:CAM_LKAS]
[10.45756859 0:CAM_LKAS]
[10.467806767 0:CAM_LKAS]
[10.478300725 0:CAM_LKAS]
[10.487605621 0:CAM_LKAS]
[10.499278381 0:CAM_LKAS]
[10.508079371 0:CAM_LKAS]
[10.517461975 0:CAM_LKAS]
[10.527371246 0:CAM_LKAS]
[10.538071454 0:CAM_LKAS]
[10.548061506 0:CAM_LKAS]
[10.557241923 0:CAM_LKAS]
[10.567474996 0:CAM_LKAS]
[10.577729892 0:CAM_LKAS]
[10.588111611 0:CAM_LKAS]
[10.597249788 0:CAM_LKAS]
[10.607088329 0:CAM_LKAS]
[10.617639006 0:CAM_LKAS]
[10.628212809 0:CAM_LKAS]
[10.637350569 0:CAM_LKAS]
[10.649281611 0:CAM_LKAS]
[10.657908902 0:CAM_LKAS]
[10.667233017 0:CAM_LKAS]
[10.677477288 0:CAM_LKAS]
[10.688918017 0:CAM_LKAS]
[10.697452288 0:CAM_LKAS]
[10.70741234 0:CAM_LKAS]
[10.717939683 0:CAM_LKAS]
[10.72724734 0:CAM_LKAS]
[10.738569319 0:CAM_LKAS]
[10.748003902 0:CAM_LKAS]
[10.757210152 0:CAM_LKAS]
[10.767433954 0:CAM_LKAS]
[10.777933694 0:CAM_LKAS]
[10.788976923 0:CAM_LKAS]
[10.797742236 0:CAM_LANEINFO]
[10.797742236 0:CAM_LKAS]
[10.807734996 0:CAM_LKAS]
[10.818328642 0:CAM_LKAS]
[10.827603902 0:CAM_LKAS]
[10.837661454 0:CAM_LKAS]
[10.848015986 0:CAM_LKAS]
[10.857992756 0:CAM_LKAS]
[10.867267808 0:CAM_LKAS]
[10.878218433 0:CAM_LKAS]
[10.887544631 0:CAM_LKAS]
[10.899450308 0:CAM_LKAS]
[10.907933433 0:CAM_LKAS]
[10.918502913 0:CAM_LKAS]
[10.927784788 0:CAM_LKAS]
[10.938063798 0:CAM_LKAS]
[10.947298746 0:CAM_LKAS]
[10.957318017 0:CAM_LKAS]
[10.968867392 0:CAM_LKAS]
[10.978078329 0:CAM_LKAS]
[10.987556402 0:CAM_LKAS]
[10.998062652 0:CAM_LKAS]
[11.007957392 0:CAM_LKAS]
[11.017278381 0:CAM_LKAS]
[11.02715286 0:CAM_LKAS]
[11.037669527 0:CAM_LKAS]
[11.0487026 0:CAM_LKAS]
[11.058174267 0:CAM_LKAS]
[11.067443538 0:CAM_LKAS]
[11.077785673 0:CAM_LKAS]
[11.088355621 0:CAM_LKAS]
[11.097785933 0:CAM_LKAS]
[11.107807027 0:CAM_LKAS]
[11.118175881 0:CAM_LKAS]
[11.127584371 0:CAM_LKAS]
[11.138060621 0:CAM_LKAS]
[11.14715359 0:CAM_LKAS]
[11.157472808 0:CAM_LKAS]
[11.167445881 0:CAM_LKAS]
[11.177928173 0:CAM_LKAS]
[11.188242287 0:CAM_LKAS]
[11.197460465 0:CAM_LKAS]
[11.207277652 0:CAM_LKAS]
[11.218216037 0:CAM_LKAS]
[11.227670517 0:CAM_LKAS]
[11.237831715 0:CAM_LKAS]
[11.248415829 0:CAM_LKAS]
[11.257584267 0:CAM_LKAS]
[11.267607131 0:CAM_LKAS]
[11.277995517 0:CAM_LKAS]
[11.287478798 0:CAM_LKAS]
[11.299414162 0:CAM_LANEINFO]
[11.299414162 0:CAM_LKAS]
[11.307810881 0:CAM_LKAS]
[11.3171726 0:CAM_LKAS]
[11.327659735 0:CAM_LKAS]
[11.337708746 0:CAM_LKAS]
[11.348037444 0:CAM_LKAS]
[11.357988694 0:CAM_LKAS]
[11.367784735 0:CAM_LKAS]
[11.378228121 0:CAM_LKAS]
[11.387973642 0:CAM_LKAS]
[11.397998746 0:CAM_LKAS]
[11.40807411 0:CAM_LKAS]
[11.417563069 0:CAM_LKAS]
[11.427703277 0:CAM_LKAS]
[11.43805536 0:CAM_LKAS]
[11.447399996 0:CAM_LKAS]
[11.457696246 0:CAM_LKAS]
[11.467494892 0:CAM_LKAS]
[11.478116402 0:CAM_LKAS]
[11.488700517 0:CAM_LKAS]
[11.497927027 0:CAM_LKAS]
[11.507914423 0:CAM_LKAS]
[11.517295152 0:CAM_LKAS]
[11.527092704 0:CAM_LKAS]
[11.537781506 0:CAM_LKAS]
[11.547857444 0:CAM_LKAS]
[11.558309214 0:CAM_LKAS]
[11.567277079 0:CAM_LKAS]
[11.577693485 0:CAM_LKAS]
[11.588311402 0:CAM_LKAS]
[11.597486819 0:CAM_LKAS]
[11.607549058 0:CAM_LKAS]
[11.617925308 0:CAM_LKAS]
[11.627274319 0:CAM_LKAS]
[11.637725621 0:CAM_LKAS]
[11.647879944 0:CAM_LKAS]
[11.658115464 0:CAM_LKAS]
[11.667171402 0:CAM_LKAS]
[11.677581506 0:CAM_LKAS]
[11.687883746 0:CAM_LKAS]
[11.69767036 0:CAM_LKAS]
[11.707258225 0:CAM_LKAS]
[11.717587287 0:CAM_LKAS]
[11.728047131 0:CAM_LKAS]
[11.738100829 0:CAM_LKAS]
[11.747721818 0:CAM_LKAS]
[11.758024735 0:CAM_LKAS]
[11.768038225 0:CAM_LKAS]
[11.777558433 0:CAM_LKAS]
[11.788792964 0:CAM_LKAS]
[11.797719735 0:CAM_LANEINFO]
[11.797719735 0:CAM_LKAS]
[11.807745673 0:CAM_LKAS]
[11.818018225 0:CAM_LKAS]
[11.827412287 0:CAM_LKAS]
[11.837829371 0:CAM_LKAS]
[11.849358902 0:CAM_LKAS]
[11.857241506 0:CAM_LKAS]
[11.867291975 0:CAM_LKAS]
[11.877647704 0:CAM_LKAS]
[11.888165308 0:CAM_LKAS]
[11.898794318 0:CAM_LKAS]
[11.907321402 0:CAM_LKAS]
[11.918055985 0:CAM_LKAS]
[11.927801558 0:CAM_LKAS]
[11.938449683 0:CAM_LKAS]
[11.947481402 0:CAM_LKAS]
[11.957774006 0:CAM_LKAS]
[11.96790135 0:CAM_LKAS]
[11.977255152 0:CAM_LKAS]
[11.98797036 0:CAM_LKAS]
[11.998225933 0:CAM_LKAS]
[12.007231193 0:CAM_LKAS]
[12.017568016 0:CAM_LKAS]
[12.027478329 0:CAM_LKAS]
[12.037865152 0:CAM_LKAS]
[12.04825437 0:CAM_LKAS]
[12.057479943 0:CAM_LKAS]
[12.067721454 0:CAM_LKAS]
[12.077927495 0:CAM_LKAS]
[12.088294006 0:CAM_LKAS]
[12.098966662 0:CAM_LKAS]
[12.107629266 0:CAM_LKAS]
[12.118013693 0:CAM_LKAS]
[12.127410048 0:CAM_LKAS]
[12.138593693 0:CAM_LKAS]
[12.14815536 0:CAM_LKAS]
[12.157388589 0:CAM_LKAS]
[12.167496454 0:CAM_LKAS]
[12.17791187 0:CAM_LKAS]
[12.188582652 0:CAM_LKAS]
[12.197752235 0:CAM_LKAS]
[12.207769579 0:CAM_LKAS]
[12.218223485 0:CAM_LKAS]
[12.227498745 0:CAM_LKAS]
[12.238146975 0:CAM_LKAS]
[12.247476193 0:CAM_LKAS]
[12.25779187 0:CAM_LKAS]
[12.267769839 0:CAM_LKAS]
[12.278309683 0:CAM_LKAS]
[12.287545308 0:CAM_LKAS]
[12.299785047 0:CAM_LANEINFO]
[12.299785047 0:CAM_LKAS]
[12.307130568 0:CAM_LKAS]
[12.317482391 0:CAM_LKAS]
[12.327782704 0:CAM_LKAS]
[12.338567235 0:CAM_LKAS]
[12.347554162 0:CAM_LKAS]
[12.357733433 0:CAM_LKAS]
[12.367885725 0:CAM_LKAS]
[12.378264995 0:CAM_LKAS]
[12.387901506 0:CAM_LKAS]
[12.398076141 0:CAM_LKAS]
[12.407352756 0:CAM_LKAS]
[12.417584006 0:CAM_LKAS]
[12.428097443 0:CAM_LKAS]
[12.438033329 0:CAM_LKAS]
[12.44784786 0:CAM_LKAS]
[12.458073902 0:CAM_LKAS]
[12.467233902 0:CAM_LKAS]
[12.477430099 0:CAM_LKAS]
[12.488253224 0:CAM_LKAS]
[12.497498902 0:CAM_LKAS]
[12.507604891 0:CAM_LKAS]
[12.517939787 0:CAM_LKAS]
[12.527784995 0:CAM_LKAS]
[12.538158693 0:CAM_LKAS]
[12.547369787 0:CAM_LKAS]
[12.557646141 0:CAM_LKAS]
[12.567846349 0:CAM_LKAS]
[12.578279318 0:CAM_LKAS]
[12.587916974 0:CAM_LKAS]
[12.598129995 0:CAM_LKAS]
[12.607143224 0:CAM_LKAS]
[12.617620099 0:CAM_LKAS]
[12.627965568 0:CAM_LKAS]
[12.638448433 0:CAM_LKAS]
[12.647738537 0:CAM_LKAS]
[12.65796661 0:CAM_LKAS]
[12.668208641 0:CAM_LKAS]
[12.677556245 0:CAM_LKAS]
[12.688048693 0:CAM_LKAS]
[12.698237756 0:CAM_LKAS]
[12.707262079 0:CAM_LKAS]
[12.717739474 0:CAM_LKAS]
[12.728074526 0:CAM_LKAS]
[12.737330516 0:CAM_LKAS]
[12.747628329 0:CAM_LKAS]
[12.757658172 0:CAM_LKAS]
[12.768064735 0:CAM_LKAS]
[12.777127183 0:CAM_LKAS]
[12.787575151 0:CAM_LKAS]
[12.798912651 0:CAM_LANEINFO]
[12.798912651 0:CAM_LKAS]
[12.808106089 0:CAM_LKAS]
[12.81725312 0:CAM_LKAS]
[12.827811349 0:CAM_LKAS]
[12.838048485 0:CAM_LKAS]
[12.847344474 0:CAM_LKAS]
[12.857504266 0:CAM_LKAS]
[12.867738433 0:CAM_LKAS]
[12.877651141 0:CAM_LKAS]
[12.889210881 0:CAM_LKAS]
[12.897834683 0:CAM_LKAS]
[12.907862808 0:CAM_LKAS]
[12.917297547 0:CAM_LKAS]
[12.927497078 0:CAM_LKAS]
[12.938381453 0:CAM_LKAS]
[12.947339631 0:CAM_LKAS]
[12.957638068 0:CAM_LKAS]
[12.967712183 0:CAM_LKAS]
[12.97815062 0:CAM_LKAS]
[12.98783286 0:CAM_LKAS]
[12.998129943 0:CAM_LKAS]
[13.007087339 0:CAM_LKAS]
[13.017390985 0:CAM_LKAS]
[13.027093016 0:CAM_LKAS]
[13.037790672 0:CAM_LKAS]
[13.04813661 0:CAM_LKAS]
[13.057080255 0:CAM_LKAS]
[13.067373641 0:CAM_LKAS]
[13.077691193 0:CAM_LKAS]
[13.089108328 0:CAM_LKAS]
[13.09764463 0:CAM_LKAS]
[13.107760933 0:CAM_LKAS]
[13.117930776 0:CAM_LKAS]
[13.12745838 0:CAM_LKAS]
[13.138337235 0:CAM_LKAS]
[13.148120933 0:CAM_LKAS]
[13.157369214 0:CAM_LKAS]
[13.167283224 0:CAM_LKAS]
[13.177555099 0:CAM_LKAS]
[13.188483589 0:CAM_LKAS]
[13.197674995 0:CAM_LKAS]
[13.207704787 0:CAM_LKAS]
[13.218048485 0:CAM_LKAS]
[13.227407235 0:CAM_LKAS]
[13.237668589 0:CAM_LKAS]
[13.248045985 0:CAM_LKAS]
[13.258292078 0:CAM_LKAS]
[13.267775828 0:CAM_LKAS]
[13.278119422 0:CAM_LKAS]
[13.287885828 0:CAM_LKAS]
[13.297997235 0:CAM_LANEINFO]
[13.297997235 0:CAM_LKAS]
[13.307999943 0:CAM_LKAS]
[13.317557443 0:CAM_LKAS]
[13.327879891 0:CAM_LKAS]
[13.338188432 0:CAM_LKAS]
[13.348449162 0:CAM_LKAS]
[13.357509266 0:CAM_LKAS]
[13.367754735 0:CAM_LKAS]
[13.378198224 0:CAM_LKAS]
[13.387740099 0:CAM_LKAS]
[13.399352026 0:CAM_LKAS]
[13.407105099 0:CAM_LKAS]
[13.41744187 0:CAM_LKAS]
[13.42797786 0:CAM_LKAS]
[13.438143485 0:CAM_LKAS]
[13.447916349 0:CAM_LKAS]
[13.457530412 0:CAM_LKAS]
[13.467670672 0:CAM_LKAS]
[13.478022599 0:CAM_LKAS]
[13.488846714 0:CAM_LKAS]
[13.498053953 0:CAM_LKAS]
[13.507159422 0:CAM_LKAS]
[13.517412339 0:CAM_LKAS]
[13.527516662 0:CAM_LKAS]
[13.537651453 0:CAM_LKAS]
[13.548420984 0:CAM_LKAS]
[13.558068693 0:CAM_LKAS]
[13.567239057 0:CAM_LKAS]
[13.577398537 0:CAM_LKAS]
[13.587850724 0:CAM_LKAS]
[13.598102651 0:CAM_LKAS]
[13.606966297 0:CAM_LKAS]
[13.617564266 0:CAM_LKAS]
[13.627940255 0:CAM_LKAS]
[13.638842078 0:CAM_LKAS]
[13.64760812 0:CAM_LKAS]
[13.657882964 0:CAM_LKAS]
[13.668045672 0:CAM_LKAS]
[13.677192495 0:CAM_LKAS]
[13.688166818 0:CAM_LKAS]
[13.698299109 0:CAM_LKAS]
[13.707185255 0:CAM_LKAS]
[13.717689109 0:CAM_LKAS]
[13.727918016 0:CAM_LKAS]
[13.738455307 0:CAM_LKAS]
[13.74765463 0:CAM_LKAS]
[13.757894786 0:CAM_LKAS]
[13.767983328 0:CAM_LKAS]
[13.777086141 0:CAM_LKAS]
[13.787914943 0:CAM_LKAS]
[13.798152859 0:CAM_LANEINFO]
[13.798152859 0:CAM_LKAS]
[13.807219682 0:CAM_LKAS]
[13.817723484 0:CAM_LKAS]
[13.827983901 0:CAM_LKAS]
[13.837198797 0:CAM_LKAS]
[13.849316609 0:CAM_LKAS]
[13.857727339 0:CAM_LKAS]
[13.867952026 0:CAM_LKAS]
[13.877739422 0:CAM_LKAS]
[13.889130672 0:CAM_LKAS]
[13.897853589 0:CAM_LKAS]
[13.907883016 0:CAM_LKAS]
[13.918161036 0:CAM_LKAS]
[13.927661088 0:CAM_LKAS]
[13.938242703 0:CAM_LKAS]
[13.947442755 0:CAM_LKAS]
[13.957792547 0:CAM_LKAS]
[13.967734891 0:CAM_LKAS]
[13.977562651 0:CAM_LKAS]
[13.988104526 0:CAM_LKAS]
[13.997788536 0:CAM_LKAS]
[14.007455099 0:CAM_LKAS]
[14.018091766 0:CAM_LKAS]
[14.028047078 0:CAM_LKAS]
[14.037093172 0:CAM_LKAS]
[14.047748432 0:CAM_LKAS]
[14.057932286 0:CAM_LKAS]
[14.067928224 0:CAM_LKAS]
[14.077256036 0:CAM_LKAS]
[14.089464943 0:CAM_LKAS]
[14.097205828 0:CAM_LKAS]
[14.107521713 0:CAM_LKAS]
[14.117763745 0:CAM_LKAS]
[14.127038693 0:CAM_LKAS]
[14.137393328 0:CAM_LKAS]
[14.14924489 0:CAM_LKAS]
[14.158250776 0:CAM_LKAS]
[14.167306765 0:CAM_LKAS]
[14.177548328 0:CAM_LKAS]
[14.18890963 0:CAM_LKAS]
[14.197666661 0:CAM_LKAS]
[14.207782026 0:CAM_LKAS]
[14.217999109 0:CAM_LKAS]
[14.227311193 0:CAM_LKAS]
[14.238167911 0:CAM_LKAS]
[14.248004109 0:CAM_LKAS]
[14.258190203 0:CAM_LKAS]
[14.267647547 0:CAM_LKAS]
[14.27797713 0:CAM_LKAS]
[14.288572443 0:CAM_LKAS]
[14.29802213 0:CAM_LANEINFO]
[14.29802213 0:CAM_LKAS]
[14.308056974 0:CAM_LKAS]
[14.317408484 0:CAM_LKAS]
[14.327954734 0:CAM_LKAS]
[14.338364734 0:CAM_LKAS]
[14.347491245 0:CAM_LKAS]
[14.357978536 0:CAM_LKAS]
[14.367908797 0:CAM_LKAS]
[14.377237182 0:CAM_LKAS]
[14.388516557 0:CAM_LKAS]
[14.397429474 0:CAM_LKAS]
[14.407574109 0:CAM_LKAS]
[14.417917859 0:CAM_LKAS]
[14.42732187 0:CAM_LKAS]
[14.438473276 0:CAM_LKAS]
[14.448003953 0:CAM_LKAS]
[14.457376974 0:CAM_LKAS]
[14.467367547 0:CAM_LKAS]
[14.47771812 0:CAM_LKAS]
[14.488641765 0:CAM_LKAS]
[14.497632026 0:CAM_LKAS]
[14.507953172 0:CAM_LKAS]
[14.518093172 0:CAM_LKAS]
[14.527941297 0:CAM_LKAS]
[14.537760724 0:CAM_LKAS]
[14.547640567 0:CAM_LKAS]
[14.557875151 0:CAM_LKAS]
[14.568097286 0:CAM_LKAS]
[14.577317807 0:CAM_LKAS]
[14.588776609 0:CAM_LKAS]
[14.597379994 0:CAM_LKAS]
[14.607515776 0:CAM_LKAS]
[14.617909317 0:CAM_LKAS]
[14.627342494 0:CAM_LKAS]
[14.637984526 0:CAM_LKAS]
[14.648190255 0:CAM_LKAS]
[14.657268797 0:CAM_LKAS]
[14.667353276 0:CAM_LKAS]
[14.677629369 0:CAM_LKAS]
[14.68897239 0:CAM_LKAS]
[14.697612651 0:CAM_LKAS]
[14.707860099 0:CAM_LKAS]
[14.718215047 0:CAM_LKAS]
[14.727656557 0:CAM_LKAS]
[14.738120203 0:CAM_LKAS]
[14.747474474 0:CAM_LKAS]
[14.757612651 0:CAM_LKAS]
[14.767795359 0:CAM_LKAS]
[14.778149057 0:CAM_LKAS]
[14.787455828 0:CAM_LKAS]
[14.799399994 0:CAM_LANEINFO]
[14.799399994 0:CAM_LKAS]
[14.807842651 0:CAM_LKAS]
[14.817110567 0:CAM_LKAS]
[14.82761088 0:CAM_LKAS]
[14.838213484 0:CAM_LKAS]
[14.847307755 0:CAM_LKAS]
[14.857343015 0:CAM_LKAS]
[14.867641869 0:CAM_LKAS]
[14.877455411 0:CAM_LKAS]
[14.888145984 0:CAM_LKAS]
[14.897325619 0:CAM_LKAS]
[14.907596036 0:CAM_LKAS]
[14.917807599 0:CAM_LKAS]
[14.928247546 0:CAM_LKAS]
[14.93802739 0:CAM_LKAS]
[14.947776765 0:CAM_LKAS]
[14.957956088 0:CAM_LKAS]
[14.967189005 0:CAM_LKAS]
[14.977457963 0:CAM_LKAS]
[14.988517755 0:CAM_LKAS]
[14.997231036 0:CAM_LKAS]
[15.007455515 0:CAM_LKAS]
[15.017630567 0:CAM_LKAS]
[15.027702911 0:CAM_LKAS]
[15.03840239 0:CAM_LKAS]
[15.047457286 0:CAM_LKAS]
[15.057761505 0:CAM_LKAS]
[15.067943848 0:CAM_LKAS]
[15.07707463 0:CAM_LKAS]
[15.088151453 0:CAM_LKAS]
[15.098308276 0:CAM_LKAS]
[15.107344109 0:CAM_LKAS]
[15.117795411 0:CAM_LKAS]
[15.128152598 0:CAM_LKAS]
[15.137832598 0:CAM_LKAS]
[15.147787182 0:CAM_LKAS]
[15.158070984 0:CAM_LKAS]
[15.167072598 0:CAM_LKAS]
[15.177266557 0:CAM_LKAS]
[15.188224317 0:CAM_LKAS]
[15.198240098 0:CAM_LKAS]
[15.207283588 0:CAM_LKAS]
[15.217706348 0:CAM_LKAS]
[15.228239994 0:CAM_LKAS]
[15.238418275 0:CAM_LKAS]
[15.247996869 0:CAM_LKAS]
[15.258169525 0:CAM_LKAS]
[15.267181036 0:CAM_LKAS]
[15.277469265 0:CAM_LKAS]
[15.288126088 0:CAM_LKAS]
[15.298028015 0:CAM_LANEINFO]
[15.298028015 0:CAM_LKAS]
[15.307420463 0:CAM_LKAS]
[15.317766765 0:CAM_LKAS]
[15.327984005 0:CAM_LKAS]
[15.337208536 0:CAM_LKAS]
[15.348159369 0:CAM_LKAS]
[15.357830411 0:CAM_LKAS]
[15.367981661 0:CAM_LKAS]
[15.377286244 0:CAM_LKAS]
[15.388295463 0:CAM_LKAS]
[15.398262338 0:CAM_LKAS]
[15.407287182 0:CAM_LKAS]
[15.417668588 0:CAM_LKAS]
[15.427028588 0:CAM_LKAS]
[15.437482234 0:CAM_LKAS]
[15.44929864 0:CAM_LKAS]
[15.458083171 0:CAM_LKAS]
[15.467447911 0:CAM_LKAS]
[15.477729994 0:CAM_LKAS]
[15.488311192 0:CAM_LKAS]
[15.498119682 0:CAM_LKAS]
[15.507745202 0:CAM_LKAS]
[15.518121036 0:CAM_LKAS]
[15.527957963 0:CAM_LKAS]
[15.537888015 0:CAM_LKAS]
[15.54789088 0:CAM_LKAS]
[15.558149161 0:CAM_LKAS]
[15.56705838 0:CAM_LKAS]
[15.577174213 0:CAM_LKAS]
[15.588238223 0:CAM_LKAS]
[15.598359786 0:CAM_LKAS]
[15.607504734 0:CAM_LKAS]
[15.617798588 0:CAM_LKAS]
[15.628217338 0:CAM_LKAS]
[15.637869161 0:CAM_LKAS]
[15.647841661 0:CAM_LKAS]
[15.658030359 0:CAM_LKAS]
[15.66726114 0:CAM_LKAS]
[15.677525411 0:CAM_LKAS]
[15.688379786 0:CAM_LKAS]
[15.697287546 0:CAM_LKAS]
[15.707491244 0:CAM_LKAS]
[15.717837702 0:CAM_LKAS]
[15.728020619 0:CAM_LKAS]
[15.737762494 0:CAM_LKAS]
[15.747749213 0:CAM_LKAS]
[15.7580739 0:CAM_LKAS]
[15.767245723 0:CAM_LKAS]
[15.77757015 0:CAM_LKAS]
[15.788692598 0:CAM_LKAS]
[15.797746296 0:CAM_LANEINFO]
[15.797746296 0:CAM_LKAS]
[15.807661609 0:CAM_LKAS]
[15.818139994 0:CAM_LKAS]
[15.828599213 0:CAM_LKAS]
[15.83788739 0:CAM_LKAS]
[15.848094734 0:CAM_LKAS]
[15.85722489 0:CAM_LKAS]
[15.8675789 0:CAM_LKAS]
[15.877285723 0:CAM_LKAS]
[15.888160046 0:CAM_LKAS]
[15.898249942 0:CAM_LKAS]
[15.907150775 0:CAM_LKAS]
[15.917520202 0:CAM_LKAS]
[15.928103223 0:CAM_LKAS]
[15.93782114 0:CAM_LKAS]
[15.947744994 0:CAM_LKAS]
[15.957850827 0:CAM_LKAS]
[15.968157598 0:CAM_LKAS]
[15.977179734 0:CAM_LKAS]
[15.987854056 0:CAM_LKAS]
[15.999417181 0:CAM_LKAS]
[16.007295567 0:CAM_LKAS]
[16.017697181 0:CAM_LKAS]
[16.027308327 0:CAM_LKAS]
[16.038543275 0:CAM_LKAS]
[16.048339473 0:CAM_LKAS]
[16.057559265 0:CAM_LKAS]
[16.067811452 0:CAM_LKAS]
[16.0781889 0:CAM_LKAS]
[16.088085879 0:CAM_LKAS]
[16.098159577 0:CAM_LKAS]
[16.107168483 0:CAM_LKAS]
[16.117584004 0:CAM_LKAS]
[16.128018588 0:CAM_LKAS]
[16.1377764 0:CAM_LKAS]
[16.147651244 0:CAM_LKAS]
[16.157862494 0:CAM_LKAS]
[16.168042963 0:CAM_LKAS]
[16.177087546 0:CAM_LKAS]
[16.187760567 0:CAM_LKAS]
[16.197900046 0:CAM_LKAS]
[16.207777233 0:CAM_LKAS]
[16.218854108 0:CAM_LKAS]
[16.227134056 0:CAM_LKAS]
[16.237619108 0:CAM_LKAS]
[16.248190411 0:CAM_LKAS]
[16.258224161 0:CAM_LKAS]
[16.267204056 0:CAM_LKAS]
[16.2780989 0:CAM_LKAS]
[16.288435358 0:CAM_LKAS]
[16.297621452 0:CAM_LANEINFO]
[16.297621452 0:CAM_LKAS]
[16.307887286 0:CAM_LKAS]
[16.318255567 0:CAM_LKAS]
[16.328740619 0:CAM_LKAS]
[16.337844421 0:CAM_LKAS]
[16.348059421 0:CAM_LKAS]
[16.357437025 0:CAM_LKAS]
[16.3679214 0:CAM_LKAS]
[16.377807546 0:CAM_LKAS]
[16.388398327 0:CAM_LKAS]
[16.397944785 0:CAM_LKAS]
[16.408067702 0:CAM_LKAS]
[16.417367181 0:CAM_LKAS]
[16.427691608 0:CAM_LKAS]
[16.437977598 0:CAM_LKAS]
[16.447225619 0:CAM_LKAS]
[16.457090723 0:CAM_LKAS]
[16.467532129 0:CAM_LKAS]
[16.477890463 0:CAM_LKAS]
[16.488323588 0:CAM_LKAS]
[16.497481556 0:CAM_LKAS]
[16.507390619 0:CAM_LKAS]
[16.517879525 0:CAM_LKAS]
[16.527223015 0:CAM_LKAS]
[16.537443379 0:CAM_LKAS]
[16.547679994 0:CAM_LKAS]
[16.557851608 0:CAM_LKAS]
[16.568401556 0:CAM_LKAS]
[16.577517285 0:CAM_LKAS]
[16.587937337 0:CAM_LKAS]
[16.598112754 0:CAM_LKAS]
[16.607368171 0:CAM_LKAS]
[16.617931035 0:CAM_LKAS]
[16.6278089 0:CAM_LKAS]
[16.6371214 0:CAM_LKAS]
[16.647585202 0:CAM_LKAS]
[16.658690358 0:CAM_LKAS]
[16.668032962 0:CAM_LKAS]
[16.677568171 0:CAM_LKAS]
[16.688349994 0:CAM_LKAS]
[16.698476973 0:CAM_LKAS]
[16.707354525 0:CAM_LKAS]
[16.717545515 0:CAM_LKAS]
[16.728091973 0:CAM_LKAS]
[16.738386973 0:CAM_LKAS]
[16.748907129 0:CAM_LKAS]
[16.757653848 0:CAM_LKAS]
[16.767852077 0:CAM_LKAS]
[16.778235202 0:CAM_LKAS]
[16.788156556 0:CAM_LKAS]
[16.798078587 0:CAM_LANEINFO]
[16.798078587 0:CAM_LKAS]
[16.808064369 0:CAM_LKAS]
[16.817314942 0:CAM_LKAS]
[16.827836817 0:CAM_LKAS]
[16.837785775 0:CAM_LKAS]
[16.849772702 0:CAM_LKAS]
[16.857360462 0:CAM_LKAS]
[16.867794525 0:CAM_LKAS]
[16.877964056 0:CAM_LKAS]
[16.889074317 0:CAM_LKAS]
[16.897915671 0:CAM_LKAS]
[16.908019942 0:CAM_LKAS]
[16.918288483 0:CAM_LKAS]
[16.927728535 0:CAM_LKAS]
[16.938252389 0:CAM_LKAS]
[16.948554681 0:CAM_LKAS]
[16.957527233 0:CAM_LKAS]
[16.967814994 0:CAM_LKAS]
[16.977987754 0:CAM_LKAS]
[16.988679994 0:CAM_LKAS]
[16.997705358 0:CAM_LKAS]
[17.007893848 0:CAM_LKAS]
[17.018189994 0:CAM_LKAS]
[17.028033691 0:CAM_LKAS]
[17.038621035 0:CAM_LKAS]
[17.047733066 0:CAM_LKAS]
[17.058001087 0:CAM_LKAS]
[17.068273691 0:CAM_LKAS]
[17.077600306 0:CAM_LKAS]
[17.088073952 0:CAM_LKAS]
[17.099881556 0:CAM_LKAS]
[17.107375046 0:CAM_LKAS]
[17.117782598 0:CAM_LKAS]
[17.127316973 0:CAM_LKAS]
[17.137956087 0:CAM_LKAS]
[17.1482414 0:CAM_LKAS]
[17.157464889 0:CAM_LKAS]
[17.1675839 0:CAM_LKAS]
[17.177832962 0:CAM_LKAS]
[17.188435827 0:CAM_LKAS]
[17.198720566 0:CAM_LKAS]
[17.207787441 0:CAM_LKAS]
[17.218082337 0:CAM_LKAS]
[17.227515046 0:CAM_LKAS]
[17.2375914 0:CAM_LKAS]
[17.249205723 0:CAM_LKAS]
[17.257152806 0:CAM_LKAS]
[17.267692181 0:CAM_LKAS]
[17.277763171 0:CAM_LKAS]
[17.288564785 0:CAM_LKAS]
[17.297528223 0:CAM_LANEINFO]
[17.297528223 0:CAM_LKAS]
[17.307670202 0:CAM_LKAS]
[17.317888952 0:CAM_LKAS]
[17.326971608 0:CAM_LKAS]
[17.337456712 0:CAM_LKAS]
[17.347759577 0:CAM_LKAS]
[17.359470254 0:CAM_LKAS]
[17.36722265 0:CAM_LKAS]
[17.378093171 0:CAM_LKAS]
[17.387500254 0:CAM_LKAS]
[17.398039368 0:CAM_LKAS]
[17.408022546 0:CAM_LKAS]
[17.417228014 0:CAM_LKAS]
[17.427639316 0:CAM_LKAS]
[17.438385306 0:CAM_LKAS]
[17.447501243 0:CAM_LKAS]
[17.457689941 0:CAM_LKAS]
[17.468161139 0:CAM_LKAS]
[17.477081868 0:CAM_LKAS]
[17.48817541 0:CAM_LKAS]
[17.497102598 0:CAM_LKAS]
[17.507228066 0:CAM_LKAS]
[17.517458275 0:CAM_LKAS]
[17.527438639 0:CAM_LKAS]
[17.53751265 0:CAM_LKAS]
[17.549468587 0:CAM_LKAS]
[17.557193691 0:CAM_LKAS]
[17.567632962 0:CAM_LKAS]
[17.577700202 0:CAM_LKAS]
[17.58946942 0:CAM_LKAS]
[17.597726556 0:CAM_LKAS]
[17.607826816 0:CAM_LKAS]
[17.618060775 0:CAM_LKAS]
[17.627515045 0:CAM_LKAS]
[17.638040045 0:CAM_LKAS]
[17.648208639 0:CAM_LKAS]
[17.657408587 0:CAM_LKAS]
[17.667697285 0:CAM_LKAS]
[17.678018327 0:CAM_LKAS]
[17.688008535 0:CAM_LKAS]
[17.697949108 0:CAM_LKAS]
[17.708076816 0:CAM_LKAS]
[17.717080254 0:CAM_LKAS]
[17.727854837 0:CAM_LKAS]
[17.7377939 0:CAM_LKAS]
[17.748744785 0:CAM_LKAS]
[17.757474472 0:CAM_LKAS]
[17.767656035 0:CAM_LKAS]
[17.777882129 0:CAM_LKAS]
[17.788612129 0:CAM_LKAS]
[17.797897754 0:CAM_LANEINFO]
[17.797897754 0:CAM_LKAS]
[17.808012285 0:CAM_LKAS]
[17.817013327 0:CAM_LKAS]
[17.827607806 0:CAM_LKAS]
[17.837723379 0:CAM_LKAS]
[17.849763431 0:CAM_LKAS]
[17.857195045 0:CAM_LKAS]
[17.867629056 0:CAM_LKAS]
[17.877766295 0:CAM_LKAS]
[17.888666191 0:CAM_LKAS]
[17.897728639 0:CAM_LKAS]
[17.907951087 0:CAM_LKAS]
[17.917183847 0:CAM_LKAS]
[17.927777077 0:CAM_LKAS]
[17.938165566 0:CAM_LKAS]
[17.947355306 0:CAM_LKAS]
[17.957413899 0:CAM_LKAS]
[17.967557962 0:CAM_LKAS]
[17.977907285 0:CAM_LKAS]
[17.988638014 0:CAM_LKAS]
[17.997876243 0:CAM_LKAS]
[18.007969264 0:CAM_LKAS]
[18.017083587 0:CAM_LKAS]
[18.028314577 0:CAM_LKAS]
[18.038083691 0:CAM_LKAS]
[18.048014681 0:CAM_LKAS]
[18.058192337 0:CAM_LKAS]
[18.067330827 0:CAM_LKAS]
[18.077410983 0:CAM_LKAS]
[18.088071712 0:CAM_LKAS]
[18.098289837 0:CAM_LKAS]
[18.107489629 0:CAM_LKAS]
[18.117756087 0:CAM_LKAS]
[18.128274212 0:CAM_LKAS]
[18.137828639 0:CAM_LKAS]
[18.147906504 0:CAM_LKAS]
[18.157950358 0:CAM_LKAS]
[18.167368743 0:CAM_LKAS]
[18.177394472 0:CAM_LKAS]
[18.187999524 0:CAM_LKAS]
[18.197864733 0:CAM_LKAS]
[18.207248118 0:CAM_LKAS]
[18.217642597 0:CAM_LKAS]
[18.228132441 0:CAM_LKAS]
[18.237858014 0:CAM_LKAS]
[18.248050618 0:CAM_LKAS]
[18.258120254 0:CAM_LKAS]
[18.267086972 0:CAM_LKAS]
[18.277426608 0:CAM_LKAS]
[18.288278222 0:CAM_LKAS]
[18.297277128 0:CAM_LANEINFO]
[18.297277128 0:CAM_LKAS]
[18.307425253 0:CAM_LKAS]
[18.317830358 0:CAM_LKAS]
[18.327984368 0:CAM_LKAS]
[18.337778847 0:CAM_LKAS]
[18.347714941 0:CAM_LKAS]
[18.357864316 0:CAM_LKAS]
[18.36798041 0:CAM_LKAS]
[18.377126816 0:CAM_LKAS]
[18.388140358 0:CAM_LKAS]
[18.398181712 0:CAM_LKAS]
[18.407279576 0:CAM_LKAS]
[18.417455878 0:CAM_LKAS]
[18.427991035 0:CAM_LKAS]
[18.438349108 0:CAM_LKAS]
[18.447504212 0:CAM_LKAS]
[18.457467545 0:CAM_LKAS]
[18.467925462 0:CAM_LKAS]
[18.478041764 0:CAM_LKAS]
[18.487542337 0:CAM_LKAS]
[18.497904576 0:CAM_LKAS]
[18.509207285 0:CAM_LKAS]
[18.517143066 0:CAM_LKAS]
[18.527153066 0:CAM_LKAS]
[18.537400618 0:CAM_LKAS]
[18.547736503 0:CAM_LKAS]
[18.559173847 0:CAM_LKAS]
[18.56732593 0:CAM_LKAS]
[18.577362076 0:CAM_LKAS]
[18.588067858 0:CAM_LKAS]
[18.598495566 0:CAM_LKAS]
[18.607353691 0:CAM_LKAS]
[18.617814576 0:CAM_LKAS]
[18.62807718 0:CAM_LKAS]
[18.637142753 0:CAM_LKAS]
[18.647613222 0:CAM_LKAS]
[18.657834837 0:CAM_LKAS]
[18.668215774 0:CAM_LKAS]
[18.677482545 0:CAM_LKAS]
[18.687915983 0:CAM_LKAS]
[18.698132962 0:CAM_LKAS]
[18.708667076 0:CAM_LKAS]
[18.71756442 0:CAM_LKAS]
[18.72781666 0:CAM_LKAS]
[18.737937128 0:CAM_LKAS]
[18.74743843 0:CAM_LKAS]
[18.758127285 0:CAM_LKAS]
[18.767916347 0:CAM_LKAS]
[18.777186347 0:CAM_LKAS]
[18.788122962 0:CAM_LKAS]
[18.798077024 0:CAM_LANEINFO]
[18.798077024 0:CAM_LKAS]
[18.807104889 0:CAM_LKAS]
[18.817284003 0:CAM_LKAS]
[18.827745722 0:CAM_LKAS]
[18.838051139 0:CAM_LKAS]
[18.847198274 0:CAM_LKAS]
[18.857358482 0:CAM_LKAS]
[18.867720618 0:CAM_LKAS]
[18.877259785 0:CAM_LKAS]
[18.888322076 0:CAM_LKAS]
[18.897172857 0:CAM_LKAS]
[18.90727093 0:CAM_LKAS]
[18.917449212 0:CAM_LKAS]
[18.928085045 0:CAM_LKAS]
[18.937167753 0:CAM_LKAS]
[18.947572337 0:CAM_LKAS]
[18.957586451 0:CAM_LKAS]
[18.969363691 0:CAM_LKAS]
[18.978162805 0:CAM_LKAS]
[18.987747805 0:CAM_LKAS]
[18.997878743 0:CAM_LKAS]
[19.008150514 0:CAM_LKAS]
[19.01725843 0:CAM_LKAS]
[19.027242389 0:CAM_LKAS]
[19.038043014 0:CAM_LKAS]
[19.048205722 0:CAM_LKAS]
[19.057334264 0:CAM_LKAS]
[19.06794067 0:CAM_LKAS]
[19.078018378 0:CAM_LKAS]
[19.088465878 0:CAM_LKAS]
[19.097647962 0:CAM_LKAS]
[19.107803222 0:CAM_LKAS]
[19.118242284 0:CAM_LKAS]
[19.127446087 0:CAM_LKAS]
[19.137529889 0:CAM_LKAS]
[19.148339732 0:CAM_LKAS]
[19.158136243 0:CAM_LKAS]
[19.16736942 0:CAM_LKAS]
[19.177574316 0:CAM_LKAS]
[19.188535826 0:CAM_LKAS]
[19.197458795 0:CAM_LKAS]
[19.207643691 0:CAM_LKAS]
[19.217841451 0:CAM_LKAS]
[19.228267857 0:CAM_LKAS]
[19.237704836 0:CAM_LKAS]
[19.247888899 0:CAM_LKAS]
[19.258053951 0:CAM_LKAS]
[19.26736218 0:CAM_LKAS]
[19.27766843 0:CAM_LKAS]
[19.28825093 0:CAM_LKAS]
[19.297952128 0:CAM_LANEINFO]
[19.297952128 0:CAM_LKAS]
[19.307491607 0:CAM_LKAS]
[19.317712232 0:CAM_LKAS]
[19.328183534 0:CAM_LKAS]
[19.337231399 0:CAM_LKAS]
[19.348844784 0:CAM_LKAS]
[19.357743118 0:CAM_LKAS]
[19.36803317 0:CAM_LKAS]
[19.377359524 0:CAM_LKAS]
[19.389037388 0:CAM_LKAS]
[19.397564316 0:CAM_LKAS]
[19.407855149 0:CAM_LKAS]
[19.417938274 0:CAM_LKAS]
[19.427367753 0:CAM_LKAS]
[19.438717284 0:CAM_LKAS]
[19.447473847 0:CAM_LKAS]
[19.457542857 0:CAM_LKAS]
[19.467867753 0:CAM_LKAS]
[19.477963691 0:CAM_LKAS]
[19.488799003 0:CAM_LKAS]
[19.497818378 0:CAM_LKAS]
[19.507961243 0:CAM_LKAS]
[19.517091347 0:CAM_LKAS]
[19.528266399 0:CAM_LKAS]
[19.537819888 0:CAM_LKAS]
[19.547925774 0:CAM_LKAS]
[19.558085357 0:CAM_LKAS]
[19.567070357 0:CAM_LKAS]
[19.577376868 0:CAM_LKAS]
[19.588330097 0:CAM_LKAS]
[19.597390357 0:CAM_LKAS]
[19.607410253 0:CAM_LKAS]
[19.617666868 0:CAM_LKAS]
[19.628161034 0:CAM_LKAS]
[19.637952597 0:CAM_LKAS]
[19.647893013 0:CAM_LKAS]
[19.658022753 0:CAM_LKAS]
[19.667305097 0:CAM_LKAS]
[19.677260149 0:CAM_LKAS]
[19.688368118 0:CAM_LKAS]
[19.697137388 0:CAM_LKAS]
[19.707450097 0:CAM_LKAS]
[19.717479784 0:CAM_LKAS]
[19.728120513 0:CAM_LKAS]
[19.737494472 0:CAM_LKAS]
[19.747906711 0:CAM_LKAS]
[19.758212128 0:CAM_LKAS]
[19.767246868 0:CAM_LKAS]
[19.777370149 0:CAM_LKAS]
[19.788383743 0:CAM_LKAS]
[19.797431138 0:CAM_LANEINFO]
[19.797431138 0:CAM_LKAS]
[19.807679836 0:CAM_LKAS]
[19.817749524 0:CAM_LKAS]
[19.82747192 0:CAM_LKAS]
[19.837579159 0:CAM_LKAS]
[19.848637232 0:CAM_LKAS]
[19.85727093 0:CAM_LKAS]
[19.867447805 0:CAM_LKAS]
[19.877693742 0:CAM_LKAS]
[19.888376555 0:CAM_LKAS]
[19.897511242 0:CAM_LKAS]
[19.90760244 0:CAM_LKAS]
[19.91789244 0:CAM_LKAS]
[19.927191867 0:CAM_LKAS]
[19.93735093 0:CAM_LKAS]
[19.947818065 0:CAM_LKAS]
[19.958067961 0:CAM_LKAS]
[19.96705468 0:CAM_LKAS]
[19.977205565 0:CAM_LKAS]
[19.988506034 0:CAM_LKAS]
[19.998066086 0:CAM_LKAS]
[20.007190149 0:CAM_LKAS]
[20.01738567 0:CAM_LKAS]
[20.02755869 0:CAM_LKAS]
[20.037567492 0:CAM_LKAS]
[20.049431972 0:CAM_LKAS]
[20.057247701 0:CAM_LKAS]
[20.067621034 0:CAM_LKAS]
[20.077781711 0:CAM_LKAS]
[20.088892284 0:CAM_LKAS]
[20.097644524 0:CAM_LKAS]
[20.107980878 0:CAM_LKAS]
[20.117116919 0:CAM_LKAS]
[20.127939576 0:CAM_LKAS]
[20.138281815 0:CAM_LKAS]
[20.147654003 0:CAM_LKAS]
[20.157759992 0:CAM_LKAS]
[20.168020722 0:CAM_LKAS]
[20.177207336 0:CAM_LKAS]
[20.188232961 0:CAM_LKAS]
[20.198225253 0:CAM_LKAS]
[20.207257961 0:CAM_LKAS]
[20.217512857 0:CAM_LKAS]
[20.228106867 0:CAM_LKAS]
[20.237956086 0:CAM_LKAS]
[20.247989784 0:CAM_LKAS]
[20.25796119 0:CAM_LKAS]
[20.267355878 0:CAM_LKAS]
[20.277543899 0:CAM_LKAS]
[20.288137857 0:CAM_LKAS]
[20.297372128 0:CAM_LANEINFO]
[20.297372128 0:CAM_LKAS]
[20.307696503 0:CAM_LKAS]
[20.317570461 0:CAM_LKAS]
[20.328244992 0:CAM_LKAS]
[20.337307701 0:CAM_LKAS]
[20.347866555 0:CAM_LKAS]
[20.358956919 0:CAM_LKAS]
[20.36736869 0:CAM_LKAS]
[20.377170461 0:CAM_LKAS]
[20.387862961 0:CAM_LKAS]
[20.398680149 0:CAM_LKAS]
[20.408224419 0:CAM_LKAS]
[20.41735468 0:CAM_LKAS]
[20.428228951 0:CAM_LKAS]
[20.437871138 0:CAM_LKAS]
[20.448010149 0:CAM_LKAS]
[20.458064107 0:CAM_LKAS]
[20.467446971 0:CAM_LKAS]
[20.477557805 0:CAM_LKAS]
[20.488156398 0:CAM_LKAS]
[20.497110044 0:CAM_LKAS]
[20.507449367 0:CAM_LKAS]
[20.51795718 0:CAM_LKAS]
[20.527690148 0:CAM_LKAS]
[20.538773378 0:CAM_LKAS]
[20.547353117 0:CAM_LKAS]
[20.557687023 0:CAM_LKAS]
[20.567750148 0:CAM_LKAS]
[20.577893326 0:CAM_LKAS]
[20.588486815 0:CAM_LKAS]
[20.597855565 0:CAM_LKAS]
[20.607883273 0:CAM_LKAS]
[20.618142544 0:CAM_LKAS]
[20.627770253 0:CAM_LKAS]
[20.638310148 0:CAM_LKAS]
[20.64741968 0:CAM_LKAS]
[20.657554628 0:CAM_LKAS]
[20.667957909 0:CAM_LKAS]
[20.678111242 0:CAM_LKAS]
[20.687973169 0:CAM_LKAS]
[20.69784395 0:CAM_LKAS]
[20.708033534 0:CAM_LKAS]
[20.717316607 0:CAM_LKAS]
[20.728093586 0:CAM_LKAS]
[20.737932596 0:CAM_LKAS]
[20.747845148 0:CAM_LKAS]
[20.757887284 0:CAM_LKAS]
[20.768207961 0:CAM_LKAS]
[20.77747343 0:CAM_LKAS]
[20.788379888 0:CAM_LKAS]
[20.797446659 0:CAM_LANEINFO]
[20.797446659 0:CAM_LKAS]
[20.807622023 0:CAM_LKAS]
[20.817775773 0:CAM_LKAS]
[20.827263898 0:CAM_LKAS]
[20.8378627 0:CAM_LKAS]
[20.847875096 0:CAM_LKAS]
[20.858028378 0:CAM_LKAS]
[20.86747468 0:CAM_LKAS]
[20.877728378 0:CAM_LKAS]
[20.888273065 0:CAM_LKAS]
[20.897515878 0:CAM_LKAS]
[20.907624575 0:CAM_LKAS]
[20.917904784 0:CAM_LKAS]
[20.927344159 0:CAM_LKAS]
[20.938080773 0:CAM_LKAS]
[20.947945409 0:CAM_LKAS]
[20.957976294 0:CAM_LKAS]
[20.967111242 0:CAM_LKAS]
[20.977376346 0:CAM_LKAS]
[20.988625617 0:CAM_LKAS]
[20.99751744 0:CAM_LKAS]
[21.007738742 0:CAM_LKAS]
[21.01790645 0:CAM_LKAS]
[21.027810669 0:CAM_LKAS]
[21.038204315 0:CAM_LKAS]
[21.047643846 0:CAM_LKAS]
[21.057704732 0:CAM_LKAS]
[21.067978482 0:CAM_LKAS]
[21.077261242 0:CAM_LKAS]
[21.088057336 0:CAM_LKAS]
[21.098295825 0:CAM_LKAS]
[21.107476138 0:CAM_LKAS]
[21.11763895 0:CAM_LKAS]
[21.128284367 0:CAM_LKAS]
[21.137233742 0:CAM_LKAS]
[21.149200721 0:CAM_LKAS]
[21.157854575 0:CAM_LKAS]
[21.167005825 0:CAM_LKAS]
[21.177291034 0:CAM_LKAS]
[21.188270669 0:CAM_LKAS]
[21.197257023 0:CAM_LKAS]
[21.20736744 0:CAM_LKAS]
[21.217612804 0:CAM_LKAS]
[21.228051398 0:CAM_LKAS]
[21.238512909 0:CAM_LKAS]
[21.247666138 0:CAM_LKAS]
[21.258007857 0:CAM_LKAS]
[21.268156502 0:CAM_LKAS]
[21.277197336 0:CAM_LKAS]
[21.287880982 0:CAM_LKAS]
[21.299948794 0:CAM_LANEINFO]
[21.299948794 0:CAM_LKAS]
[21.307385773 0:CAM_LKAS]
[21.317662596 0:CAM_LKAS]
[21.327210148 0:CAM_LKAS]
[21.337815825 0:CAM_LKAS]
[21.347929731 0:CAM_LKAS]
[21.358069627 0:CAM_LKAS]
[21.367107544 0:CAM_LKAS]
[21.377435461 0:CAM_LKAS]
[21.388068794 0:CAM_LKAS]
[21.398230721 0:CAM_LKAS]
[21.407359419 0:CAM_LKAS]
[21.417499211 0:CAM_LKAS]
[21.428119419 0:CAM_LKAS]
[21.437890669 0:CAM_LKAS]
[21.447600669 0:CAM_LKAS]
[21.457684159 0:CAM_LKAS]
[21.467874836 0:CAM_LKAS]
[21.478118534 0:CAM_LKAS]
[21.487712804 0:CAM_LKAS]
[21.497852127 0:CAM_LKAS]
[21.507992336 0:CAM_LKAS]
[21.51723645 0:CAM_LKAS]
[21.527202909 0:CAM_LKAS]
[21.537543846 0:CAM_LKAS]
[21.547752284 0:CAM_LKAS]
[21.557738169 0:CAM_LKAS]
[21.568045721 0:CAM_LKAS]
[21.5771702 0:CAM_LKAS]
[21.587735981 0:CAM_LKAS]
[21.597926919 0:CAM_LKAS]
[21.606919783 0:CAM_LKAS]
[21.617295096 0:CAM_LKAS]
[21.62768119 0:CAM_LKAS]
[21.637863169 0:CAM_LKAS]
[21.646991815 0:CAM_LKAS]
[21.657240044 0:CAM_LKAS]
[21.667428221 0:CAM_LKAS]
[21.677719888 0:CAM_LKAS]
[21.68824744 0:CAM_LKAS]
[21.697229575 0:CAM_LKAS]
[21.707376502 0:CAM_LKAS]
[21.717750669 0:CAM_LKAS]
[21.727108533 0:CAM_LKAS]
[21.737371294 0:CAM_LKAS]
[21.747644106 0:CAM_LKAS]
[21.757733169 0:CAM_LKAS]
[21.767835252 0:CAM_LKAS]
[21.777035877 0:CAM_LKAS]
[21.787974106 0:CAM_LKAS]
[21.797958898 0:CAM_LANEINFO]
[21.797958898 0:CAM_LKAS]
[21.807142908 0:CAM_LKAS]
[21.817308065 0:CAM_LKAS]
[21.82782119 0:CAM_LKAS]
[21.838080356 0:CAM_LKAS]
[21.847388325 0:CAM_LKAS]
[21.857327283 0:CAM_LKAS]
[21.867668481 0:CAM_LKAS]
[21.877420252 0:CAM_LKAS]
[21.887911085 0:CAM_LKAS]
[21.896826971 0:CAM_LKAS]
[21.907147283 0:CAM_LKAS]
[21.917388117 0:CAM_LKAS]
[21.927760044 0:CAM_LKAS]
[21.937990721 0:CAM_LKAS]
[21.947090513 0:CAM_LKAS]
[21.957290148 0:CAM_LKAS]
[21.967480669 0:CAM_LKAS]
[21.977645252 0:CAM_LKAS]
[21.98821244 0:CAM_LKAS]
[21.998090721 0:CAM_LKAS]
[22.007395148 0:CAM_LKAS]
[22.017607335 0:CAM_LKAS]
[22.027326398 0:CAM_LKAS]
[22.037538117 0:CAM_LKAS]
[22.047717231 0:CAM_LKAS]
[22.057951398 0:CAM_LKAS]
[22.067246033 0:CAM_LKAS]
[22.077281554 0:CAM_LKAS]
[22.087778221 0:CAM_LKAS]
[22.097889627 0:CAM_LKAS]
[22.107061085 0:CAM_LKAS]
[22.117284992 0:CAM_LKAS]
[22.127883325 0:CAM_LKAS]
[22.138111815 0:CAM_LKAS]
[22.147312856 0:CAM_LKAS]
[22.157416971 0:CAM_LKAS]
[22.167722752 0:CAM_LKAS]
[22.1778052 0:CAM_LKAS]
[22.188307752 0:CAM_LKAS]
[22.197266502 0:CAM_LKAS]
[22.20759869 0:CAM_LKAS]
[22.21774296 0:CAM_LKAS]
[22.227036189 0:CAM_LKAS]
[22.23744895 0:CAM_LKAS]
[22.247843898 0:CAM_LKAS]
[22.257877283 0:CAM_LKAS]
[22.267247179 0:CAM_LKAS]
[22.277321189 0:CAM_LKAS]
[22.287940356 0:CAM_LKAS]
[22.296823012 0:CAM_LANEINFO]
[22.296823012 0:CAM_LKAS]
[22.307115304 0:CAM_LKAS]
[22.317510929 0:CAM_LKAS]
[22.327911346 0:CAM_LKAS]
[22.337404887 0:CAM_LKAS]
[22.347544783 0:CAM_LKAS]
[22.357597492 0:CAM_LKAS]
[22.36789296 0:CAM_LKAS]
[22.378142439 0:CAM_LKAS]
[22.387459523 0:CAM_LKAS]
[22.39766895 0:CAM_LKAS]
[22.407789939 0:CAM_LKAS]
[22.418018117 0:CAM_LKAS]
[22.42735421 0:CAM_LKAS]
[22.437888585 0:CAM_LKAS]
[22.447886606 0:CAM_LKAS]
[22.457067804 0:CAM_LKAS]
[22.467503273 0:CAM_LKAS]
[22.477530669 0:CAM_LKAS]
[22.48838645 0:CAM_LKAS]
[22.497061554 0:CAM_LKAS]
[22.507414002 0:CAM_LKAS]
[22.517634939 0:CAM_LKAS]
[22.527618533 0:CAM_LKAS]
[22.537910304 0:CAM_LKAS]
[22.548135773 0:CAM_LKAS]
[22.557075929 0:CAM_LKAS]
[22.567517127 0:CAM_LKAS]
[22.57753296 0:CAM_LKAS]
[22.588157283 0:CAM_LKAS]
[22.596979471 0:CAM_LKAS]
[22.607328794 0:CAM_LKAS]
[22.617491346 0:CAM_LKAS]
[22.628021033 0:CAM_LKAS]
[22.637134054 0:CAM_LKAS]
[22.647274783 0:CAM_LKAS]
[22.657337231 0:CAM_LKAS]
[22.668217231 0:CAM_LKAS]
[22.677796085 0:CAM_LKAS]
[22.688402179 0:CAM_LKAS]
[22.697783168 0:CAM_LKAS]
[22.707764106 0:CAM_LKAS]
[22.717924366 0:CAM_LKAS]
[22.727431502 0:CAM_LKAS]
[22.737441346 0:CAM_LKAS]
[22.748917023 0:CAM_LKAS]
[22.75790546 0:CAM_LKAS]
[22.767407439 0:CAM_LKAS]
[22.77758145 0:CAM_LKAS]
[22.788284679 0:CAM_LKAS]
[22.797037127 0:CAM_LANEINFO]
[22.797037127 0:CAM_LKAS]
[22.807283481 0:CAM_LKAS]
[22.817445148 0:CAM_LKAS]
[22.827817543 0:CAM_LKAS]
[22.837904314 0:CAM_LKAS]
[22.847187387 0:CAM_LKAS]
[22.857388481 0:CAM_LKAS]
[22.867580877 0:CAM_LKAS]
[22.877252387 0:CAM_LKAS]
[22.888258325 0:CAM_LKAS]
[22.896914939 0:CAM_LKAS]
[22.90733296 0:CAM_LKAS]
[22.917478429 0:CAM_LKAS]
[22.928056345 0:CAM_LKAS]
[22.937446293 0:CAM_LKAS]
[22.947580929 0:CAM_LKAS]
[22.957538012 0:CAM_LKAS]
[22.967773637 0:CAM_LKAS]
[22.977959366 0:CAM_LKAS]
[22.987494366 0:CAM_LKAS]
[22.997455148 0:CAM_LKAS]
[23.007788637 0:CAM_LKAS]
[23.017938898 0:CAM_LKAS]
[23.027912856 0:CAM_LKAS]
[23.038245773 0:CAM_LKAS]
[23.047410668 0:CAM_LKAS]
[23.057635773 0:CAM_LKAS]
[23.068020564 0:CAM_LKAS]
[23.076996658 0:CAM_LKAS]
[23.087888377 0:CAM_LKAS]
[23.097772022 0:CAM_LKAS]
[23.106900043 0:CAM_LKAS]
[23.117114731 0:CAM_LKAS]
[23.127392022 0:CAM_LKAS]
[23.137550668 0:CAM_LKAS]
[23.147869522 0:CAM_LKAS]
[23.156917283 0:CAM_LKAS]
[23.167132856 0:CAM_LKAS]
[23.177278637 0:CAM_LKAS]
[23.187944054 0:CAM_LKAS]
[23.198274887 0:CAM_LKAS]
[23.207078325 0:CAM_LKAS]
[23.217287595 0:CAM_LKAS]
[23.227701814 0:CAM_LKAS]
[23.23788645 0:CAM_LKAS]
[23.247116085 0:CAM_LKAS]
[23.257191345 0:CAM_LKAS]
[23.267513168 0:CAM_LKAS]
[23.277656189 0:CAM_LKAS]
[23.288196137 0:CAM_LKAS]
[23.29735895 0:CAM_LANEINFO]
[23.29735895 0:CAM_LKAS]
[23.307618012 0:CAM_LKAS]
[23.317722231 0:CAM_LKAS]
[23.327320616 0:CAM_LKAS]
[23.337435043 0:CAM_LKAS]
[23.347615095 0:CAM_LKAS]
[23.357871085 0:CAM_LKAS]
[23.367007491 0:CAM_LKAS]
[23.377646033 0:CAM_LKAS]
[23.388230043 0:CAM_LKAS]
[23.397271918 0:CAM_LKAS]
[23.407560199 0:CAM_LKAS]
[23.417666241 0:CAM_LKAS]
[23.427083533 0:CAM_LKAS]
[23.437623429 0:CAM_LKAS]
[23.447808585 0:CAM_LKAS]
[23.457972856 0:CAM_LKAS]
[23.467145981 0:CAM_LKAS]
[23.477252752 0:CAM_LKAS]
[23.487948585 0:CAM_LKAS]
[23.498101658 0:0x9d]
[23.498101658 0:CAM_LKAS]
[23.506986345 0:CAM_LKAS]
[23.517957439 0:CAM_LKAS]
[23.527364054 0:CAM_LKAS]
[23.537542231 0:CAM_LKAS]
[23.548398533 0:CAM_LKAS]
[23.557930147 0:CAM_LKAS]
[23.567159158 0:CAM_LKAS]
[23.577324522 0:CAM_LKAS]
[23.588266293 0:CAM_LKAS]
[23.596994054 0:0x9d]
[23.596994054 0:CAM_LKAS]
[23.607196397 0:CAM_LKAS]
[23.617355043 0:CAM_LKAS]
[23.627862647 0:CAM_LKAS]
[23.637917699 0:CAM_LKAS]
[23.647290251 0:CAM_LKAS]
[23.657536501 0:CAM_LKAS]
[23.667653376 0:CAM_LKAS]
[23.677938481 0:CAM_LKAS]
[23.688441241 0:CAM_LKAS]
[23.697402491 0:0x9d]
[23.697402491 0:CAM_LKAS]
[23.707628272 0:CAM_LKAS]
[23.717838689 0:CAM_LKAS]
[23.727296814 0:CAM_LKAS]
[23.737593064 0:CAM_LKAS]
[23.748036397 0:CAM_LKAS]
[23.757029887 0:CAM_LKAS]
[23.76738796 0:CAM_LKAS]
[23.777433116 0:CAM_LKAS]
[23.787991293 0:CAM_LKAS]
[23.797121606 0:CAM_LANEINFO]
[23.797121606 0:CAM_LKAS]
[23.807347178 0:CAM_LKAS]
[23.817458168 0:CAM_LKAS]
[23.828226814 0:CAM_LKAS]
[23.837427491 0:CAM_LKAS]
[23.848327908 0:CAM_LKAS]
[23.857755408 0:CAM_LKAS]
[23.868008585 0:CAM_LKAS]
[23.877332908 0:CAM_LKAS]
[23.887979522 0:CAM_LKAS]
[23.897109522 0:CAM_LKAS]
[23.90727697 0:CAM_LKAS]
[23.917615772 0:CAM_LKAS]
[23.927937387 0:CAM_LKAS]
[23.938224626 0:CAM_LKAS]
[23.947433585 0:CAM_LKAS]
[23.957673585 0:CAM_LKAS]
[23.967924991 0:CAM_LKAS]
[23.977706345 0:CAM_LKAS]
[23.988058376 0:CAM_LKAS]
[23.997041137 0:CAM_LKAS]
[24.007325303 0:CAM_LKAS]
[24.01773296 0:CAM_LKAS]
[24.027691345 0:CAM_LKAS]
[24.037871553 0:CAM_LKAS]
[24.048321553 0:CAM_LKAS]
[24.057435095 0:CAM_LKAS]
[24.067634314 0:CAM_LKAS]
[24.077972439 0:CAM_LKAS]
[24.089212178 0:CAM_LKAS]
[24.097804053 0:CAM_LKAS]
[24.108040772 0:CAM_LKAS]
[24.117396241 0:CAM_LKAS]
[24.128036085 0:CAM_LKAS]
[24.137644887 0:CAM_LKAS]
[24.148056658 0:CAM_LKAS]
[24.156980147 0:CAM_LKAS]
[24.167162855 0:CAM_LKAS]
[24.177313637 0:CAM_LKAS]
[24.188324939 0:CAM_LKAS]
[24.197165512 0:CAM_LKAS]
[24.20743046 0:CAM_LKAS]
[24.217641762 0:CAM_LKAS]
[24.227078897 0:CAM_LKAS]
[24.237630303 0:CAM_LKAS]
[24.247545512 0:CAM_LKAS]
[24.257716085 0:CAM_LKAS]
[24.267953741 0:CAM_LKAS]
[24.277079678 0:CAM_LKAS]
[24.28815848 0:CAM_LKAS]
[24.297965095 0:CAM_LANEINFO]
[24.297965095 0:CAM_LKAS]
[24.307033168 0:CAM_LKAS]
[24.317217699 0:CAM_LKAS]
[24.327755199 0:CAM_LKAS]
[24.33797421 0:CAM_LKAS]
[24.347351085 0:CAM_LKAS]
[24.357536137 0:CAM_LKAS]
[24.367658168 0:CAM_LKAS]
[24.377498585 0:CAM_LKAS]
[24.388051553 0:CAM_LKAS]
[24.397033897 0:CAM_LKAS]
[24.407298116 0:CAM_LKAS]
[24.417518532 0:CAM_LKAS]
[24.427990928 0:CAM_LKAS]
[24.437175043 0:CAM_LKAS]
[24.447418168 0:CAM_LKAS]
[24.457491918 0:CAM_LKAS]
[24.467848428 0:CAM_LKAS]
[24.477969834 0:CAM_LKAS]
[24.487540303 0:CAM_LKAS]
[24.497606709 0:CAM_LKAS]
[24.507861501 0:CAM_LKAS]
[24.517123376 0:CAM_LKAS]
[24.527255043 0:CAM_LKAS]
[24.537879053 0:CAM_LKAS]
[24.547731032 0:CAM_LKAS]
[24.558050303 0:CAM_LKAS]
[24.567175199 0:CAM_LKAS]
[24.577453012 0:CAM_LKAS]
[24.588040199 0:CAM_LKAS]
[24.596959939 0:CAM_LKAS]
[24.60724322 0:CAM_LKAS]
[24.617495043 0:CAM_LKAS]
[24.627962907 0:CAM_LKAS]
[24.637308689 0:CAM_LKAS]
[24.647401657 0:CAM_LKAS]
[24.657704001 0:CAM_LKAS]
[24.667883324 0:CAM_LKAS]
[24.678206709 0:CAM_LKAS]
[24.687756032 0:CAM_LKAS]
[24.697645668 0:CAM_LKAS]
[24.707736136 0:CAM_LKAS]
[24.718096605 0:CAM_LKAS]
[24.727516241 0:CAM_LKAS]
[24.737651501 0:CAM_LKAS]
[24.747941397 0:CAM_LKAS]
[24.757036032 0:CAM_LKAS]
[24.767239157 0:CAM_LKAS]
[24.777521761 0:CAM_LKAS]
[24.788189939 0:CAM_LKAS]
[24.797145355 0:CAM_LANEINFO]
[24.797145355 0:CAM_LKAS]
[24.807403064 0:CAM_LKAS]
[24.817601605 0:CAM_LKAS]
[24.828151241 0:CAM_LKAS]
[24.83751447 0:CAM_LKAS]
[24.847587803 0:CAM_LKAS]
[24.857814938 0:CAM_LKAS]
[24.867920251 0:CAM_LKAS]
[24.877532751 0:CAM_LKAS]
[24.888398116 0:CAM_LKAS]
[24.897079261 0:CAM_LKAS]
[24.907583845 0:CAM_LKAS]
[24.917826449 0:CAM_LKAS]
[24.927115303 0:CAM_LKAS]
[24.937454001 0:CAM_LKAS]
[24.947723011 0:CAM_LKAS]
[24.957851866 0:CAM_LKAS]
[24.96810098 0:CAM_LKAS]
[24.977190459 0:CAM_LKAS]
[24.987854886 0:CAM_LKAS]
[24.997951032 0:0x9d]
[24.997951032 0:CAM_LKAS]
[25.007137907 0:CAM_LKAS]
[25.017503116 0:CAM_LKAS]
[25.027466761 0:CAM_LKAS]
[25.037900459 0:CAM_LKAS]
[25.047064886 0:CAM_LKAS]
[25.057315772 0:CAM_LKAS]
[25.067656761 0:CAM_LKAS]
[25.077895407 0:CAM_LKAS]
[25.087435407 0:CAM_LKAS]
[25.097656345 0:0x9d]
[25.097656345 0:CAM_LKAS]
[25.107798063 0:CAM_LKAS]
[25.118069626 0:CAM_LKAS]
[25.12753723 0:CAM_LKAS]
[25.137798011 0:CAM_LKAS]
[25.148049001 0:CAM_LKAS]
[25.157317022 0:CAM_LKAS]
[25.167428688 0:CAM_LKAS]
[25.177546553 0:CAM_LKAS]
[25.188193793 0:CAM_LKAS]
[25.196999886 0:0x9d]
[25.196999886 0:CAM_LKAS]
[25.207277334 0:CAM_LKAS]
[25.217489261 0:CAM_LKAS]
[25.228098272 0:CAM_LKAS]
[25.237208793 0:CAM_LKAS]
[25.247524261 0:CAM_LKAS]
[25.257589782 0:CAM_LKAS]
[25.267944678 0:CAM_LKAS]
[25.278106345 0:CAM_LKAS]
[25.287647334 0:CAM_LKAS]
[25.297711917 0:CAM_LANEINFO]
[25.297711917 0:CAM_LKAS]
[25.307909417 0:CAM_LKAS]
[25.317137022 0:CAM_LKAS]
[25.327665667 0:CAM_LKAS]
[25.337828897 0:CAM_LKAS]
[25.347296084 0:CAM_LKAS]
[25.357330667 0:CAM_LKAS]
[25.367656553 0:CAM_LKAS]
[25.377789157 0:CAM_LKAS]
[25.388312751 0:CAM_LKAS]
[25.39738348 0:CAM_LKAS]
[25.407675824 0:CAM_LKAS]
[25.417948897 0:CAM_LKAS]
[25.427280563 0:CAM_LKAS]
[25.437822386 0:CAM_LKAS]
[25.447822542 0:CAM_LKAS]
[25.458014313 0:CAM_LKAS]
[25.467261553 0:CAM_LKAS]
[25.477558532 0:CAM_LKAS]
[25.488074886 0:CAM_LKAS]
[25.497136136 0:CAM_LKAS]
[25.507338792 0:CAM_LKAS]
[25.517613272 0:CAM_LKAS]
[25.527551969 0:CAM_LKAS]
[25.537805511 0:CAM_LKAS]
[25.548063688 0:CAM_LKAS]
[25.557115719 0:CAM_LKAS]
[25.567451344 0:CAM_LKAS]
[25.577541188 0:CAM_LKAS]
[25.587988949 0:CAM_LKAS]
[25.597064574 0:CAM_LKAS]
[25.607255147 0:CAM_LKAS]
[25.617417855 0:CAM_LKAS]
[25.62799348 0:CAM_LKAS]
[25.637138428 0:CAM_LKAS]
[25.647183167 0:CAM_LKAS]
[25.657426188 0:CAM_LKAS]
[25.667772386 0:CAM_LKAS]
[25.677822334 0:CAM_LKAS]
[25.688630303 0:CAM_LKAS]
[25.697519574 0:CAM_LKAS]
[25.707792022 0:CAM_LKAS]
[25.717973428 0:CAM_LKAS]
[25.727631605 0:CAM_LKAS]
[25.737658896 0:CAM_LKAS]
[25.747975199 0:CAM_LKAS]
[25.756936136 0:CAM_LKAS]
[25.76728848 0:CAM_LKAS]
[25.77734598 0:CAM_LKAS]
[25.787984417 0:CAM_LKAS]
[25.796891344 0:CAM_LANEINFO]
[25.796891344 0:CAM_LKAS]
[25.80713973 0:CAM_LKAS]
[25.817282699 0:CAM_LKAS]
[25.827846396 0:CAM_LKAS]
[25.837949626 0:CAM_LKAS]
[25.847357855 0:CAM_LKAS]
[25.85759598 0:CAM_LKAS]
[25.867932334 0:CAM_LKAS]
[25.877597021 0:CAM_LKAS]
[25.888158219 0:CAM_LKAS]
[25.897015407 0:CAM_LKAS]
[25.907376605 0:CAM_LKAS]
[25.917798636 0:CAM_LKAS]
[25.927029313 0:CAM_LKAS]
[25.937578792 0:CAM_LKAS]
[25.947526865 0:CAM_LKAS]
[25.957702803 0:CAM_LKAS]
[25.967938688 0:CAM_LKAS]
[25.976950094 0:CAM_LKAS]
[25.987742386 0:CAM_LKAS]
[25.99773374 0:CAM_LKAS]
[26.007962386 0:CAM_LKAS]
[26.017081605 0:CAM_LKAS]
[26.027111605 0:CAM_LKAS]
[26.037515146 0:CAM_LKAS]
[26.047669365 0:CAM_LKAS]
[26.057884782 0:CAM_LKAS]
[26.067018948 0:CAM_LKAS]
[26.077204365 0:CAM_LKAS]
[26.088084626 0:CAM_LKAS]
[26.096972542 0:CAM_LKAS]
[26.107381344 0:CAM_LKAS]
[26.117530407 0:CAM_LKAS]
[26.128085094 0:CAM_LKAS]
[26.137420459 0:CAM_LKAS]
[26.147676761 0:CAM_LKAS]
[26.157716709 0:CAM_LKAS]
[26.168113584 0:CAM_LKAS]
[26.177325563 0:CAM_LKAS]
[26.188703375 0:CAM_LKAS]
[26.197111396 0:CAM_LKAS]
[26.207444261 0:CAM_LKAS]
[26.217578219 0:CAM_LKAS]
[26.228224886 0:CAM_LKAS]
[26.237415875 0:CAM_LKAS]
[26.247729886 0:CAM_LKAS]
[26.257838636 0:CAM_LKAS]
[26.267133584 0:CAM_LKAS]
[26.27727973 0:CAM_LKAS]
[26.288065928 0:CAM_LKAS]
[26.296918792 0:CAM_LANEINFO]
[26.296918792 0:CAM_LKAS]
[26.307281813 0:CAM_LKAS]
[26.317355875 0:CAM_LKAS]
[26.327790407 0:CAM_LKAS]
[26.3380615 0:CAM_LKAS]
[26.347335355 0:CAM_LKAS]
[26.3576115 0:CAM_LKAS]
[26.367816136 0:CAM_LKAS]
[26.377433792 0:CAM_LKAS]
[26.387813948 0:CAM_LKAS]
[26.39684999 0:CAM_LKAS]
[26.407129105 0:CAM_LKAS]
[26.41745848 0:CAM_LKAS]
[26.427872802 0:CAM_LKAS]
[26.438199886 0:CAM_LKAS]
[26.447361605 0:CAM_LKAS]
[26.457613948 0:CAM_LKAS]
[26.46787723 0:CAM_LKAS]
[26.478135927 0:CAM_LKAS]
[26.487793948 0:CAM_LKAS]
[26.497741188 0:CAM_LKAS]
[26.507924573 0:CAM_LKAS]
[26.517277802 0:CAM_LKAS]
[26.527272542 0:CAM_LKAS]
[26.537546813 0:CAM_LKAS]
[26.547710407 0:CAM_LKAS]
[26.557852073 0:CAM_LKAS]
[26.567213896 0:CAM_LKAS]
[26.577358636 0:CAM_LKAS]
[26.587951188 0:CAM_LKAS]
[26.597353063 0:CAM_LKAS]
[26.607357073 0:CAM_LKAS]
[26.617603844 0:CAM_LKAS]
[26.6281115 0:CAM_LKAS]
[26.637453115 0:CAM_LKAS]
[26.64751025 0:CAM_LKAS]
[26.657683167 0:CAM_LKAS]
[26.668012594 0:CAM_LKAS]
[26.677102334 0:CAM_LKAS]
[26.68783275 0:CAM_LKAS]
[26.697571917 0:CAM_LKAS]
[26.707946813 0:CAM_LKAS]
[26.717105459 0:CAM_LKAS]
[26.727529782 0:CAM_LKAS]
[26.737894052 0:CAM_LKAS]
[26.747066604 0:CAM_LKAS]
[26.757262021 0:CAM_LKAS]
[26.767481448 0:CAM_LKAS]
[26.777861657 0:CAM_LKAS]
[26.788265563 0:CAM_LKAS]
[26.797664052 0:CAM_LANEINFO]
[26.797664052 0:CAM_LKAS]
[26.807746552 0:CAM_LKAS]
[26.817898479 0:CAM_LKAS]
[26.827234 0:CAM_LKAS]
[26.837477334 0:CAM_LKAS]
[26.847685771 0:CAM_LKAS]
[26.857861604 0:CAM_LKAS]
[26.868209 0:CAM_LKAS]
[26.877179677 0:CAM_LKAS]
[26.887835459 0:CAM_LKAS]
[26.898108688 0:CAM_LKAS]
[26.907246084 0:CAM_LKAS]
[26.917401709 0:CAM_LKAS]
[26.928069209 0:CAM_LKAS]
[26.937608271 0:CAM_LKAS]
[26.947656552 0:CAM_LKAS]
[26.957638844 0:CAM_LKAS]
[26.967880875 0:CAM_LKAS]
[26.977023636 0:CAM_LKAS]
[26.988018323 0:CAM_LKAS]
[26.997946709 0:CAM_LKAS]
[27.007082854 0:CAM_LKAS]
[27.017223584 0:CAM_LKAS]
[27.027286292 0:CAM_LKAS]
[27.037777177 0:CAM_LKAS]
[27.047926448 0:CAM_LKAS]
[27.057186969 0:CAM_LKAS]
[27.067471292 0:CAM_LKAS]
[27.077531396 0:CAM_LKAS]
[27.08830624 0:CAM_LKAS]
[27.097220354 0:CAM_LKAS]
[27.107478011 0:CAM_LKAS]
[27.117818688 0:CAM_LKAS]
[27.127189677 0:CAM_LKAS]
[27.137561604 0:CAM_LKAS]
[27.147521865 0:CAM_LKAS]
[27.157767802 0:CAM_LKAS]
[27.168005615 0:CAM_LKAS]
[27.177193219 0:CAM_LKAS]
[27.188123844 0:CAM_LKAS]
[27.197068531 0:CAM_LKAS]
[27.207283531 0:CAM_LKAS]
[27.217447542 0:CAM_LKAS]
[27.227996083 0:CAM_LKAS]
[27.237473219 0:CAM_LKAS]
[27.247570667 0:CAM_LKAS]
[27.257699573 0:CAM_LKAS]
[27.268066656 0:CAM_LKAS]
[27.27717551 0:CAM_LKAS]
[27.288092125 0:CAM_LKAS]
[27.296893896 0:CAM_LANEINFO]
[27.296893896 0:CAM_LKAS]
[27.307349417 0:CAM_LKAS]
[27.317437646 0:CAM_LKAS]
[27.327785198 0:CAM_LKAS]
[27.337812802 0:CAM_LKAS]
[27.347625146 0:CAM_LKAS]
[27.35723749 0:CAM_LKAS]
[27.367742854 0:CAM_LKAS]
[27.377727333 0:CAM_LKAS]
[27.388327073 0:CAM_LKAS]
[27.397163219 0:CAM_LKAS]
[27.407573896 0:CAM_LKAS]
[27.417763219 0:CAM_LKAS]
[27.427189365 0:CAM_LKAS]
[27.437862438 0:CAM_LKAS]
[27.447899 0:CAM_LKAS]
[27.456889729 0:CAM_LKAS]
[27.467089 0:CAM_LKAS]
[27.477197437 0:CAM_LKAS]
[27.487967125 0:CAM_LKAS]
[27.498100094 0:CAM_LKAS]
[27.507091187 0:CAM_LKAS]
[27.517441865 0:CAM_LKAS]
[27.527278062 0:CAM_LKAS]
[27.537694417 0:CAM_LKAS]
[27.547804833 0:CAM_LKAS]
[27.558124312 0:CAM_LKAS]
[27.567487542 0:CAM_LKAS]
[27.577521917 0:CAM_LKAS]
[27.588056031 0:CAM_LKAS]
[27.59694926 0:CAM_LKAS]
[27.607277021 0:CAM_LKAS]
[27.617426031 0:CAM_LKAS]
[27.628081031 0:CAM_LKAS]
[27.637240979 0:CAM_LKAS]
[27.647462021 0:CAM_LKAS]
[27.65755249 0:CAM_LKAS]
[27.667745667 0:CAM_LKAS]
[27.677967802 0:CAM_LKAS]
[27.688588687 0:CAM_LKAS]
[27.697465927 0:CAM_LKAS]
[27.70773676 0:CAM_LKAS]
[27.717916135 0:CAM_LKAS]
[27.7274565 0:CAM_LKAS]
[27.738091604 0:CAM_LKAS]
[27.74795801 0:CAM_LKAS]
[27.757042698 0:CAM_LKAS]
[27.767425823 0:CAM_LKAS]
[27.777468271 0:CAM_LKAS]
[27.788109469 0:CAM_LKAS]
[27.797070458 0:CAM_LANEINFO]
[27.797070458 0:CAM_LKAS]
[27.807320614 0:CAM_LKAS]
[27.817654833 0:CAM_LKAS]
[27.828310771 0:CAM_LKAS]
[27.837726864 0:CAM_LKAS]
[27.847748427 0:CAM_LKAS]
[27.858019781 0:CAM_LKAS]
[27.867245979 0:CAM_LKAS]
[27.878142906 0:CAM_LKAS]
[27.887823375 0:CAM_LKAS]
[27.897859417 0:CAM_LKAS]
[27.906924781 0:CAM_LKAS]
[27.917094 0:CAM_LKAS]
[27.9274415 0:CAM_LKAS]
[27.938476864 0:CAM_LKAS]
[27.947375823 0:CAM_LKAS]
[27.957395094 0:CAM_LKAS]
[27.96759176 0:CAM_LKAS]
[27.977757437 0:CAM_LKAS]
[27.98826301 0:CAM_LKAS]
[27.997222437 0:CAM_LKAS]
[28.007684781 0:CAM_LKAS]
[28.017792177 0:CAM_LKAS]
[28.027921708 0:CAM_LKAS]
[28.038383896 0:CAM_LKAS]
[28.047396604 0:CAM_LKAS]
[28.057477385 0:CAM_LKAS]
[28.067816344 0:CAM_LKAS]
[28.077935198 0:CAM_LKAS]
[28.087659312 0:CAM_LKAS]
[28.097369521 0:CAM_LKAS]
[28.107780979 0:CAM_LKAS]
[28.117881187 0:CAM_LKAS]
[28.127339052 0:CAM_LKAS]
[28.138092385 0:CAM_LKAS]
[28.148039573 0:CAM_LKAS]
[28.157033739 0:CAM_LKAS]
[28.167409885 0:CAM_LKAS]
[28.177469104 0:CAM_LKAS]
[28.188335562 0:CAM_LKAS]
[28.197101968 0:CAM_LKAS]
[28.207323062 0:CAM_LKAS]
[28.217537333 0:CAM_LKAS]
[28.227900146 0:CAM_LKAS]
[28.237463271 0:CAM_LKAS]
[28.247535198 0:CAM_LKAS]
[28.257773948 0:CAM_LKAS]
[28.268157021 0:CAM_LKAS]
[28.277227229 0:CAM_LKAS]
[28.288009833 0:CAM_LKAS]
[28.298002646 0:CAM_LANEINFO]
[28.298002646 0:CAM_LKAS]
[28.307083427 0:CAM_LKAS]
[28.317272646 0:CAM_LKAS]
[28.327683323 0:CAM_LKAS]
[28.338146187 0:CAM_LKAS]
[28.347205406 0:CAM_LKAS]
[28.35729426 0:CAM_LKAS]
[28.367740406 0:CAM_LKAS]
[28.377825041 0:CAM_LKAS]
[28.388333791 0:CAM_LKAS]
[28.397293323 0:CAM_LKAS]
[28.407675093 0:CAM_LKAS]
[28.417801864 0:CAM_LKAS]
[28.427211968 0:CAM_LKAS]
[28.437675354 0:CAM_LKAS]
[28.447769625 0:CAM_LKAS]
[28.457990458 0:CAM_LKAS]
[28.467140354 0:CAM_LKAS]
[28.477219573 0:CAM_LKAS]
[28.488051916 0:CAM_LKAS]
[28.496886916 0:CAM_LKAS]
[28.507175823 0:CAM_LKAS]
[28.517414937 0:CAM_LKAS]
[28.527383479 0:CAM_LKAS]
[28.537577125 0:CAM_LKAS]
[28.547741239 0:CAM_LKAS]
[28.557993218 0:CAM_LKAS]
[28.567229729 0:CAM_LKAS]
[28.577633687 0:CAM_LKAS]
[28.58801827 0:CAM_LKAS]
[28.597174937 0:CAM_LKAS]
[28.607154572 0:CAM_LKAS]
[28.617276916 0:CAM_LKAS]
[28.627746708 0:CAM_LKAS]
[28.637992177 0:CAM_LKAS]
[28.647123687 0:CAM_LKAS]
[28.657272072 0:CAM_LKAS]
[28.667655145 0:CAM_LKAS]
[28.677725927 0:CAM_LKAS]
[28.688264729 0:CAM_LKAS]
[28.69734275 0:CAM_LKAS]
[28.707738322 0:CAM_LKAS]
[28.717936291 0:CAM_LKAS]
[28.727336604 0:CAM_LKAS]
[28.737560197 0:CAM_LKAS]
[28.747829937 0:CAM_LKAS]
[28.757985041 0:CAM_LKAS]
[28.767325302 0:CAM_LKAS]
[28.777298322 0:CAM_LKAS]
[28.788188322 0:CAM_LKAS]
[28.797026499 0:CAM_LANEINFO]
[28.797026499 0:CAM_LKAS]
[28.807231968 0:CAM_LKAS]
[28.81744051 0:CAM_LKAS]
[28.827899989 0:CAM_LKAS]
[28.83819827 0:CAM_LKAS]
[28.847444312 0:CAM_LKAS]
[28.857642437 0:CAM_LKAS]
[28.867804312 0:CAM_LKAS]
[28.878169833 0:CAM_LKAS]
[28.888091812 0:CAM_LKAS]
[28.897891499 0:CAM_LKAS]
[28.908036604 0:CAM_LKAS]
[28.917225041 0:CAM_LKAS]
[28.927771187 0:CAM_LKAS]
[28.937956447 0:CAM_LKAS]
[28.948072854 0:CAM_LKAS]
[28.957118218 0:CAM_LKAS]
[28.967438166 0:CAM_LKAS]
[28.977364833 0:CAM_LKAS]
[28.988148583 0:CAM_LKAS]
[28.99673301 0:CAM_LKAS]
[29.007351239 0:CAM_LKAS]
[29.017453062 0:CAM_LKAS]
[29.027398114 0:CAM_LKAS]
[29.037947229 0:CAM_LKAS]
[29.047955718 0:CAM_LKAS]
[29.057121968 0:CAM_LKAS]
[29.067412645 0:CAM_LKAS]
[29.077427593 0:CAM_LKAS]
[29.088214729 0:CAM_LKAS]
[29.09699051 0:CAM_LKAS]
[29.107287072 0:CAM_LKAS]
[29.117543999 0:CAM_LKAS]
[29.127145041 0:CAM_LKAS]
[29.137599416 0:CAM_LKAS]
[29.147650197 0:CAM_LKAS]
[29.157872437 0:CAM_LKAS]
[29.166961968 0:CAM_LKAS]
[29.177069104 0:CAM_LKAS]
[29.187953062 0:CAM_LKAS]
[29.197660614 0:CAM_LKAS]
[29.207826656 0:CAM_LKAS]
[29.218217801 0:CAM_LKAS]
[29.227440041 0:CAM_LKAS]
[29.237703687 0:CAM_LKAS]
[29.247850145 0:CAM_LKAS]
[29.256862228 0:CAM_LKAS]
[29.267255822 0:CAM_LKAS]
[29.277293687 0:CAM_LKAS]
[29.288471864 0:CAM_LKAS]
[29.297129624 0:CAM_LANEINFO]
[29.297129624 0:CAM_LKAS]
[29.307398739 0:CAM_LKAS]
[29.317708999 0:CAM_LKAS]
[29.327220458 0:CAM_LKAS]
[29.337586031 0:CAM_LKAS]
[29.347844468 0:CAM_LKAS]
[29.357831812 0:CAM_LKAS]
[29.366975978 0:CAM_LKAS]
[29.377602853 0:CAM_LKAS]
[29.38846452 0:CAM_LKAS]
[29.397197489 0:CAM_LKAS]
[29.407625978 0:CAM_LKAS]
[29.417859312 0:CAM_LKAS]
[29.427218999 0:CAM_LKAS]
[29.437670197 0:CAM_LKAS]
[29.447774208 0:CAM_LKAS]
[29.45788353 0:CAM_LKAS]
[29.46703827 0:CAM_LKAS]
[29.47708353 0:CAM_LKAS]
[29.488347124 0:CAM_LKAS]
[29.497772228 0:CAM_LKAS]
[29.50701926 0:CAM_LKAS]
[29.517267645 0:CAM_LKAS]
[29.527296708 0:CAM_LKAS]
[29.537824572 0:CAM_LKAS]
[29.547729416 0:CAM_LKAS]
[29.557977853 0:CAM_LKAS]
[29.567235041 0:CAM_LKAS]
[29.577272124 0:CAM_LKAS]
[29.588017072 0:CAM_LKAS]
[29.597827749 0:CAM_LKAS]
[29.607123583 0:CAM_LKAS]
[29.61742103 0:CAM_LKAS]
[29.62793978 0:CAM_LKAS]
[29.638130458 0:CAM_LKAS]
[29.647271291 0:CAM_LKAS]
[29.657277853 0:CAM_LKAS]
[29.667707489 0:CAM_LKAS]
[29.677751655 0:CAM_LKAS]
[29.688520041 0:CAM_LKAS]
[29.697342437 0:CAM_LKAS]
[29.70762176 0:CAM_LKAS]
[29.717880405 0:CAM_LKAS]
[29.727399468 0:CAM_LKAS]
[29.737706082 0:CAM_LKAS]
[29.747891603 0:CAM_LKAS]
[29.75711301 0:CAM_LKAS]
[29.767540614 0:CAM_LKAS]
[29.777548218 0:CAM_LKAS]
[29.788658062 0:CAM_LKAS]
[29.797279468 0:CAM_LANEINFO]
[29.797279468 0:CAM_LKAS]
[29.80753176 0:CAM_LKAS]
[29.817668218 0:CAM_LKAS]
[29.828054364 0:CAM_LKAS]
[29.837627385 0:CAM_LKAS]
[29.847755353 0:CAM_LKAS]
[29.85791327 0:CAM_LKAS]
[29.867177957 0:CAM_LKAS]
[29.877167645 0:CAM_LKAS]
[29.888003947 0:CAM_LKAS]
[29.898039051 0:CAM_LKAS]
[29.907092697 0:CAM_LKAS]
[29.917390093 0:CAM_LKAS]
[29.927947437 0:CAM_LKAS]
[29.938309624 0:CAM_LKAS]
[29.947328739 0:CAM_LKAS]
[29.957566082 0:CAM_LKAS]
[29.967787437 0:CAM_LKAS]
[29.978118895 0:CAM_LKAS]
[29.98782202 0:CAM_LKAS]
[29.997422228 0:CAM_LKAS]
[30.007712905 0:CAM_LKAS]
[30.017970718 0:CAM_LKAS]
[30.027856291 0:CAM_LKAS]
[30.037480822 0:CAM_LKAS]
[30.047653166 0:CAM_LKAS]
[30.05770952 0:CAM_LKAS]
[30.068060666 0:CAM_LKAS]
[30.077117124 0:CAM_LKAS]
[30.088020301 0:CAM_LKAS]
[30.097768999 0:CAM_LKAS]
[30.107951134 0:CAM_LKAS]
[30.117228739 0:CAM_LKAS]
[30.127794832 0:CAM_LKAS]
[30.137870666 0:CAM_LKAS]
[30.147247436 0:CAM_LKAS]
[30.157418374 0:CAM_LKAS]
[30.16768478 0:CAM_LKAS]
[30.177992853 0:CAM_LKAS]
[30.187430249 0:CAM_LKAS]
[30.198157853 0:CAM_LKAS]
[30.207591186 0:CAM_LKAS]
[30.217859103 0:CAM_LKAS]
[30.227426759 0:CAM_LKAS]
[30.237986499 0:CAM_LKAS]
[30.247875874 0:CAM_LKAS]
[30.256963009 0:CAM_LKAS]
[30.267263426 0:CAM_LKAS]
[30.277377072 0:CAM_LKAS]
[30.288238739 0:CAM_LKAS]
[30.297092176 0:CAM_LANEINFO]
[30.297092176 0:CAM_LKAS]
[30.307602124 0:CAM_LKAS]
[30.317740093 0:CAM_LKAS]
[30.32714103 0:CAM_LKAS]
[30.337641134 0:CAM_LKAS]
[30.34779827 0:CAM_LKAS]
[30.357917541 0:CAM_LKAS]
[30.367058582 0:CAM_LKAS]
[30.377158738 0:CAM_LKAS]
[30.388068895 0:CAM_LKAS]
[30.398037176 0:CAM_LKAS]
[30.407154572 0:CAM_LKAS]
[30.417194051 0:CAM_LKAS]
[30.427878999 0:CAM_LKAS]
[30.438296707 0:CAM_LKAS]
[30.447325509 0:CAM_LKAS]
[30.457363791 0:CAM_LKAS]
[30.467599936 0:CAM_LKAS]
[30.477764051 0:CAM_LKAS]
[30.488597697 0:CAM_LKAS]
[30.497622749 0:CAM_LKAS]
[30.507816499 0:CAM_LKAS]
[30.518034572 0:CAM_LKAS]
[30.527740561 0:CAM_LKAS]
[30.538642853 0:CAM_LKAS]
[30.547353843 0:CAM_LKAS]
[30.557597905 0:CAM_LKAS]
[30.567823009 0:CAM_LKAS]
[30.578042384 0:CAM_LKAS]
[30.588088374 0:CAM_LKAS]
[30.59757452 0:CAM_LKAS]
[30.607724676 0:CAM_LKAS]
[30.618148582 0:CAM_LKAS]
[30.627460978 0:CAM_LKAS]
[30.637752072 0:CAM_LKAS]
[30.647841707 0:CAM_LKAS]
[30.656897176 0:CAM_LKAS]
[30.667272176 0:CAM_LKAS]
[30.677294103 0:CAM_LKAS]
[30.68825004 0:CAM_LKAS]
[30.69693629 0:CAM_LKAS]
[30.707273634 0:CAM_LKAS]
[30.717369259 0:CAM_LKAS]
[30.727929468 0:CAM_LKAS]
[30.737289988 0:CAM_LKAS]
[30.747407488 0:CAM_LKAS]
[30.757518478 0:CAM_LKAS]
[30.767782072 0:CAM_LKAS]
[30.777868322 0:CAM_LKAS]
[30.788377957 0:CAM_LKAS]
[30.797512436 0:CAM_LANEINFO]
[30.797512436 0:CAM_LKAS]
[30.807565978 0:CAM_LKAS]
[30.81795202 0:CAM_LKAS]
[30.827232749 0:CAM_LKAS]
[30.837878374 0:CAM_LKAS]
[30.847763217 0:CAM_LKAS]
[30.858032957 0:CAM_LKAS]
[30.867405561 0:CAM_LKAS]
[30.877136863 0:CAM_LKAS]
[30.888055457 0:CAM_LKAS]
[30.897893947 0:CAM_LKAS]
[30.907016811 0:CAM_LKAS]
[30.91735353 0:CAM_LKAS]
[30.927671811 0:CAM_LKAS]
[30.938217332 0:CAM_LKAS]
[30.947076186 0:CAM_LKAS]
[30.957381707 0:CAM_LKAS]
[30.967555197 0:CAM_LKAS]
[30.977829832 0:CAM_LKAS]
[30.988540717 0:CAM_LKAS]
[30.997478738 0:CAM_LKAS]
[31.007702332 0:CAM_LKAS]
[31.01797004 0:CAM_LKAS]
[31.02789129 0:CAM_LKAS]
[31.038177957 0:CAM_LKAS]
[31.04729353 0:CAM_LKAS]
[31.057555457 0:CAM_LKAS]
[31.067929051 0:CAM_LKAS]
[31.076900249 0:CAM_LKAS]
[31.088048947 0:CAM_LKAS]
[31.09782228 0:CAM_LKAS]
[31.108103061 0:CAM_LKAS]
[31.117418738 0:CAM_LKAS]
[31.128137488 0:CAM_LKAS]
[31.137240197 0:CAM_LKAS]
[31.147233269 0:CAM_LKAS]
[31.157514624 0:CAM_LKAS]
[31.167624311 0:CAM_LKAS]
[31.177788478 0:CAM_LKAS]
[31.188369519 0:CAM_LKAS]
[31.197233426 0:CAM_LKAS]
[31.207490092 0:CAM_LKAS]
[31.217737905 0:CAM_LKAS]
[31.227228842 0:CAM_LKAS]
[31.238052019 0:CAM_LKAS]
[31.248083426 0:CAM_LKAS]
[31.257176446 0:CAM_LKAS]
[31.26736353 0:CAM_LKAS]
[31.277586863 0:CAM_LKAS]
[31.288179571 0:CAM_LKAS]
[31.297104728 0:CAM_LANEINFO]
[31.297104728 0:CAM_LKAS]
[31.307419363 0:CAM_LKAS]
[31.317797436 0:CAM_LKAS]
[31.327925144 0:CAM_LKAS]
[31.337517957 0:CAM_LKAS]
[31.347505926 0:CAM_LKAS]
[31.357702957 0:CAM_LKAS]
[31.367886603 0:CAM_LKAS]
[31.37701478 0:CAM_LKAS]
[31.387878165 0:CAM_LKAS]
[31.397869207 0:CAM_LKAS]
[31.406895196 0:CAM_LKAS]
[31.417044884 0:CAM_LKAS]
[31.427626082 0:CAM_LKAS]
[31.437939676 0:CAM_LKAS]
[31.447178946 0:CAM_LKAS]
[31.457352176 0:CAM_LKAS]
[31.467522176 0:CAM_LKAS]
[31.477816551 0:CAM_LKAS]
[31.488591342 0:CAM_LKAS]
[31.497390196 0:CAM_LKAS]
[31.50767728 0:CAM_LKAS]
[31.518031446 0:CAM_LKAS]
[31.527828738 0:CAM_LKAS]
[31.538418582 0:CAM_LKAS]
[31.547233373 0:CAM_LKAS]
[31.557572853 0:CAM_LKAS]
[31.567809519 0:CAM_LKAS]
[31.578312801 0:CAM_LKAS]
[31.587858686 0:CAM_LKAS]
[31.597730144 0:CAM_LKAS]
[31.607791655 0:CAM_LKAS]
[31.61709754 0:CAM_LKAS]
[31.627520196 0:CAM_LKAS]
[31.637967332 0:CAM_LKAS]
[31.647921446 0:CAM_LKAS]
[31.657167488 0:CAM_LKAS]
[31.667493894 0:CAM_LKAS]
[31.677714311 0:CAM_LKAS]
[31.688394363 0:CAM_LKAS]
[31.697252175 0:CAM_LKAS]
[31.707494155 0:CAM_LKAS]
[31.717714519 0:CAM_LKAS]
[31.727156238 0:CAM_LKAS]
[31.737769103 0:CAM_LKAS]
[31.747550561 0:CAM_LKAS]
[31.757799363 0:CAM_LKAS]
[31.768080978 0:CAM_LKAS]
[31.777359675 0:CAM_LKAS]
[31.787973217 0:CAM_LKAS]
[31.797958738 0:CAM_LANEINFO]
[31.797958738 0:CAM_LKAS]
[31.807026082 0:CAM_LKAS]
[31.817439207 0:CAM_LKAS]
[31.827643425 0:CAM_LKAS]
[31.838253113 0:CAM_LKAS]
[31.847257436 0:CAM_LKAS]
[31.857478061 0:CAM_LKAS]
[31.867758946 0:CAM_LKAS]
[31.87824629 0:CAM_LKAS]
[31.887729467 0:CAM_LKAS]
[31.897847071 0:CAM_LKAS]
[31.907857852 0:CAM_LKAS]
[31.91697405 0:CAM_LKAS]
[31.92728405 0:CAM_LKAS]
[31.937799675 0:CAM_LKAS]
[31.9478003 0:CAM_LKAS]
[31.958103946 0:CAM_LKAS]
[31.9672528 0:CAM_LKAS]
[31.977595405 0:CAM_LKAS]
[31.988076342 0:CAM_LKAS]
[31.997432123 0:CAM_LKAS]
[32.007419571 0:CAM_LKAS]
[32.017489936 0:CAM_LKAS]
[32.02753655 0:CAM_LKAS]
[32.038012488 0:CAM_LKAS]
[32.047962384 0:CAM_LKAS]
[32.057132019 0:CAM_LKAS]
[32.067262332 0:CAM_LKAS]
[32.077538373 0:CAM_LKAS]
[32.088275457 0:CAM_LKAS]
[32.097247748 0:CAM_LKAS]
[32.107596446 0:CAM_LKAS]
[32.117814207 0:CAM_LKAS]
[32.127046863 0:CAM_LKAS]
[32.137783113 0:CAM_LKAS]
[32.147593477 0:CAM_LKAS]
[32.157962852 0:CAM_LKAS]
[32.167253217 0:CAM_LKAS]
[32.177564154 0:CAM_LKAS]
[32.188185873 0:CAM_LKAS]
[32.197188373 0:CAM_LKAS]
[32.207291394 0:CAM_LKAS]
[32.217616238 0:CAM_LKAS]
[32.227806342 0:CAM_LKAS]
[32.238485717 0:CAM_LKAS]
[32.24749405 0:CAM_LKAS]
[32.257585144 0:CAM_LKAS]
[32.267784727 0:CAM_LKAS]
[32.278109415 0:CAM_LKAS]
[32.287943634 0:CAM_LKAS]
[32.297903738 0:CAM_LANEINFO]
[32.297903738 0:CAM_LKAS]
[32.311205144 0:CAM_LKAS]
[32.317473686 0:CAM_LKAS]
[32.327997331 0:CAM_LKAS]
[32.337518477 0:CAM_LKAS]
[32.347493321 0:CAM_LKAS]
[32.357722123 0:CAM_LKAS]
[32.36785655 0:CAM_LKAS]
[32.376917019 0:CAM_LKAS]
[32.38796629 0:CAM_LKAS]
[32.397783529 0:CAM_LKAS]
[32.408061967 0:CAM_LKAS]
[32.417208321 0:CAM_LKAS]
[32.427647331 0:CAM_LKAS]
[32.438090873 0:CAM_LKAS]
[32.447061446 0:CAM_LKAS]
[32.457365352 0:CAM_LKAS]
[32.467604415 0:CAM_LKAS]
[32.478066654 0:CAM_LKAS]
[32.488086186 0:CAM_LKAS]
[32.497729988 0:CAM_LKAS]
[32.507776811 0:CAM_LKAS]
[32.517234727 0:CAM_LKAS]
[32.526969206 0:CAM_LKAS]
[32.537712383 0:CAM_LKAS]
[32.547535352 0:CAM_LKAS]
[32.557964519 0:CAM_LKAS]
[32.567079779 0:CAM_LKAS]
[32.577330821 0:CAM_LKAS]
[32.588084936 0:CAM_LKAS]
[32.596829206 0:CAM_LKAS]
[32.607170456 0:CAM_LKAS]
[32.617260196 0:CAM_LKAS]
[32.62782504 0:CAM_LKAS]
[32.638138686 0:CAM_LKAS]
[32.647176811 0:CAM_LKAS]
[32.657619623 0:CAM_LKAS]
[32.667760248 0:CAM_LKAS]
[32.67808129 0:CAM_LKAS]
[32.687764311 0:CAM_LKAS]
[32.697724779 0:CAM_LKAS]
[32.707842071 0:CAM_LKAS]
[32.718176185 0:CAM_LKAS]
[32.727705352 0:CAM_LKAS]
[32.738381863 0:CAM_LKAS]
[32.747347696 0:CAM_LKAS]
[32.757500717 0:CAM_LKAS]
[32.767606602 0:CAM_LKAS]
[32.777883581 0:CAM_LKAS]
[32.788364258 0:CAM_LKAS]
[32.797464935 0:CAM_LANEINFO]
[32.797464935 0:CAM_LKAS]
[32.807592592 0:CAM_LKAS]
[32.817989623 0:CAM_LKAS]
[32.827317904 0:CAM_LKAS]
[32.838363477 0:CAM_LKAS]
[32.847972383 0:CAM_LKAS]
[32.857296863 0:CAM_LKAS]
[32.867410196 0:CAM_LKAS]
[32.87732405 0:CAM_LKAS]
[32.888000821 0:CAM_LKAS]
[32.89804806 0:CAM_LKAS]
[32.907008165 0:CAM_LKAS]
[32.917113998 0:CAM_LKAS]
[32.9276303 0:CAM_LKAS]
[32.938630925 0:CAM_LKAS]
[32.947179362 0:CAM_LKAS]
[32.957383529 0:CAM_LKAS]
[32.967665404 0:CAM_LKAS]
[32.977770769 0:CAM_LKAS]
[32.988444987 0:CAM_LKAS]
[32.99731181 0:CAM_LKAS]
[33.007644519 0:CAM_LKAS]
[33.017955144 0:CAM_LKAS]
[33.027703477 0:CAM_LKAS]
[33.038368737 0:CAM_LKAS]
[33.047291029 0:CAM_LKAS]
[33.057654571 0:CAM_LKAS]
[33.067749571 0:CAM_LKAS]
[33.078023685 0:CAM_LKAS]
[33.087829623 0:CAM_LKAS]
[33.097400352 0:CAM_LKAS]
[33.107716915 0:CAM_LKAS]
[33.118000456 0:CAM_LKAS]
[33.12732504 0:CAM_LKAS]
[33.137854987 0:CAM_LKAS]
[33.147884258 0:CAM_LKAS]
[33.158089675 0:CAM_LKAS]
[33.167330717 0:CAM_LKAS]
[33.177630977 0:CAM_LKAS]
[33.188353112 0:CAM_LKAS]
[33.197290717 0:CAM_LKAS]
[33.207362644 0:CAM_LKAS]
[33.217636342 0:CAM_LKAS]
[33.226951758 0:CAM_LKAS]
[33.237697435 0:CAM_LKAS]
[33.247580821 0:CAM_LKAS]
[33.258058894 0:CAM_LKAS]
[33.267236133 0:CAM_LKAS]
[33.277411133 0:CAM_LKAS]
[33.287933529 0:CAM_LKAS]
[33.297801185 0:CAM_LANEINFO]
[33.297801185 0:CAM_LKAS]
[33.307412279 0:CAM_LKAS]
[33.317610508 0:CAM_LKAS]
[33.328013685 0:CAM_LKAS]
[33.33761681 0:CAM_LKAS]
[33.347357904 0:CAM_LKAS]
[33.357588269 0:CAM_LKAS]
[33.367973112 0:CAM_LKAS]
[33.378178946 0:CAM_LKAS]
[33.387819154 0:CAM_LKAS]
[33.397594258 0:CAM_LKAS]
[33.407764102 0:CAM_LKAS]
[33.416955977 0:CAM_LKAS]
[33.42749931 0:CAM_LKAS]
[33.438206706 0:CAM_LKAS]
[33.448060352 0:CAM_LKAS]
[33.457236966 0:CAM_LKAS]
[33.467610977 0:CAM_LKAS]
[33.477819675 0:CAM_LKAS]
[33.488486654 0:CAM_LKAS]
[33.49745155 0:CAM_LKAS]
[33.507584466 0:CAM_LKAS]
[33.517821706 0:CAM_LKAS]
[33.527475664 0:CAM_LKAS]
[33.537968321 0:CAM_LKAS]
[33.546776237 0:CAM_LKAS]
[33.557101706 0:CAM_LKAS]
[33.567362383 0:CAM_LKAS]
[33.577674519 0:CAM_LKAS]
[33.588420977 0:CAM_LKAS]
[33.597350612 0:CAM_LKAS]
[33.607464727 0:CAM_LKAS]
[33.617848893 0:CAM_LKAS]
[33.627081393 0:CAM_LKAS]
[33.637703946 0:CAM_LKAS]
[33.647540039 0:CAM_LKAS]
[33.657841654 0:CAM_LKAS]
[33.667100612 0:CAM_LKAS]
[33.677474206 0:CAM_LKAS]
[33.688422696 0:CAM_LKAS]
[33.697271341 0:CAM_LKAS]
[33.707414727 0:CAM_LKAS]
[33.717655768 0:CAM_LKAS]
[33.727893893 0:CAM_LKAS]
[33.737536185 0:CAM_LKAS]
[33.747497435 0:CAM_LKAS]
[33.757595716 0:CAM_LKAS]
[33.767763008 0:CAM_LKAS]
[33.778113268 0:CAM_LKAS]
[33.787958737 0:CAM_LKAS]
[33.797715456 0:CAM_LANEINFO]
[33.797715456 0:CAM_LKAS]
[33.807997331 0:CAM_LKAS]
[33.816982852 0:CAM_LKAS]
[33.827667175 0:CAM_LKAS]
[33.838374779 0:CAM_LKAS]
[33.847087331 0:CAM_LKAS]
[33.85745582 0:CAM_LKAS]
[33.867736029 0:CAM_LKAS]
[33.877995039 0:CAM_LKAS]
[33.887678268 0:CAM_LKAS]
[33.897745456 0:CAM_LKAS]
[33.907676706 0:CAM_LKAS]
[33.918064518 0:CAM_LKAS]
[33.9274603 0:CAM_LKAS]
[33.93850905 0:CAM_LKAS]
[33.947880925 0:CAM_LKAS]
[33.957259623 0:CAM_LKAS]
[33.96746806 0:CAM_LKAS]
[33.97735431 0:CAM_LKAS]
[33.988150352 0:CAM_LKAS]
[33.996834623 0:CAM_LKAS]
[34.007275664 0:CAM_LKAS]
[34.017475873 0:CAM_LKAS]
[34.027195404 0:CAM_LKAS]
[34.03771832 0:CAM_LKAS]
[34.047671966 0:CAM_LKAS]
[34.057916445 0:CAM_LKAS]
[34.067174727 0:CAM_LKAS]
[34.077250716 0:CAM_LKAS]
[34.088026758 0:CAM_LKAS]
[34.0978703 0:CAM_LKAS]
[34.107128737 0:CAM_LKAS]
[34.117308008 0:CAM_LKAS]
[34.127652747 0:CAM_LKAS]
[34.138045925 0:CAM_LKAS]
[34.147034727 0:CAM_LKAS]
[34.157252487 0:CAM_LKAS]
[34.16749405 0:CAM_LKAS]
[34.177565247 0:CAM_LKAS]
[34.188420039 0:CAM_LKAS]
[34.197220404 0:CAM_LKAS]
[34.207384831 0:CAM_LKAS]
[34.217770872 0:CAM_LKAS]
[34.227020195 0:CAM_LKAS]
[34.237836654 0:CAM_LKAS]
[34.247755768 0:CAM_LKAS]
[34.258152643 0:CAM_LKAS]
[34.267296654 0:CAM_LKAS]
[34.277625195 0:CAM_LKAS]
[34.288330716 0:CAM_LKAS]
[34.297272279 0:CAM_LANEINFO]
[34.297272279 0:CAM_LKAS]
[34.307532331 0:CAM_LKAS]
[34.317708633 0:CAM_LKAS]
[34.327097591 0:CAM_LKAS]
[34.338149987 0:CAM_LKAS]
[34.347805247 0:CAM_LKAS]
[34.358040299 0:CAM_LKAS]
[34.36734457 0:CAM_LKAS]
[34.377492956 0:CAM_LKAS]
[34.38850332 0:CAM_LKAS]
[34.397247279 0:CAM_LKAS]
[34.407390404 0:CAM_LKAS]
[34.417590924 0:CAM_LKAS]
[34.428143112 0:CAM_LKAS]
[34.437701914 0:CAM_LKAS]
[34.447551289 0:CAM_LKAS]
[34.457769883 0:CAM_LKAS]
[34.468071706 0:CAM_LKAS]
[34.476951966 0:CAM_LKAS]
[34.487894935 0:CAM_LKAS]
[34.497802695 0:CAM_LKAS]
[34.507995247 0:CAM_LKAS]
[34.51714806 0:CAM_LKAS]
[34.528199935 0:CAM_LKAS]
[34.537823216 0:CAM_LKAS]
[34.547572226 0:CAM_LKAS]
[34.557877435 0:CAM_LKAS]
[34.567027174 0:CAM_LKAS]
[34.577261758 0:CAM_LKAS]
[34.588180143 0:CAM_LKAS]
[34.59678681 0:CAM_LKAS]
[34.607140768 0:CAM_LKAS]
[34.617078997 0:CAM_LKAS]
[34.627748529 0:CAM_LKAS]
[34.638053372 0:CAM_LKAS]
[34.647270351 0:CAM_LKAS]
[34.65747931 0:CAM_LKAS]
[34.66764556 0:CAM_LKAS]
[34.677961653 0:CAM_LKAS]
[34.688575664 0:CAM_LKAS]
[34.697455924 0:CAM_LKAS]
[34.707644414 0:CAM_LKAS]
[34.717847747 0:CAM_LKAS]
[34.727298789 0:CAM_LKAS]
[34.737763893 0:CAM_LKAS]
[34.747830195 0:CAM_LKAS]
[34.756919622 0:CAM_LKAS]
[34.767335872 0:CAM_LKAS]
[34.777287903 0:CAM_LKAS]
[34.788177695 0:CAM_LKAS]
[34.79707582 0:CAM_LANEINFO]
[34.79707582 0:CAM_LKAS]
[34.807308633 0:CAM_LKAS]
[34.817527747 0:CAM_LKAS]
[34.827861706 0:CAM_LKAS]
[34.838299883 0:CAM_LKAS]
[34.847418581 0:CAM_LKAS]
[34.85757957 0:CAM_LKAS]
[34.86778306 0:CAM_LKAS]
[34.877988164 0:CAM_LKAS]
[34.888153893 0:CAM_LKAS]
[34.897890508 0:CAM_LKAS]
[34.906990716 0:CAM_LKAS]
[34.917233268 0:CAM_LKAS]
[34.927568372 0:CAM_LKAS]
[34.938036028 0:CAM_LKAS]
[34.947995612 0:CAM_LKAS]
[34.957440612 0:CAM_LKAS]
[34.967562747 0:CAM_LKAS]
[34.977797226 0:CAM_LKAS]
[34.988742487 0:CAM_LKAS]
[34.997400403 0:CAM_LKAS]
[35.007714674 0:CAM_LKAS]
[35.017760924 0:CAM_LKAS]
[35.027857539 0:CAM_LKAS]
[35.038351653 0:CAM_LKAS]
[35.047231497 0:CAM_LKAS]
[35.057483841 0:CAM_LKAS]
[35.06779957 0:CAM_LKAS]
[35.077939987 0:CAM_LKAS]
[35.087744205 0:CAM_LKAS]
[35.097506185 0:CAM_LKAS]
[35.107851862 0:CAM_LKAS]
[35.118051862 0:CAM_LKAS]
[35.127243216 0:CAM_LKAS]
[35.138072487 0:CAM_LKAS]
[35.14792582 0:CAM_LKAS]
[35.157096914 0:CAM_LKAS]
[35.167281497 0:CAM_LKAS]
[35.177501185 0:CAM_LKAS]
[35.188191862 0:CAM_LKAS]
[35.196903632 0:CAM_LKAS]
[35.207172226 0:CAM_LKAS]
[35.217547278 0:CAM_LKAS]
[35.227807122 0:CAM_LKAS]
[35.238728424 0:CAM_LKAS]
[35.247222643 0:CAM_LKAS]
[35.257580612 0:CAM_LKAS]
[35.267796185 0:CAM_LKAS]
[35.27807082 0:CAM_LKAS]
[35.287868789 0:CAM_LKAS]
[35.297658632 0:CAM_LANEINFO]
[35.297658632 0:CAM_LKAS]
[35.307855664 0:CAM_LKAS]
[35.317225716 0:CAM_LKAS]
[35.32773306 0:CAM_LKAS]
[35.338221393 0:CAM_LKAS]
[35.34734957 0:CAM_LKAS]
[35.357530768 0:CAM_LKAS]
[35.367765507 0:CAM_LKAS]
[35.377841237 0:CAM_LKAS]
[35.388523945 0:CAM_LKAS]
[35.397610351 0:CAM_LKAS]
[35.40783457 0:CAM_LKAS]
[35.416995507 0:CAM_LKAS]
[35.427440768 0:CAM_LKAS]
[35.438012695 0:CAM_LKAS]
[35.447981653 0:CAM_LKAS]
[35.457156028 0:CAM_LKAS]
[35.467546237 0:CAM_LKAS]
[35.477758841 0:CAM_LKAS]
[35.488468112 0:CAM_LKAS]
[35.497244726 0:CAM_LKAS]
[35.507511809 0:CAM_LKAS]
[35.517717591 0:CAM_LKAS]
[35.527501809 0:CAM_LKAS]
[35.53803707 0:CAM_LKAS]
[35.547068945 0:CAM_LKAS]
[35.557416341 0:CAM_LKAS]
[35.567506705 0:CAM_LKAS]
[35.577831861 0:CAM_LKAS]
[35.588358736 0:CAM_LKAS]
[35.59740707 0:CAM_LKAS]
[35.607604986 0:CAM_LKAS]
[35.617934934 0:CAM_LKAS]
[35.627242226 0:CAM_LKAS]
[35.637758216 0:CAM_LKAS]
[35.647725299 0:CAM_LKAS]
[35.658024882 0:CAM_LKAS]
[35.667207018 0:CAM_LKAS]
[35.677187747 0:CAM_LKAS]
[35.688065559 0:CAM_LKAS]
[35.696928789 0:CAM_LKAS]
[35.707245611 0:CAM_LKAS]
[35.717394309 0:CAM_LKAS]
[35.728067799 0:CAM_LKAS]
[35.737516809 0:CAM_LKAS]
[35.74740358 0:CAM_LKAS]
[35.757555351 0:CAM_LKAS]
[35.767732434 0:CAM_LKAS]
[35.777873684 0:CAM_LKAS]
[35.787715038 0:CAM_LKAS]
[35.797472903 0:CAM_LANEINFO]
[35.797472903 0:CAM_LKAS]
[35.807773424 0:CAM_LKAS]
[35.818062018 0:CAM_LKAS]
[35.827235559 0:CAM_LKAS]
[35.837909622 0:CAM_LKAS]
[35.848089205 0:CAM_LKAS]
[35.857181288 0:CAM_LKAS]
[35.867458997 0:CAM_LKAS]
[35.87756082 0:CAM_LKAS]
[35.888128476 0:CAM_LKAS]
[35.896908945 0:CAM_LKAS]
[35.907325559 0:CAM_LKAS]
[35.91753108 0:CAM_LKAS]
[35.927914518 0:CAM_LKAS]
[35.937405403 0:CAM_LKAS]
[35.947182747 0:CAM_LKAS]
[35.957458007 0:CAM_LKAS]
[35.967824466 0:CAM_LKAS]
[35.978134778 0:CAM_LKAS]
[35.987851601 0:CAM_LKAS]
[35.997764622 0:CAM_LKAS]
[36.007768215 0:CAM_LKAS]
[36.018119726 0:CAM_LKAS]
[36.026960715 0:CAM_LKAS]
[36.037725143 0:CAM_LKAS]
[36.047462695 0:CAM_LKAS]
[36.057845924 0:CAM_LKAS]
[36.066911028 0:CAM_LKAS]
[36.076971601 0:CAM_LKAS]
[36.087874674 0:CAM_LKAS]
[36.097825559 0:CAM_LKAS]
[36.108132278 0:CAM_LKAS]
[36.117056028 0:CAM_LKAS]
[36.127728111 0:CAM_LKAS]
[36.138123945 0:CAM_LKAS]
[36.147160768 0:CAM_LKAS]
[36.15744832 0:CAM_LKAS]
[36.167801132 0:CAM_LKAS]
[36.17800082 0:CAM_LKAS]
[36.187872903 0:CAM_LKAS]
[36.197481705 0:CAM_LKAS]
[36.207643528 0:CAM_LKAS]
[36.217798528 0:CAM_LKAS]
[36.227324778 0:CAM_LKAS]
[36.238197903 0:CAM_LKAS]
[36.247751132 0:CAM_LKAS]
[36.258101809 0:CAM_LKAS]
[36.267082486 0:CAM_LKAS]
[36.277201653 0:CAM_LKAS]
[36.288128215 0:CAM_LKAS]
[36.297108528 0:CAM_LANEINFO]
[36.297108528 0:CAM_LKAS]
[36.307357017 0:CAM_LKAS]
[36.317692017 0:CAM_LKAS]
[36.326870715 0:CAM_LKAS]
[36.337656236 0:CAM_LKAS]
[36.347626913 0:CAM_LKAS]
[36.357975195 0:CAM_LKAS]
[36.366954778 0:CAM_LKAS]
[36.37725608 0:CAM_LKAS]
[36.38786009 0:CAM_LKAS]
[36.397823528 0:CAM_LKAS]
[36.406952226 0:CAM_LKAS]
[36.417210351 0:CAM_LKAS]
[36.427797278 0:CAM_LKAS]
[36.438395194 0:CAM_LKAS]
[36.447445559 0:CAM_LKAS]
[36.457549726 0:CAM_LKAS]
[36.467809101 0:CAM_LKAS]
[36.478077694 0:CAM_LKAS]
[36.487970351 0:CAM_LKAS]
[36.497720819 0:CAM_LKAS]
[36.507910976 0:CAM_LKAS]
[36.516907382 0:CAM_LKAS]
[36.52796983 0:CAM_LKAS]
[36.537637069 0:CAM_LKAS]
[36.547506184 0:CAM_LKAS]
[36.557734205 0:CAM_LKAS]
[36.567901809 0:CAM_LKAS]
[36.576975611 0:CAM_LKAS]
[36.587967747 0:CAM_LKAS]
[36.597861392 0:CAM_LKAS]
[36.608133997 0:CAM_LKAS]
[36.617201132 0:CAM_LKAS]
[36.627747799 0:CAM_LKAS]
[36.638143215 0:CAM_LKAS]
[36.647181496 0:CAM_LKAS]
[36.657582226 0:CAM_LKAS]
[36.667971132 0:CAM_LKAS]
[36.677247434 0:CAM_LKAS]
[36.687916236 0:CAM_LKAS]
[36.697777903 0:CAM_LKAS]
[36.706973736 0:CAM_LKAS]
[36.71707259 0:CAM_LKAS]
[36.727514726 0:CAM_LKAS]
[36.73809233 0:CAM_LKAS]
[36.748151392 0:CAM_LKAS]
[36.757324778 0:CAM_LKAS]
[36.767444621 0:CAM_LKAS]
[36.777513424 0:CAM_LKAS]
[36.788217903 0:CAM_LKAS]
[36.79720259 0:CAM_LANEINFO]
[36.79720259 0:CAM_LKAS]
[36.807470871 0:CAM_LKAS]
[36.817634465 0:CAM_LKAS]
[36.828139934 0:CAM_LKAS]
[36.837456496 0:CAM_LKAS]
[36.847497486 0:CAM_LKAS]
[36.857657642 0:CAM_LKAS]
[36.868013944 0:CAM_LKAS]
[36.877068632 0:CAM_LKAS]
[36.88802259 0:CAM_LKAS]
[36.89791509 0:CAM_LKAS]
[36.907079882 0:CAM_LKAS]
[36.917179934 0:CAM_LKAS]
[36.927836184 0:CAM_LKAS]
[36.937935351 0:CAM_LKAS]
[36.947086757 0:CAM_LKAS]
[36.95732884 0:CAM_LKAS]
[36.967505611 0:CAM_LKAS]
[36.977704153 0:CAM_LKAS]
[36.988445246 0:CAM_LKAS]
[36.997280559 0:CAM_LKAS]
[37.007468528 0:CAM_LKAS]
[37.017894153 0:CAM_LKAS]
[37.027634934 0:CAM_LKAS]
[37.038175559 0:CAM_LKAS]
[37.047061444 0:CAM_LKAS]
[37.057595923 0:CAM_LKAS]
[37.067556861 0:CAM_LKAS]
[37.077905611 0:CAM_LKAS]
[37.088328944 0:CAM_LKAS]
[37.09728259 0:CAM_LKAS]
[37.107546288 0:CAM_LKAS]
[37.117782017 0:CAM_LKAS]
[37.127068111 0:CAM_LKAS]
[37.137668996 0:CAM_LKAS]
[37.147526913 0:CAM_LKAS]
[37.157747121 0:CAM_LKAS]
[37.167951548 0:CAM_LKAS]
[37.177015871 0:CAM_LKAS]
[37.188267642 0:CAM_LKAS]
[37.198152017 0:CAM_LKAS]
[37.207172225 0:CAM_LKAS]
[37.217263319 0:CAM_LKAS]
[37.227914934 0:CAM_LKAS]
[37.23843384 0:CAM_LKAS]
[37.24737483 0:CAM_LKAS]
[37.25763509 0:CAM_LKAS]
[37.267681809 0:CAM_LKAS]
[37.278024465 0:CAM_LKAS]
[37.287810455 0:CAM_LKAS]
[37.29750535 0:CAM_LANEINFO]
[37.29750535 0:CAM_LKAS]
[37.307677694 0:CAM_LKAS]
[37.318073215 0:CAM_LKAS]
[37.327505194 0:CAM_LKAS]
[37.338211392 0:CAM_LKAS]
[37.34713884 0:CAM_LKAS]
[37.35730108 0:CAM_LKAS]
[37.367435402 0:CAM_LKAS]
[37.377811496 0:CAM_LKAS]
[37.388180611 0:CAM_LKAS]
[37.397322642 0:CAM_LKAS]
[37.407538111 0:CAM_LKAS]
[37.417928788 0:CAM_LKAS]
[37.427070559 0:CAM_LKAS]
[37.437995611 0:CAM_LKAS]
[37.447769621 0:CAM_LKAS]
[37.458020194 0:CAM_LKAS]
[37.467192694 0:CAM_LKAS]
